[12/19 13:38:00] [INFO] Número de usuários locais: 1
[12/19 13:38:00] [INFO] Tentando conectar ao daemon remoto:[b6fce8e5714a45578ed47f965d6262ce] [ws://localhost:24444/PC CASA]
[12/19 13:38:00] [INFO] Número de daemons remotos: 1
[12/19 13:38:00] [INFO] ==================================
[12/19 13:38:00] [INFO] O painel de controle foi iniciado
[12/19 13:38:00] [INFO] Projeto de Referência: https://github.com/mcsmanager
[12/19 13:38:00] [INFO] URL de Acesso: http://localhost:{{porta}}
[12/19 13:38:00] [INFO] O acesso público requer a abertura das portas 23333 e da porta do daemon.
[12/19 13:38:00] [INFO] Você pode usar o atalho Ctrl+C para fechar o programa
[12/19 13:38:00] [INFO] ==================================
[12/19 13:38:00] [INFO] Conectado ao daemon remoto [b6fce8e5714a45578ed47f965d6262ce] [ws://localhost:24444/PC CASA]
[12/19 13:38:00] [INFO] Configurar idioma do daemon (localhost:24444/PC CASA) language: pt_br
[12/19 13:38:00] [INFO] Validação da chave do daemon remoto [b6fce8e5714a45578ed47f965d6262ce] [localhost:24444] bem-sucedida
[12/19 13:38:02] [INFO] [HTTP] GET: http://localhost:23333/
[12/19 13:38:02] [INFO] [HTTP] IP: ::1 USER: undefined UUID: undefined
[12/19 13:38:02] [INFO] [HTTP] GET: http://localhost:23333/assets/ant-29992a7d.js
[12/19 13:38:02] [INFO] [HTTP] IP: ::1 USER: undefined UUID: undefined
[12/19 13:38:02] [INFO] [HTTP] GET: http://localhost:23333/assets/ant-25a63267.css
[12/19 13:38:02] [INFO] [HTTP] IP: ::1 USER: undefined UUID: undefined
[12/19 13:38:02] [INFO] [HTTP] GET: http://localhost:23333/assets/vue-e790828e.js
[12/19 13:38:02] [INFO] [HTTP] IP: ::1 USER: undefined UUID: undefined
[12/19 13:38:02] [INFO] [HTTP] GET: http://localhost:23333/assets/ant-es-8d8f5c96.js
[12/19 13:38:02] [INFO] [HTTP] IP: ::1 USER: undefined UUID: undefined
[12/19 13:38:02] [INFO] [HTTP] GET: http://localhost:23333/assets/index-64e20a3a.js
[12/19 13:38:02] [INFO] [HTTP] IP: ::1 USER: undefined UUID: undefined
[12/19 13:38:04] [INFO] [HTTP] GET: http://localhost:23333/api/auth/status
[12/19 13:38:04] [INFO] [HTTP] IP: ::1 USER: undefined UUID: undefined
[12/19 13:38:04] [INFO] [HTTP] GET: http://localhost:23333/assets/pt_BR-774fdffc.js
[12/19 13:38:04] [INFO] [HTTP] IP: ::1 USER: undefined UUID: undefined
[12/19 13:38:04] [INFO] [HTTP] GET: http://localhost:23333/assets/mount-51d7db67.js
[12/19 13:38:04] [INFO] [HTTP] IP: ::1 USER: undefined UUID: undefined
[12/19 13:38:04] [INFO] [HTTP] GET: http://localhost:23333/assets/echart-372a619d.js
[12/19 13:38:04] [INFO] [HTTP] IP: ::1 USER: undefined UUID: undefined
[12/19 13:38:04] [INFO] [HTTP] GET: http://localhost:23333/assets/zrender-bd06e061.js
[12/19 13:38:04] [INFO] [HTTP] IP: ::1 USER: undefined UUID: undefined
[12/19 13:38:04] [INFO] [HTTP] GET: http://localhost:23333/assets/xterm-a429e2b3.js
[12/19 13:38:04] [INFO] [HTTP] IP: ::1 USER: undefined UUID: undefined
[12/19 13:38:04] [INFO] [HTTP] GET: http://localhost:23333/assets/codemirror-df17d2c3.js
[12/19 13:38:04] [INFO] [HTTP] IP: ::1 USER: undefined UUID: undefined
[12/19 13:38:04] [INFO] [HTTP] GET: http://localhost:23333/assets/mount-167cc0e2.css
[12/19 13:38:04] [INFO] [HTTP] IP: ::1 USER: undefined UUID: undefined
[12/19 13:38:05] [INFO] [HTTP] GET: http://localhost:23333/assets/htmlparser2-be168f8e.js
[12/19 13:38:05] [INFO] [HTTP] IP: ::1 USER: undefined UUID: undefined
[12/19 13:38:05] [INFO] [HTTP] GET: http://localhost:23333/api/auth/
[12/19 13:38:05] [INFO] [HTTP] IP: ::1 USER: undefined UUID: undefined
[12/19 13:38:05] [INFO] [HTTP] GET: http://localhost:23333/assets/logo-586bf317.png
[12/19 13:38:05] [INFO] [HTTP] IP: ::1 USER: undefined UUID: undefined
[12/19 13:38:05] [INFO] [HTTP] GET: http://localhost:23333/api/auth/login_info
[12/19 13:38:05] [INFO] [HTTP] IP: ::1 USER: undefined UUID: undefined
[12/19 13:38:18] [INFO] [HTTP] POST: http://localhost:23333/api/auth/login
[12/19 13:38:18] [INFO] [HTTP] IP: ::1 USER: undefined UUID: undefined
[12/19 13:38:18] [INFO] [LOGIN] IP: ::1, Try login jonatasperaza failed!
[12/19 13:38:27] [INFO] [HTTP] POST: http://localhost:23333/api/auth/login
[12/19 13:38:27] [INFO] [HTTP] IP: ::1 USER: undefined UUID: undefined
[12/19 13:38:27] [INFO] [LOGIN] IP: ::1, Try login jonatasperaza failed!
[12/19 13:38:43] [INFO] [HTTP] POST: http://localhost:23333/api/auth/login
[12/19 13:38:43] [INFO] [HTTP] IP: ::1 USER: undefined UUID: undefined
[12/19 13:38:43] [INFO] [LOGIN] IP: ::1, Try login jonatassilvaperaza@gmail.com failed!
[12/19 13:38:50] [INFO] [HTTP] POST: http://localhost:23333/api/auth/login
[12/19 13:38:50] [INFO] [HTTP] IP: ::1 USER: undefined UUID: undefined
[12/19 13:38:50] [INFO] [LOGIN] IP: ::1, Try login jonatassilvaperaza@gmail.com failed!
[12/19 13:38:57] [INFO] [HTTP] POST: http://localhost:23333/api/auth/login
[12/19 13:38:57] [INFO] [HTTP] IP: ::1 USER: undefined UUID: undefined
[12/19 13:38:58] [INFO] ------ Evento de Login do Usuário ------
[12/19 13:38:58] [INFO] [LOGIN] IP: ::1 Login jonatasperaza successful!
[12/19 13:38:58] [INFO] [LOGIN] Token: caad06c1031c4483b5359389671935041734626338028
[12/19 13:38:58] [INFO] ------ Evento de Login do Usuário ------
[12/19 13:38:58] [INFO] [HTTP] GET: http://localhost:23333/api/auth/
[12/19 13:38:58] [INFO] [HTTP] IP: ::1 USER: jonatasperaza UUID: c9d4ed902ec647ac97fd80034d43db97
[12/19 13:39:04] [INFO] [HTTP] GET: http://localhost:23333/api/service/remote_services_list?token=caad06c1031c4483b5359389671935041734626338028
[12/19 13:39:04] [INFO] [HTTP] IP: ::1 USER: jonatasperaza UUID: c9d4ed902ec647ac97fd80034d43db97
[12/19 13:39:04] [INFO] [HTTP] GET: http://localhost:23333/api/service/remote_service_instances?daemonId=b6fce8e5714a45578ed47f965d6262ce&page=1&page_size=20&status=&instance_name=&tag=[]&token=caad06c1031c4483b5359389671935041734626338028
[12/19 13:39:04] [INFO] [HTTP] IP: ::1 USER: jonatasperaza UUID: c9d4ed902ec647ac97fd80034d43db97
[12/19 13:39:06] [INFO] [HTTP] POST: http://localhost:23333/api/protected_instance/stream_channel?daemonId=b6fce8e5714a45578ed47f965d6262ce&uuid=318f558b1a4e4f248a1ee39a8a954efb&token=caad06c1031c4483b5359389671935041734626338028
[12/19 13:39:06] [INFO] [HTTP] IP: ::1 USER: jonatasperaza UUID: c9d4ed902ec647ac97fd80034d43db97
[12/19 13:39:06] [INFO] [HTTP] GET: http://localhost:23333/api/instance?uuid=318f558b1a4e4f248a1ee39a8a954efb&daemonId=b6fce8e5714a45578ed47f965d6262ce&token=caad06c1031c4483b5359389671935041734626338028
[12/19 13:39:06] [INFO] [HTTP] IP: ::1 USER: jonatasperaza UUID: c9d4ed902ec647ac97fd80034d43db97
[12/19 13:39:06] [INFO] [HTTP] GET: http://localhost:23333/api/protected_instance/outputlog?uuid=318f558b1a4e4f248a1ee39a8a954efb&daemonId=b6fce8e5714a45578ed47f965d6262ce&token=caad06c1031c4483b5359389671935041734626338028
[12/19 13:39:06] [INFO] [HTTP] IP: ::1 USER: jonatasperaza UUID: c9d4ed902ec647ac97fd80034d43db97
[12/19 13:39:09] [INFO] [HTTP] GET: http://localhost:23333/api/instance?uuid=318f558b1a4e4f248a1ee39a8a954efb&daemonId=b6fce8e5714a45578ed47f965d6262ce&token=caad06c1031c4483b5359389671935041734626338028
[12/19 13:39:09] [INFO] [HTTP] IP: ::1 USER: jonatasperaza UUID: c9d4ed902ec647ac97fd80034d43db97
[12/19 13:39:12] [INFO] [HTTP] GET: http://localhost:23333/api/instance?uuid=318f558b1a4e4f248a1ee39a8a954efb&daemonId=b6fce8e5714a45578ed47f965d6262ce&token=caad06c1031c4483b5359389671935041734626338028
[12/19 13:39:12] [INFO] [HTTP] IP: ::1 USER: jonatasperaza UUID: c9d4ed902ec647ac97fd80034d43db97
[12/19 13:39:15] [INFO] [HTTP] GET: http://localhost:23333/api/instance?uuid=318f558b1a4e4f248a1ee39a8a954efb&daemonId=b6fce8e5714a45578ed47f965d6262ce&token=caad06c1031c4483b5359389671935041734626338028
[12/19 13:39:15] [INFO] [HTTP] IP: ::1 USER: jonatasperaza UUID: c9d4ed902ec647ac97fd80034d43db97
[12/19 13:39:18] [INFO] [HTTP] GET: http://localhost:23333/api/instance?uuid=318f558b1a4e4f248a1ee39a8a954efb&daemonId=b6fce8e5714a45578ed47f965d6262ce&token=caad06c1031c4483b5359389671935041734626338028
[12/19 13:39:18] [INFO] [HTTP] IP: ::1 USER: jonatasperaza UUID: c9d4ed902ec647ac97fd80034d43db97
