[12/28 00:30:54] [INFO] Número de usuários locais: 1
[12/28 00:30:54] [INFO] Tentando conectar ao daemon remoto:[b6fce8e5714a45578ed47f965d6262ce] [ws://localhost:24444/PC CASA]
[12/28 00:30:54] [INFO] Número de daemons remotos: 1
[12/28 00:30:54] [INFO] ==================================
[12/28 00:30:54] [INFO] O painel de controle foi iniciado
[12/28 00:30:54] [INFO] Projeto de Referência: https://github.com/mcsmanager
[12/28 00:30:54] [INFO] URL de Acesso: http://localhost:{{porta}}
[12/28 00:30:54] [INFO] O acesso público requer a abertura das portas 23333 e da porta do daemon.
[12/28 00:30:54] [INFO] Você pode usar o atalho Ctrl+C para fechar o programa
[12/28 00:30:54] [INFO] ==================================
[12/28 00:30:55] [INFO] Conectado ao daemon remoto [b6fce8e5714a45578ed47f965d6262ce] [ws://localhost:24444/PC CASA]
[12/28 00:30:55] [INFO] Configurar idioma do daemon (localhost:24444/PC CASA) language: pt_br
[12/28 00:30:55] [INFO] Validação da chave do daemon remoto [b6fce8e5714a45578ed47f965d6262ce] [localhost:24444] bem-sucedida
[12/28 00:31:06] [INFO] [HTTP] GET: http://localhost:23333/
[12/28 00:31:06] [INFO] [HTTP] IP: ::1 USER: undefined UUID: undefined
[12/28 00:31:06] [INFO] [HTTP] GET: http://localhost:23333/assets/index-64e20a3a.js
[12/28 00:31:06] [INFO] [HTTP] IP: ::1 USER: undefined UUID: undefined
[12/28 00:31:06] [INFO] [HTTP] GET: http://localhost:23333/assets/ant-29992a7d.js
[12/28 00:31:06] [INFO] [HTTP] IP: ::1 USER: undefined UUID: undefined
[12/28 00:31:06] [INFO] [HTTP] GET: http://localhost:23333/assets/vue-e790828e.js
[12/28 00:31:06] [INFO] [HTTP] IP: ::1 USER: undefined UUID: undefined
[12/28 00:31:06] [INFO] [HTTP] GET: http://localhost:23333/assets/ant-25a63267.css
[12/28 00:31:06] [INFO] [HTTP] IP: ::1 USER: undefined UUID: undefined
[12/28 00:31:06] [INFO] [HTTP] GET: http://localhost:23333/assets/ant-es-8d8f5c96.js
[12/28 00:31:06] [INFO] [HTTP] IP: ::1 USER: undefined UUID: undefined
[12/28 00:31:09] [INFO] [HTTP] GET: http://localhost:23333/api/auth/status
[12/28 00:31:09] [INFO] [HTTP] IP: ::1 USER: undefined UUID: undefined
[12/28 00:31:09] [INFO] [HTTP] GET: http://localhost:23333/assets/pt_BR-774fdffc.js
[12/28 00:31:09] [INFO] [HTTP] IP: ::1 USER: undefined UUID: undefined
[12/28 00:31:10] [INFO] [HTTP] GET: http://localhost:23333/assets/codemirror-df17d2c3.js
[12/28 00:31:10] [INFO] [HTTP] IP: ::1 USER: undefined UUID: undefined
[12/28 00:31:10] [INFO] [HTTP] GET: http://localhost:23333/assets/echart-372a619d.js
[12/28 00:31:10] [INFO] [HTTP] IP: ::1 USER: undefined UUID: undefined
[12/28 00:31:10] [INFO] [HTTP] GET: http://localhost:23333/assets/zrender-bd06e061.js
[12/28 00:31:10] [INFO] [HTTP] IP: ::1 USER: undefined UUID: undefined
[12/28 00:31:10] [INFO] [HTTP] GET: http://localhost:23333/assets/xterm-a429e2b3.js
[12/28 00:31:10] [INFO] [HTTP] IP: ::1 USER: undefined UUID: undefined
[12/28 00:31:10] [INFO] [HTTP] GET: http://localhost:23333/assets/htmlparser2-be168f8e.js
[12/28 00:31:10] [INFO] [HTTP] IP: ::1 USER: undefined UUID: undefined
[12/28 00:31:10] [INFO] [HTTP] GET: http://localhost:23333/assets/mount-167cc0e2.css
[12/28 00:31:10] [INFO] [HTTP] IP: ::1 USER: undefined UUID: undefined
[12/28 00:31:10] [INFO] [HTTP] GET: http://localhost:23333/assets/mount-51d7db67.js
[12/28 00:31:10] [INFO] [HTTP] IP: ::1 USER: undefined UUID: undefined
[12/28 00:31:16] [INFO] [HTTP] GET: http://localhost:23333/api/auth/
[12/28 00:31:16] [INFO] [HTTP] IP: ::1 USER: undefined UUID: undefined
[12/28 00:31:16] [INFO] [HTTP] GET: http://localhost:23333/assets/logo-586bf317.png
[12/28 00:31:16] [INFO] [HTTP] IP: ::1 USER: undefined UUID: undefined
[12/28 00:31:16] [INFO] [HTTP] GET: http://localhost:23333/api/auth/login_info
[12/28 00:31:16] [INFO] [HTTP] IP: ::1 USER: undefined UUID: undefined
[12/28 00:32:39] [INFO] [HTTP] POST: http://localhost:23333/api/auth/login
[12/28 00:32:39] [INFO] [HTTP] IP: ::1 USER: undefined UUID: undefined
[12/28 00:32:39] [INFO] ------ Evento de Login do Usuário ------
[12/28 00:32:39] [INFO] [LOGIN] IP: ::1 Login jonatasperaza successful!
[12/28 00:32:39] [INFO] [LOGIN] Token: 9e86e64e95264b5d970abcd6c4bb697b1735356759579
[12/28 00:32:39] [INFO] ------ Evento de Login do Usuário ------
[12/28 00:32:40] [INFO] [HTTP] GET: http://localhost:23333/api/auth/
[12/28 00:32:40] [INFO] [HTTP] IP: ::1 USER: jonatasperaza UUID: c9d4ed902ec647ac97fd80034d43db97
[12/28 00:32:55] [INFO] [HTTP] GET: http://localhost:23333/api/service/remote_services_list?token=9e86e64e95264b5d970abcd6c4bb697b1735356759579
[12/28 00:32:55] [INFO] [HTTP] IP: ::1 USER: jonatasperaza UUID: c9d4ed902ec647ac97fd80034d43db97
[12/28 00:32:55] [INFO] [HTTP] GET: http://localhost:23333/api/service/remote_service_instances?daemonId=b6fce8e5714a45578ed47f965d6262ce&page=1&page_size=20&status=&instance_name=&tag=[]&token=9e86e64e95264b5d970abcd6c4bb697b1735356759579
[12/28 00:32:55] [INFO] [HTTP] IP: ::1 USER: jonatasperaza UUID: c9d4ed902ec647ac97fd80034d43db97
[12/28 00:32:57] [INFO] [HTTP] POST: http://localhost:23333/api/protected_instance/stream_channel?daemonId=b6fce8e5714a45578ed47f965d6262ce&uuid=5ef0dbceb990427491f17789401c749e&token=9e86e64e95264b5d970abcd6c4bb697b1735356759579
[12/28 00:32:57] [INFO] [HTTP] IP: ::1 USER: jonatasperaza UUID: c9d4ed902ec647ac97fd80034d43db97
[12/28 00:32:57] [INFO] [HTTP] GET: http://localhost:23333/api/instance?uuid=5ef0dbceb990427491f17789401c749e&daemonId=b6fce8e5714a45578ed47f965d6262ce&token=9e86e64e95264b5d970abcd6c4bb697b1735356759579
[12/28 00:32:57] [INFO] [HTTP] IP: ::1 USER: jonatasperaza UUID: c9d4ed902ec647ac97fd80034d43db97
[12/28 00:32:57] [INFO] [HTTP] GET: http://localhost:23333/api/protected_instance/outputlog?uuid=5ef0dbceb990427491f17789401c749e&daemonId=b6fce8e5714a45578ed47f965d6262ce&token=9e86e64e95264b5d970abcd6c4bb697b1735356759579
[12/28 00:32:57] [INFO] [HTTP] IP: ::1 USER: jonatasperaza UUID: c9d4ed902ec647ac97fd80034d43db97
[12/28 00:33:00] [INFO] [HTTP] GET: http://localhost:23333/api/instance?uuid=5ef0dbceb990427491f17789401c749e&daemonId=b6fce8e5714a45578ed47f965d6262ce&token=9e86e64e95264b5d970abcd6c4bb697b1735356759579
[12/28 00:33:00] [INFO] [HTTP] IP: ::1 USER: jonatasperaza UUID: c9d4ed902ec647ac97fd80034d43db97
[12/28 00:33:03] [INFO] [HTTP] GET: http://localhost:23333/api/instance?uuid=5ef0dbceb990427491f17789401c749e&daemonId=b6fce8e5714a45578ed47f965d6262ce&token=9e86e64e95264b5d970abcd6c4bb697b1735356759579
[12/28 00:33:03] [INFO] [HTTP] IP: ::1 USER: jonatasperaza UUID: c9d4ed902ec647ac97fd80034d43db97
[12/28 00:33:06] [INFO] [HTTP] GET: http://localhost:23333/api/instance?uuid=5ef0dbceb990427491f17789401c749e&daemonId=b6fce8e5714a45578ed47f965d6262ce&token=9e86e64e95264b5d970abcd6c4bb697b1735356759579
[12/28 00:33:06] [INFO] [HTTP] IP: ::1 USER: jonatasperaza UUID: c9d4ed902ec647ac97fd80034d43db97
[12/28 00:33:09] [INFO] [HTTP] GET: http://localhost:23333/api/instance?uuid=5ef0dbceb990427491f17789401c749e&daemonId=b6fce8e5714a45578ed47f965d6262ce&token=9e86e64e95264b5d970abcd6c4bb697b1735356759579
[12/28 00:33:09] [INFO] [HTTP] IP: ::1 USER: jonatasperaza UUID: c9d4ed902ec647ac97fd80034d43db97
[12/28 00:33:10] [INFO] [HTTP] GET: http://localhost:23333/api/protected_instance/open?uuid=5ef0dbceb990427491f17789401c749e&daemonId=b6fce8e5714a45578ed47f965d6262ce&token=9e86e64e95264b5d970abcd6c4bb697b1735356759579
[12/28 00:33:10] [INFO] [HTTP] IP: ::1 USER: jonatasperaza UUID: c9d4ed902ec647ac97fd80034d43db97
[12/28 00:33:13] [INFO] [HTTP] GET: http://localhost:23333/api/instance?uuid=5ef0dbceb990427491f17789401c749e&daemonId=b6fce8e5714a45578ed47f965d6262ce&token=9e86e64e95264b5d970abcd6c4bb697b1735356759579
[12/28 00:33:13] [INFO] [HTTP] IP: ::1 USER: jonatasperaza UUID: c9d4ed902ec647ac97fd80034d43db97
[12/28 00:33:16] [INFO] [HTTP] GET: http://localhost:23333/api/instance?uuid=5ef0dbceb990427491f17789401c749e&daemonId=b6fce8e5714a45578ed47f965d6262ce&token=9e86e64e95264b5d970abcd6c4bb697b1735356759579
[12/28 00:33:16] [INFO] [HTTP] IP: ::1 USER: jonatasperaza UUID: c9d4ed902ec647ac97fd80034d43db97
[12/28 00:33:19] [INFO] [HTTP] GET: http://localhost:23333/api/instance?uuid=5ef0dbceb990427491f17789401c749e&daemonId=b6fce8e5714a45578ed47f965d6262ce&token=9e86e64e95264b5d970abcd6c4bb697b1735356759579
[12/28 00:33:19] [INFO] [HTTP] IP: ::1 USER: jonatasperaza UUID: c9d4ed902ec647ac97fd80034d43db97
[12/28 00:33:22] [INFO] [HTTP] GET: http://localhost:23333/api/instance?uuid=5ef0dbceb990427491f17789401c749e&daemonId=b6fce8e5714a45578ed47f965d6262ce&token=9e86e64e95264b5d970abcd6c4bb697b1735356759579
[12/28 00:33:22] [INFO] [HTTP] IP: ::1 USER: jonatasperaza UUID: c9d4ed902ec647ac97fd80034d43db97
[12/28 00:33:25] [INFO] [HTTP] GET: http://localhost:23333/api/instance?uuid=5ef0dbceb990427491f17789401c749e&daemonId=b6fce8e5714a45578ed47f965d6262ce&token=9e86e64e95264b5d970abcd6c4bb697b1735356759579
[12/28 00:33:25] [INFO] [HTTP] IP: ::1 USER: jonatasperaza UUID: c9d4ed902ec647ac97fd80034d43db97
[12/28 00:33:28] [INFO] [HTTP] GET: http://localhost:23333/api/instance?uuid=5ef0dbceb990427491f17789401c749e&daemonId=b6fce8e5714a45578ed47f965d6262ce&token=9e86e64e95264b5d970abcd6c4bb697b1735356759579
[12/28 00:33:28] [INFO] [HTTP] IP: ::1 USER: jonatasperaza UUID: c9d4ed902ec647ac97fd80034d43db97
[12/28 00:33:31] [INFO] [HTTP] GET: http://localhost:23333/api/instance?uuid=5ef0dbceb990427491f17789401c749e&daemonId=b6fce8e5714a45578ed47f965d6262ce&token=9e86e64e95264b5d970abcd6c4bb697b1735356759579
[12/28 00:33:31] [INFO] [HTTP] IP: ::1 USER: jonatasperaza UUID: c9d4ed902ec647ac97fd80034d43db97
[12/28 00:33:34] [INFO] [HTTP] GET: http://localhost:23333/api/instance?uuid=5ef0dbceb990427491f17789401c749e&daemonId=b6fce8e5714a45578ed47f965d6262ce&token=9e86e64e95264b5d970abcd6c4bb697b1735356759579
[12/28 00:33:34] [INFO] [HTTP] IP: ::1 USER: jonatasperaza UUID: c9d4ed902ec647ac97fd80034d43db97
[12/28 00:33:37] [INFO] [HTTP] GET: http://localhost:23333/api/instance?uuid=5ef0dbceb990427491f17789401c749e&daemonId=b6fce8e5714a45578ed47f965d6262ce&token=9e86e64e95264b5d970abcd6c4bb697b1735356759579
[12/28 00:33:37] [INFO] [HTTP] IP: ::1 USER: jonatasperaza UUID: c9d4ed902ec647ac97fd80034d43db97
[12/28 00:33:40] [INFO] [HTTP] GET: http://localhost:23333/api/instance?uuid=5ef0dbceb990427491f17789401c749e&daemonId=b6fce8e5714a45578ed47f965d6262ce&token=9e86e64e95264b5d970abcd6c4bb697b1735356759579
[12/28 00:33:40] [INFO] [HTTP] IP: ::1 USER: jonatasperaza UUID: c9d4ed902ec647ac97fd80034d43db97
[12/28 00:33:43] [INFO] [HTTP] GET: http://localhost:23333/api/instance?uuid=5ef0dbceb990427491f17789401c749e&daemonId=b6fce8e5714a45578ed47f965d6262ce&token=9e86e64e95264b5d970abcd6c4bb697b1735356759579
[12/28 00:33:43] [INFO] [HTTP] IP: ::1 USER: jonatasperaza UUID: c9d4ed902ec647ac97fd80034d43db97
[12/28 00:33:46] [INFO] [HTTP] GET: http://localhost:23333/api/instance?uuid=5ef0dbceb990427491f17789401c749e&daemonId=b6fce8e5714a45578ed47f965d6262ce&token=9e86e64e95264b5d970abcd6c4bb697b1735356759579
[12/28 00:33:46] [INFO] [HTTP] IP: ::1 USER: jonatasperaza UUID: c9d4ed902ec647ac97fd80034d43db97
[12/28 00:33:49] [INFO] [HTTP] GET: http://localhost:23333/api/instance?uuid=5ef0dbceb990427491f17789401c749e&daemonId=b6fce8e5714a45578ed47f965d6262ce&token=9e86e64e95264b5d970abcd6c4bb697b1735356759579
[12/28 00:33:49] [INFO] [HTTP] IP: ::1 USER: jonatasperaza UUID: c9d4ed902ec647ac97fd80034d43db97
[12/28 00:33:52] [INFO] [HTTP] GET: http://localhost:23333/api/instance?uuid=5ef0dbceb990427491f17789401c749e&daemonId=b6fce8e5714a45578ed47f965d6262ce&token=9e86e64e95264b5d970abcd6c4bb697b1735356759579
[12/28 00:33:52] [INFO] [HTTP] IP: ::1 USER: jonatasperaza UUID: c9d4ed902ec647ac97fd80034d43db97
[12/28 00:33:55] [INFO] [HTTP] GET: http://localhost:23333/api/instance?uuid=5ef0dbceb990427491f17789401c749e&daemonId=b6fce8e5714a45578ed47f965d6262ce&token=9e86e64e95264b5d970abcd6c4bb697b1735356759579
[12/28 00:33:55] [INFO] [HTTP] IP: ::1 USER: jonatasperaza UUID: c9d4ed902ec647ac97fd80034d43db97
[12/28 00:33:58] [INFO] [HTTP] GET: http://localhost:23333/api/instance?uuid=5ef0dbceb990427491f17789401c749e&daemonId=b6fce8e5714a45578ed47f965d6262ce&token=9e86e64e95264b5d970abcd6c4bb697b1735356759579
[12/28 00:33:58] [INFO] [HTTP] IP: ::1 USER: jonatasperaza UUID: c9d4ed902ec647ac97fd80034d43db97
[12/28 00:34:01] [INFO] [HTTP] GET: http://localhost:23333/api/instance?uuid=5ef0dbceb990427491f17789401c749e&daemonId=b6fce8e5714a45578ed47f965d6262ce&token=9e86e64e95264b5d970abcd6c4bb697b1735356759579
[12/28 00:34:01] [INFO] [HTTP] IP: ::1 USER: jonatasperaza UUID: c9d4ed902ec647ac97fd80034d43db97
[12/28 00:34:04] [INFO] [HTTP] GET: http://localhost:23333/api/instance?uuid=5ef0dbceb990427491f17789401c749e&daemonId=b6fce8e5714a45578ed47f965d6262ce&token=9e86e64e95264b5d970abcd6c4bb697b1735356759579
[12/28 00:34:04] [INFO] [HTTP] IP: ::1 USER: jonatasperaza UUID: c9d4ed902ec647ac97fd80034d43db97
[12/28 00:34:07] [INFO] [HTTP] GET: http://localhost:23333/api/instance?uuid=5ef0dbceb990427491f17789401c749e&daemonId=b6fce8e5714a45578ed47f965d6262ce&token=9e86e64e95264b5d970abcd6c4bb697b1735356759579
[12/28 00:34:07] [INFO] [HTTP] IP: ::1 USER: jonatasperaza UUID: c9d4ed902ec647ac97fd80034d43db97
[12/28 00:34:10] [INFO] [HTTP] GET: http://localhost:23333/api/instance?uuid=5ef0dbceb990427491f17789401c749e&daemonId=b6fce8e5714a45578ed47f965d6262ce&token=9e86e64e95264b5d970abcd6c4bb697b1735356759579
[12/28 00:34:10] [INFO] [HTTP] IP: ::1 USER: jonatasperaza UUID: c9d4ed902ec647ac97fd80034d43db97
[12/28 00:34:43] [INFO] [HTTP] GET: http://localhost:23333/api/instance?uuid=5ef0dbceb990427491f17789401c749e&daemonId=b6fce8e5714a45578ed47f965d6262ce&token=9e86e64e95264b5d970abcd6c4bb697b1735356759579
[12/28 00:34:43] [INFO] [HTTP] IP: ::1 USER: jonatasperaza UUID: c9d4ed902ec647ac97fd80034d43db97
[12/28 00:34:48] [INFO] [HTTP] GET: http://localhost:23333/api/instance?uuid=5ef0dbceb990427491f17789401c749e&daemonId=b6fce8e5714a45578ed47f965d6262ce&token=9e86e64e95264b5d970abcd6c4bb697b1735356759579
[12/28 00:34:48] [INFO] [HTTP] IP: ::1 USER: jonatasperaza UUID: c9d4ed902ec647ac97fd80034d43db97
[12/28 00:34:49] [INFO] [HTTP] GET: http://localhost:23333/api/environment/image?daemonId=b6fce8e5714a45578ed47f965d6262ce&token=9e86e64e95264b5d970abcd6c4bb697b1735356759579
[12/28 00:34:49] [INFO] [HTTP] IP: ::1 USER: jonatasperaza UUID: c9d4ed902ec647ac97fd80034d43db97
[12/28 00:34:49] [INFO] [HTTP] GET: http://localhost:23333/api/environment/networkModes?daemonId=b6fce8e5714a45578ed47f965d6262ce&token=9e86e64e95264b5d970abcd6c4bb697b1735356759579
[12/28 00:34:49] [INFO] [HTTP] IP: ::1 USER: jonatasperaza UUID: c9d4ed902ec647ac97fd80034d43db97
[12/28 00:34:51] [INFO] [HTTP] GET: http://localhost:23333/api/instance?uuid=5ef0dbceb990427491f17789401c749e&daemonId=b6fce8e5714a45578ed47f965d6262ce&token=9e86e64e95264b5d970abcd6c4bb697b1735356759579
[12/28 00:34:51] [INFO] [HTTP] IP: ::1 USER: jonatasperaza UUID: c9d4ed902ec647ac97fd80034d43db97
[12/28 00:34:54] [INFO] [HTTP] GET: http://localhost:23333/api/instance?uuid=5ef0dbceb990427491f17789401c749e&daemonId=b6fce8e5714a45578ed47f965d6262ce&token=9e86e64e95264b5d970abcd6c4bb697b1735356759579
[12/28 00:34:54] [INFO] [HTTP] IP: ::1 USER: jonatasperaza UUID: c9d4ed902ec647ac97fd80034d43db97
[12/28 00:34:57] [INFO] [HTTP] GET: http://localhost:23333/api/instance?uuid=5ef0dbceb990427491f17789401c749e&daemonId=b6fce8e5714a45578ed47f965d6262ce&token=9e86e64e95264b5d970abcd6c4bb697b1735356759579
[12/28 00:34:57] [INFO] [HTTP] IP: ::1 USER: jonatasperaza UUID: c9d4ed902ec647ac97fd80034d43db97
[12/28 00:35:00] [INFO] [HTTP] GET: http://localhost:23333/api/instance?uuid=5ef0dbceb990427491f17789401c749e&daemonId=b6fce8e5714a45578ed47f965d6262ce&token=9e86e64e95264b5d970abcd6c4bb697b1735356759579
[12/28 00:35:00] [INFO] [HTTP] IP: ::1 USER: jonatasperaza UUID: c9d4ed902ec647ac97fd80034d43db97
[12/28 00:35:03] [INFO] [HTTP] GET: http://localhost:23333/api/instance?uuid=5ef0dbceb990427491f17789401c749e&daemonId=b6fce8e5714a45578ed47f965d6262ce&token=9e86e64e95264b5d970abcd6c4bb697b1735356759579
[12/28 00:35:03] [INFO] [HTTP] IP: ::1 USER: jonatasperaza UUID: c9d4ed902ec647ac97fd80034d43db97
[12/28 00:35:06] [INFO] [HTTP] GET: http://localhost:23333/api/instance?uuid=5ef0dbceb990427491f17789401c749e&daemonId=b6fce8e5714a45578ed47f965d6262ce&token=9e86e64e95264b5d970abcd6c4bb697b1735356759579
[12/28 00:35:06] [INFO] [HTTP] IP: ::1 USER: jonatasperaza UUID: c9d4ed902ec647ac97fd80034d43db97
[12/28 00:35:09] [INFO] [HTTP] GET: http://localhost:23333/api/instance?uuid=5ef0dbceb990427491f17789401c749e&daemonId=b6fce8e5714a45578ed47f965d6262ce&token=9e86e64e95264b5d970abcd6c4bb697b1735356759579
[12/28 00:35:09] [INFO] [HTTP] IP: ::1 USER: jonatasperaza UUID: c9d4ed902ec647ac97fd80034d43db97
[12/28 00:35:12] [INFO] [HTTP] GET: http://localhost:23333/api/instance?uuid=5ef0dbceb990427491f17789401c749e&daemonId=b6fce8e5714a45578ed47f965d6262ce&token=9e86e64e95264b5d970abcd6c4bb697b1735356759579
[12/28 00:35:12] [INFO] [HTTP] IP: ::1 USER: jonatasperaza UUID: c9d4ed902ec647ac97fd80034d43db97
[12/28 00:35:15] [INFO] [HTTP] GET: http://localhost:23333/api/instance?uuid=5ef0dbceb990427491f17789401c749e&daemonId=b6fce8e5714a45578ed47f965d6262ce&token=9e86e64e95264b5d970abcd6c4bb697b1735356759579
[12/28 00:35:15] [INFO] [HTTP] IP: ::1 USER: jonatasperaza UUID: c9d4ed902ec647ac97fd80034d43db97
[12/28 00:35:18] [INFO] [HTTP] GET: http://localhost:23333/api/instance?uuid=5ef0dbceb990427491f17789401c749e&daemonId=b6fce8e5714a45578ed47f965d6262ce&token=9e86e64e95264b5d970abcd6c4bb697b1735356759579
[12/28 00:35:18] [INFO] [HTTP] IP: ::1 USER: jonatasperaza UUID: c9d4ed902ec647ac97fd80034d43db97
[12/28 00:35:21] [INFO] [HTTP] GET: http://localhost:23333/api/instance?uuid=5ef0dbceb990427491f17789401c749e&daemonId=b6fce8e5714a45578ed47f965d6262ce&token=9e86e64e95264b5d970abcd6c4bb697b1735356759579
[12/28 00:35:21] [INFO] [HTTP] IP: ::1 USER: jonatasperaza UUID: c9d4ed902ec647ac97fd80034d43db97
[12/28 00:35:24] [INFO] [HTTP] GET: http://localhost:23333/api/instance?uuid=5ef0dbceb990427491f17789401c749e&daemonId=b6fce8e5714a45578ed47f965d6262ce&token=9e86e64e95264b5d970abcd6c4bb697b1735356759579
[12/28 00:35:24] [INFO] [HTTP] IP: ::1 USER: jonatasperaza UUID: c9d4ed902ec647ac97fd80034d43db97
[12/28 00:35:26] [INFO] [HTTP] PUT: http://localhost:23333/api/protected_instance/instance_update?uuid=5ef0dbceb990427491f17789401c749e&daemonId=b6fce8e5714a45578ed47f965d6262ce&token=9e86e64e95264b5d970abcd6c4bb697b1735356759579
[12/28 00:35:26] [INFO] [HTTP] IP: ::1 USER: jonatasperaza UUID: c9d4ed902ec647ac97fd80034d43db97
[12/28 00:35:27] [INFO] [HTTP] GET: http://localhost:23333/api/instance?uuid=5ef0dbceb990427491f17789401c749e&daemonId=b6fce8e5714a45578ed47f965d6262ce&_force=1735356927045&token=9e86e64e95264b5d970abcd6c4bb697b1735356759579
[12/28 00:35:27] [INFO] [HTTP] IP: ::1 USER: jonatasperaza UUID: c9d4ed902ec647ac97fd80034d43db97
[12/28 00:35:27] [INFO] [HTTP] GET: http://localhost:23333/api/instance?uuid=5ef0dbceb990427491f17789401c749e&daemonId=b6fce8e5714a45578ed47f965d6262ce&token=9e86e64e95264b5d970abcd6c4bb697b1735356759579
[12/28 00:35:27] [INFO] [HTTP] IP: ::1 USER: jonatasperaza UUID: c9d4ed902ec647ac97fd80034d43db97
[12/28 00:35:27] [INFO] [HTTP] GET: http://localhost:23333/api/instance?uuid=5ef0dbceb990427491f17789401c749e&daemonId=b6fce8e5714a45578ed47f965d6262ce&_force=1735356927640&token=9e86e64e95264b5d970abcd6c4bb697b1735356759579
[12/28 00:35:27] [INFO] [HTTP] IP: ::1 USER: jonatasperaza UUID: c9d4ed902ec647ac97fd80034d43db97
[12/28 00:35:30] [INFO] [HTTP] GET: http://localhost:23333/api/instance?uuid=5ef0dbceb990427491f17789401c749e&daemonId=b6fce8e5714a45578ed47f965d6262ce&_force=1735356930630&token=9e86e64e95264b5d970abcd6c4bb697b1735356759579
[12/28 00:35:30] [INFO] [HTTP] IP: ::1 USER: jonatasperaza UUID: c9d4ed902ec647ac97fd80034d43db97
[12/28 00:35:30] [INFO] [HTTP] GET: http://localhost:23333/api/instance?uuid=5ef0dbceb990427491f17789401c749e&daemonId=b6fce8e5714a45578ed47f965d6262ce&token=9e86e64e95264b5d970abcd6c4bb697b1735356759579
[12/28 00:35:30] [INFO] [HTTP] IP: ::1 USER: jonatasperaza UUID: c9d4ed902ec647ac97fd80034d43db97
[12/28 00:35:33] [INFO] [HTTP] GET: http://localhost:23333/api/instance?uuid=5ef0dbceb990427491f17789401c749e&daemonId=b6fce8e5714a45578ed47f965d6262ce&_force=1735356933633&token=9e86e64e95264b5d970abcd6c4bb697b1735356759579
[12/28 00:35:33] [INFO] [HTTP] IP: ::1 USER: jonatasperaza UUID: c9d4ed902ec647ac97fd80034d43db97
[12/28 00:35:33] [INFO] [HTTP] GET: http://localhost:23333/api/instance?uuid=5ef0dbceb990427491f17789401c749e&daemonId=b6fce8e5714a45578ed47f965d6262ce&token=9e86e64e95264b5d970abcd6c4bb697b1735356759579
[12/28 00:35:33] [INFO] [HTTP] IP: ::1 USER: jonatasperaza UUID: c9d4ed902ec647ac97fd80034d43db97
[12/28 00:35:36] [INFO] [HTTP] GET: http://localhost:23333/api/instance?uuid=5ef0dbceb990427491f17789401c749e&daemonId=b6fce8e5714a45578ed47f965d6262ce&_force=1735356936631&token=9e86e64e95264b5d970abcd6c4bb697b1735356759579
[12/28 00:35:36] [INFO] [HTTP] IP: ::1 USER: jonatasperaza UUID: c9d4ed902ec647ac97fd80034d43db97
[12/28 00:35:36] [INFO] [HTTP] GET: http://localhost:23333/api/instance?uuid=5ef0dbceb990427491f17789401c749e&daemonId=b6fce8e5714a45578ed47f965d6262ce&token=9e86e64e95264b5d970abcd6c4bb697b1735356759579
[12/28 00:35:36] [INFO] [HTTP] IP: ::1 USER: jonatasperaza UUID: c9d4ed902ec647ac97fd80034d43db97
[12/28 00:35:39] [INFO] [HTTP] GET: http://localhost:23333/api/instance?uuid=5ef0dbceb990427491f17789401c749e&daemonId=b6fce8e5714a45578ed47f965d6262ce&_force=1735356939639&token=9e86e64e95264b5d970abcd6c4bb697b1735356759579
[12/28 00:35:39] [INFO] [HTTP] IP: ::1 USER: jonatasperaza UUID: c9d4ed902ec647ac97fd80034d43db97
[12/28 00:35:39] [INFO] [HTTP] GET: http://localhost:23333/api/instance?uuid=5ef0dbceb990427491f17789401c749e&daemonId=b6fce8e5714a45578ed47f965d6262ce&token=9e86e64e95264b5d970abcd6c4bb697b1735356759579
[12/28 00:35:39] [INFO] [HTTP] IP: ::1 USER: jonatasperaza UUID: c9d4ed902ec647ac97fd80034d43db97
[12/28 00:35:42] [INFO] [HTTP] GET: http://localhost:23333/api/instance?uuid=5ef0dbceb990427491f17789401c749e&daemonId=b6fce8e5714a45578ed47f965d6262ce&_force=1735356942636&token=9e86e64e95264b5d970abcd6c4bb697b1735356759579
[12/28 00:35:42] [INFO] [HTTP] IP: ::1 USER: jonatasperaza UUID: c9d4ed902ec647ac97fd80034d43db97
[12/28 00:35:42] [INFO] [HTTP] GET: http://localhost:23333/api/instance?uuid=5ef0dbceb990427491f17789401c749e&daemonId=b6fce8e5714a45578ed47f965d6262ce&token=9e86e64e95264b5d970abcd6c4bb697b1735356759579
[12/28 00:35:42] [INFO] [HTTP] IP: ::1 USER: jonatasperaza UUID: c9d4ed902ec647ac97fd80034d43db97
[12/28 00:35:45] [INFO] [HTTP] GET: http://localhost:23333/api/instance?uuid=5ef0dbceb990427491f17789401c749e&daemonId=b6fce8e5714a45578ed47f965d6262ce&_force=1735356945632&token=9e86e64e95264b5d970abcd6c4bb697b1735356759579
[12/28 00:35:45] [INFO] [HTTP] IP: ::1 USER: jonatasperaza UUID: c9d4ed902ec647ac97fd80034d43db97
[12/28 00:35:45] [INFO] [HTTP] GET: http://localhost:23333/api/instance?uuid=5ef0dbceb990427491f17789401c749e&daemonId=b6fce8e5714a45578ed47f965d6262ce&token=9e86e64e95264b5d970abcd6c4bb697b1735356759579
[12/28 00:35:45] [INFO] [HTTP] IP: ::1 USER: jonatasperaza UUID: c9d4ed902ec647ac97fd80034d43db97
[12/28 00:35:48] [INFO] [HTTP] GET: http://localhost:23333/api/instance?uuid=5ef0dbceb990427491f17789401c749e&daemonId=b6fce8e5714a45578ed47f965d6262ce&_force=1735356948639&token=9e86e64e95264b5d970abcd6c4bb697b1735356759579
[12/28 00:35:48] [INFO] [HTTP] IP: ::1 USER: jonatasperaza UUID: c9d4ed902ec647ac97fd80034d43db97
[12/28 00:35:48] [INFO] [HTTP] GET: http://localhost:23333/api/instance?uuid=5ef0dbceb990427491f17789401c749e&daemonId=b6fce8e5714a45578ed47f965d6262ce&token=9e86e64e95264b5d970abcd6c4bb697b1735356759579
[12/28 00:35:48] [INFO] [HTTP] IP: ::1 USER: jonatasperaza UUID: c9d4ed902ec647ac97fd80034d43db97
[12/28 00:35:51] [INFO] [HTTP] GET: http://localhost:23333/api/instance?uuid=5ef0dbceb990427491f17789401c749e&daemonId=b6fce8e5714a45578ed47f965d6262ce&_force=1735356951630&token=9e86e64e95264b5d970abcd6c4bb697b1735356759579
[12/28 00:35:51] [INFO] [HTTP] IP: ::1 USER: jonatasperaza UUID: c9d4ed902ec647ac97fd80034d43db97
[12/28 00:35:51] [INFO] [HTTP] GET: http://localhost:23333/api/instance?uuid=5ef0dbceb990427491f17789401c749e&daemonId=b6fce8e5714a45578ed47f965d6262ce&token=9e86e64e95264b5d970abcd6c4bb697b1735356759579
[12/28 00:35:51] [INFO] [HTTP] IP: ::1 USER: jonatasperaza UUID: c9d4ed902ec647ac97fd80034d43db97
[12/28 00:35:54] [INFO] [HTTP] GET: http://localhost:23333/api/instance?uuid=5ef0dbceb990427491f17789401c749e&daemonId=b6fce8e5714a45578ed47f965d6262ce&_force=1735356954635&token=9e86e64e95264b5d970abcd6c4bb697b1735356759579
[12/28 00:35:54] [INFO] [HTTP] IP: ::1 USER: jonatasperaza UUID: c9d4ed902ec647ac97fd80034d43db97
[12/28 00:35:54] [INFO] [HTTP] GET: http://localhost:23333/api/instance?uuid=5ef0dbceb990427491f17789401c749e&daemonId=b6fce8e5714a45578ed47f965d6262ce&token=9e86e64e95264b5d970abcd6c4bb697b1735356759579
[12/28 00:35:54] [INFO] [HTTP] IP: ::1 USER: jonatasperaza UUID: c9d4ed902ec647ac97fd80034d43db97
[12/28 00:35:57] [INFO] [HTTP] GET: http://localhost:23333/api/instance?uuid=5ef0dbceb990427491f17789401c749e&daemonId=b6fce8e5714a45578ed47f965d6262ce&_force=1735356957636&token=9e86e64e95264b5d970abcd6c4bb697b1735356759579
[12/28 00:35:57] [INFO] [HTTP] IP: ::1 USER: jonatasperaza UUID: c9d4ed902ec647ac97fd80034d43db97
[12/28 00:35:57] [INFO] [HTTP] GET: http://localhost:23333/api/instance?uuid=5ef0dbceb990427491f17789401c749e&daemonId=b6fce8e5714a45578ed47f965d6262ce&token=9e86e64e95264b5d970abcd6c4bb697b1735356759579
[12/28 00:35:57] [INFO] [HTTP] IP: ::1 USER: jonatasperaza UUID: c9d4ed902ec647ac97fd80034d43db97
[12/28 00:36:00] [INFO] [HTTP] GET: http://localhost:23333/api/instance?uuid=5ef0dbceb990427491f17789401c749e&daemonId=b6fce8e5714a45578ed47f965d6262ce&_force=1735356960630&token=9e86e64e95264b5d970abcd6c4bb697b1735356759579
[12/28 00:36:00] [INFO] [HTTP] IP: ::1 USER: jonatasperaza UUID: c9d4ed902ec647ac97fd80034d43db97
[12/28 00:36:00] [INFO] [HTTP] GET: http://localhost:23333/api/instance?uuid=5ef0dbceb990427491f17789401c749e&daemonId=b6fce8e5714a45578ed47f965d6262ce&token=9e86e64e95264b5d970abcd6c4bb697b1735356759579
[12/28 00:36:00] [INFO] [HTTP] IP: ::1 USER: jonatasperaza UUID: c9d4ed902ec647ac97fd80034d43db97
[12/28 00:36:03] [INFO] [HTTP] GET: http://localhost:23333/api/instance?uuid=5ef0dbceb990427491f17789401c749e&daemonId=b6fce8e5714a45578ed47f965d6262ce&_force=1735356963640&token=9e86e64e95264b5d970abcd6c4bb697b1735356759579
[12/28 00:36:03] [INFO] [HTTP] IP: ::1 USER: jonatasperaza UUID: c9d4ed902ec647ac97fd80034d43db97
[12/28 00:36:03] [INFO] [HTTP] GET: http://localhost:23333/api/instance?uuid=5ef0dbceb990427491f17789401c749e&daemonId=b6fce8e5714a45578ed47f965d6262ce&token=9e86e64e95264b5d970abcd6c4bb697b1735356759579
[12/28 00:36:03] [INFO] [HTTP] IP: ::1 USER: jonatasperaza UUID: c9d4ed902ec647ac97fd80034d43db97
[12/28 00:36:06] [INFO] [HTTP] GET: http://localhost:23333/api/instance?uuid=5ef0dbceb990427491f17789401c749e&daemonId=b6fce8e5714a45578ed47f965d6262ce&_force=1735356966632&token=9e86e64e95264b5d970abcd6c4bb697b1735356759579
[12/28 00:36:06] [INFO] [HTTP] IP: ::1 USER: jonatasperaza UUID: c9d4ed902ec647ac97fd80034d43db97
[12/28 00:36:06] [INFO] [HTTP] GET: http://localhost:23333/api/instance?uuid=5ef0dbceb990427491f17789401c749e&daemonId=b6fce8e5714a45578ed47f965d6262ce&token=9e86e64e95264b5d970abcd6c4bb697b1735356759579
[12/28 00:36:06] [INFO] [HTTP] IP: ::1 USER: jonatasperaza UUID: c9d4ed902ec647ac97fd80034d43db97
[12/28 00:36:09] [INFO] [HTTP] GET: http://localhost:23333/api/instance?uuid=5ef0dbceb990427491f17789401c749e&daemonId=b6fce8e5714a45578ed47f965d6262ce&_force=1735356969641&token=9e86e64e95264b5d970abcd6c4bb697b1735356759579
[12/28 00:36:09] [INFO] [HTTP] IP: ::1 USER: jonatasperaza UUID: c9d4ed902ec647ac97fd80034d43db97
[12/28 00:36:09] [INFO] [HTTP] GET: http://localhost:23333/api/instance?uuid=5ef0dbceb990427491f17789401c749e&daemonId=b6fce8e5714a45578ed47f965d6262ce&token=9e86e64e95264b5d970abcd6c4bb697b1735356759579
[12/28 00:36:09] [INFO] [HTTP] IP: ::1 USER: jonatasperaza UUID: c9d4ed902ec647ac97fd80034d43db97
[12/28 00:36:12] [INFO] [HTTP] GET: http://localhost:23333/api/instance?uuid=5ef0dbceb990427491f17789401c749e&daemonId=b6fce8e5714a45578ed47f965d6262ce&_force=1735356972632&token=9e86e64e95264b5d970abcd6c4bb697b1735356759579
[12/28 00:36:12] [INFO] [HTTP] IP: ::1 USER: jonatasperaza UUID: c9d4ed902ec647ac97fd80034d43db97
[12/28 00:36:12] [INFO] [HTTP] GET: http://localhost:23333/api/instance?uuid=5ef0dbceb990427491f17789401c749e&daemonId=b6fce8e5714a45578ed47f965d6262ce&token=9e86e64e95264b5d970abcd6c4bb697b1735356759579
[12/28 00:36:12] [INFO] [HTTP] IP: ::1 USER: jonatasperaza UUID: c9d4ed902ec647ac97fd80034d43db97
[12/28 00:36:15] [INFO] [HTTP] GET: http://localhost:23333/api/instance?uuid=5ef0dbceb990427491f17789401c749e&daemonId=b6fce8e5714a45578ed47f965d6262ce&_force=1735356975639&token=9e86e64e95264b5d970abcd6c4bb697b1735356759579
[12/28 00:36:15] [INFO] [HTTP] IP: ::1 USER: jonatasperaza UUID: c9d4ed902ec647ac97fd80034d43db97
[12/28 00:36:15] [INFO] [HTTP] GET: http://localhost:23333/api/instance?uuid=5ef0dbceb990427491f17789401c749e&daemonId=b6fce8e5714a45578ed47f965d6262ce&token=9e86e64e95264b5d970abcd6c4bb697b1735356759579
[12/28 00:36:15] [INFO] [HTTP] IP: ::1 USER: jonatasperaza UUID: c9d4ed902ec647ac97fd80034d43db97
[12/28 00:36:18] [INFO] [HTTP] GET: http://localhost:23333/api/instance?uuid=5ef0dbceb990427491f17789401c749e&daemonId=b6fce8e5714a45578ed47f965d6262ce&_force=1735356978631&token=9e86e64e95264b5d970abcd6c4bb697b1735356759579
[12/28 00:36:18] [INFO] [HTTP] IP: ::1 USER: jonatasperaza UUID: c9d4ed902ec647ac97fd80034d43db97
[12/28 00:36:18] [INFO] [HTTP] GET: http://localhost:23333/api/instance?uuid=5ef0dbceb990427491f17789401c749e&daemonId=b6fce8e5714a45578ed47f965d6262ce&token=9e86e64e95264b5d970abcd6c4bb697b1735356759579
[12/28 00:36:18] [INFO] [HTTP] IP: ::1 USER: jonatasperaza UUID: c9d4ed902ec647ac97fd80034d43db97
[12/28 00:36:21] [INFO] [HTTP] GET: http://localhost:23333/api/instance?uuid=5ef0dbceb990427491f17789401c749e&daemonId=b6fce8e5714a45578ed47f965d6262ce&_force=1735356981644&token=9e86e64e95264b5d970abcd6c4bb697b1735356759579
[12/28 00:36:21] [INFO] [HTTP] IP: ::1 USER: jonatasperaza UUID: c9d4ed902ec647ac97fd80034d43db97
[12/28 00:36:21] [INFO] [HTTP] GET: http://localhost:23333/api/instance?uuid=5ef0dbceb990427491f17789401c749e&daemonId=b6fce8e5714a45578ed47f965d6262ce&token=9e86e64e95264b5d970abcd6c4bb697b1735356759579
[12/28 00:36:21] [INFO] [HTTP] IP: ::1 USER: jonatasperaza UUID: c9d4ed902ec647ac97fd80034d43db97
[12/28 00:36:24] [INFO] [HTTP] GET: http://localhost:23333/api/instance?uuid=5ef0dbceb990427491f17789401c749e&daemonId=b6fce8e5714a45578ed47f965d6262ce&_force=1735356984640&token=9e86e64e95264b5d970abcd6c4bb697b1735356759579
[12/28 00:36:24] [INFO] [HTTP] IP: ::1 USER: jonatasperaza UUID: c9d4ed902ec647ac97fd80034d43db97
[12/28 00:36:24] [INFO] [HTTP] GET: http://localhost:23333/api/instance?uuid=5ef0dbceb990427491f17789401c749e&daemonId=b6fce8e5714a45578ed47f965d6262ce&token=9e86e64e95264b5d970abcd6c4bb697b1735356759579
[12/28 00:36:24] [INFO] [HTTP] IP: ::1 USER: jonatasperaza UUID: c9d4ed902ec647ac97fd80034d43db97
[12/28 00:36:27] [INFO] [HTTP] GET: http://localhost:23333/api/instance?uuid=5ef0dbceb990427491f17789401c749e&daemonId=b6fce8e5714a45578ed47f965d6262ce&_force=1735356987633&token=9e86e64e95264b5d970abcd6c4bb697b1735356759579
[12/28 00:36:27] [INFO] [HTTP] IP: ::1 USER: jonatasperaza UUID: c9d4ed902ec647ac97fd80034d43db97
[12/28 00:36:27] [INFO] [HTTP] GET: http://localhost:23333/api/instance?uuid=5ef0dbceb990427491f17789401c749e&daemonId=b6fce8e5714a45578ed47f965d6262ce&token=9e86e64e95264b5d970abcd6c4bb697b1735356759579
[12/28 00:36:27] [INFO] [HTTP] IP: ::1 USER: jonatasperaza UUID: c9d4ed902ec647ac97fd80034d43db97
[12/28 00:36:30] [INFO] [HTTP] GET: http://localhost:23333/api/instance?uuid=5ef0dbceb990427491f17789401c749e&daemonId=b6fce8e5714a45578ed47f965d6262ce&_force=1735356990633&token=9e86e64e95264b5d970abcd6c4bb697b1735356759579
[12/28 00:36:30] [INFO] [HTTP] IP: ::1 USER: jonatasperaza UUID: c9d4ed902ec647ac97fd80034d43db97
[12/28 00:36:30] [INFO] [HTTP] GET: http://localhost:23333/api/instance?uuid=5ef0dbceb990427491f17789401c749e&daemonId=b6fce8e5714a45578ed47f965d6262ce&token=9e86e64e95264b5d970abcd6c4bb697b1735356759579
[12/28 00:36:30] [INFO] [HTTP] IP: ::1 USER: jonatasperaza UUID: c9d4ed902ec647ac97fd80034d43db97
[12/28 00:36:33] [INFO] [HTTP] GET: http://localhost:23333/api/instance?uuid=5ef0dbceb990427491f17789401c749e&daemonId=b6fce8e5714a45578ed47f965d6262ce&_force=1735356993642&token=9e86e64e95264b5d970abcd6c4bb697b1735356759579
[12/28 00:36:33] [INFO] [HTTP] IP: ::1 USER: jonatasperaza UUID: c9d4ed902ec647ac97fd80034d43db97
[12/28 00:36:33] [INFO] [HTTP] GET: http://localhost:23333/api/instance?uuid=5ef0dbceb990427491f17789401c749e&daemonId=b6fce8e5714a45578ed47f965d6262ce&token=9e86e64e95264b5d970abcd6c4bb697b1735356759579
[12/28 00:36:33] [INFO] [HTTP] IP: ::1 USER: jonatasperaza UUID: c9d4ed902ec647ac97fd80034d43db97
[12/28 00:36:36] [INFO] [HTTP] GET: http://localhost:23333/api/instance?uuid=5ef0dbceb990427491f17789401c749e&daemonId=b6fce8e5714a45578ed47f965d6262ce&_force=1735356996636&token=9e86e64e95264b5d970abcd6c4bb697b1735356759579
[12/28 00:36:36] [INFO] [HTTP] IP: ::1 USER: jonatasperaza UUID: c9d4ed902ec647ac97fd80034d43db97
[12/28 00:36:36] [INFO] [HTTP] GET: http://localhost:23333/api/instance?uuid=5ef0dbceb990427491f17789401c749e&daemonId=b6fce8e5714a45578ed47f965d6262ce&token=9e86e64e95264b5d970abcd6c4bb697b1735356759579
[12/28 00:36:36] [INFO] [HTTP] IP: ::1 USER: jonatasperaza UUID: c9d4ed902ec647ac97fd80034d43db97
[12/28 00:36:39] [INFO] [HTTP] GET: http://localhost:23333/api/instance?uuid=5ef0dbceb990427491f17789401c749e&daemonId=b6fce8e5714a45578ed47f965d6262ce&_force=1735356999630&token=9e86e64e95264b5d970abcd6c4bb697b1735356759579
[12/28 00:36:39] [INFO] [HTTP] IP: ::1 USER: jonatasperaza UUID: c9d4ed902ec647ac97fd80034d43db97
[12/28 00:36:39] [INFO] [HTTP] GET: http://localhost:23333/api/instance?uuid=5ef0dbceb990427491f17789401c749e&daemonId=b6fce8e5714a45578ed47f965d6262ce&token=9e86e64e95264b5d970abcd6c4bb697b1735356759579
[12/28 00:36:39] [INFO] [HTTP] IP: ::1 USER: jonatasperaza UUID: c9d4ed902ec647ac97fd80034d43db97
[12/28 00:36:42] [INFO] [HTTP] GET: http://localhost:23333/api/instance?uuid=5ef0dbceb990427491f17789401c749e&daemonId=b6fce8e5714a45578ed47f965d6262ce&_force=1735357002639&token=9e86e64e95264b5d970abcd6c4bb697b1735356759579
[12/28 00:36:42] [INFO] [HTTP] IP: ::1 USER: jonatasperaza UUID: c9d4ed902ec647ac97fd80034d43db97
[12/28 00:36:42] [INFO] [HTTP] GET: http://localhost:23333/api/instance?uuid=5ef0dbceb990427491f17789401c749e&daemonId=b6fce8e5714a45578ed47f965d6262ce&token=9e86e64e95264b5d970abcd6c4bb697b1735356759579
[12/28 00:36:42] [INFO] [HTTP] IP: ::1 USER: jonatasperaza UUID: c9d4ed902ec647ac97fd80034d43db97
[12/28 00:36:45] [INFO] [HTTP] GET: http://localhost:23333/api/instance?uuid=5ef0dbceb990427491f17789401c749e&daemonId=b6fce8e5714a45578ed47f965d6262ce&_force=1735357005633&token=9e86e64e95264b5d970abcd6c4bb697b1735356759579
[12/28 00:36:45] [INFO] [HTTP] IP: ::1 USER: jonatasperaza UUID: c9d4ed902ec647ac97fd80034d43db97
[12/28 00:36:45] [INFO] [HTTP] GET: http://localhost:23333/api/instance?uuid=5ef0dbceb990427491f17789401c749e&daemonId=b6fce8e5714a45578ed47f965d6262ce&token=9e86e64e95264b5d970abcd6c4bb697b1735356759579
[12/28 00:36:45] [INFO] [HTTP] IP: ::1 USER: jonatasperaza UUID: c9d4ed902ec647ac97fd80034d43db97
[12/28 00:36:48] [INFO] [HTTP] GET: http://localhost:23333/api/instance?uuid=5ef0dbceb990427491f17789401c749e&daemonId=b6fce8e5714a45578ed47f965d6262ce&_force=1735357008642&token=9e86e64e95264b5d970abcd6c4bb697b1735356759579
[12/28 00:36:48] [INFO] [HTTP] IP: ::1 USER: jonatasperaza UUID: c9d4ed902ec647ac97fd80034d43db97
[12/28 00:36:48] [INFO] [HTTP] GET: http://localhost:23333/api/instance?uuid=5ef0dbceb990427491f17789401c749e&daemonId=b6fce8e5714a45578ed47f965d6262ce&token=9e86e64e95264b5d970abcd6c4bb697b1735356759579
[12/28 00:36:48] [INFO] [HTTP] IP: ::1 USER: jonatasperaza UUID: c9d4ed902ec647ac97fd80034d43db97
[12/28 00:36:51] [INFO] [HTTP] GET: http://localhost:23333/api/instance?uuid=5ef0dbceb990427491f17789401c749e&daemonId=b6fce8e5714a45578ed47f965d6262ce&_force=1735357011639&token=9e86e64e95264b5d970abcd6c4bb697b1735356759579
[12/28 00:36:51] [INFO] [HTTP] IP: ::1 USER: jonatasperaza UUID: c9d4ed902ec647ac97fd80034d43db97
[12/28 00:36:51] [INFO] [HTTP] GET: http://localhost:23333/api/instance?uuid=5ef0dbceb990427491f17789401c749e&daemonId=b6fce8e5714a45578ed47f965d6262ce&token=9e86e64e95264b5d970abcd6c4bb697b1735356759579
[12/28 00:36:51] [INFO] [HTTP] IP: ::1 USER: jonatasperaza UUID: c9d4ed902ec647ac97fd80034d43db97
[12/28 00:36:54] [INFO] [HTTP] GET: http://localhost:23333/api/instance?uuid=5ef0dbceb990427491f17789401c749e&daemonId=b6fce8e5714a45578ed47f965d6262ce&_force=1735357014634&token=9e86e64e95264b5d970abcd6c4bb697b1735356759579
[12/28 00:36:54] [INFO] [HTTP] IP: ::1 USER: jonatasperaza UUID: c9d4ed902ec647ac97fd80034d43db97
[12/28 00:36:54] [INFO] [HTTP] GET: http://localhost:23333/api/instance?uuid=5ef0dbceb990427491f17789401c749e&daemonId=b6fce8e5714a45578ed47f965d6262ce&token=9e86e64e95264b5d970abcd6c4bb697b1735356759579
[12/28 00:36:54] [INFO] [HTTP] IP: ::1 USER: jonatasperaza UUID: c9d4ed902ec647ac97fd80034d43db97
[12/28 00:36:57] [INFO] [HTTP] GET: http://localhost:23333/api/instance?uuid=5ef0dbceb990427491f17789401c749e&daemonId=b6fce8e5714a45578ed47f965d6262ce&_force=1735357017645&token=9e86e64e95264b5d970abcd6c4bb697b1735356759579
[12/28 00:36:57] [INFO] [HTTP] IP: ::1 USER: jonatasperaza UUID: c9d4ed902ec647ac97fd80034d43db97
[12/28 00:36:57] [INFO] [HTTP] GET: http://localhost:23333/api/instance?uuid=5ef0dbceb990427491f17789401c749e&daemonId=b6fce8e5714a45578ed47f965d6262ce&token=9e86e64e95264b5d970abcd6c4bb697b1735356759579
[12/28 00:36:57] [INFO] [HTTP] IP: ::1 USER: jonatasperaza UUID: c9d4ed902ec647ac97fd80034d43db97
[12/28 00:37:00] [INFO] [HTTP] GET: http://localhost:23333/api/instance?uuid=5ef0dbceb990427491f17789401c749e&daemonId=b6fce8e5714a45578ed47f965d6262ce&_force=1735357020637&token=9e86e64e95264b5d970abcd6c4bb697b1735356759579
[12/28 00:37:00] [INFO] [HTTP] IP: ::1 USER: jonatasperaza UUID: c9d4ed902ec647ac97fd80034d43db97
[12/28 00:37:00] [INFO] [HTTP] GET: http://localhost:23333/api/instance?uuid=5ef0dbceb990427491f17789401c749e&daemonId=b6fce8e5714a45578ed47f965d6262ce&token=9e86e64e95264b5d970abcd6c4bb697b1735356759579
[12/28 00:37:00] [INFO] [HTTP] IP: ::1 USER: jonatasperaza UUID: c9d4ed902ec647ac97fd80034d43db97
[12/28 00:37:05] [INFO] [HTTP] GET: http://localhost:23333/api/instance?uuid=5ef0dbceb990427491f17789401c749e&daemonId=b6fce8e5714a45578ed47f965d6262ce&_force=1735357024112&token=9e86e64e95264b5d970abcd6c4bb697b1735356759579
[12/28 00:37:05] [INFO] [HTTP] IP: ::1 USER: jonatasperaza UUID: c9d4ed902ec647ac97fd80034d43db97
[12/28 00:37:05] [INFO] [HTTP] GET: http://localhost:23333/api/instance?uuid=5ef0dbceb990427491f17789401c749e&daemonId=b6fce8e5714a45578ed47f965d6262ce&token=9e86e64e95264b5d970abcd6c4bb697b1735356759579
[12/28 00:37:05] [INFO] [HTTP] IP: ::1 USER: jonatasperaza UUID: c9d4ed902ec647ac97fd80034d43db97
[12/28 00:37:06] [INFO] [HTTP] GET: http://localhost:23333/api/instance?uuid=5ef0dbceb990427491f17789401c749e&daemonId=b6fce8e5714a45578ed47f965d6262ce&_force=1735357026644&token=9e86e64e95264b5d970abcd6c4bb697b1735356759579
[12/28 00:37:06] [INFO] [HTTP] IP: ::1 USER: jonatasperaza UUID: c9d4ed902ec647ac97fd80034d43db97
[12/28 00:37:09] [INFO] [HTTP] GET: http://localhost:23333/api/instance?uuid=5ef0dbceb990427491f17789401c749e&daemonId=b6fce8e5714a45578ed47f965d6262ce&_force=1735357029631&token=9e86e64e95264b5d970abcd6c4bb697b1735356759579
[12/28 00:37:09] [INFO] [HTTP] IP: ::1 USER: jonatasperaza UUID: c9d4ed902ec647ac97fd80034d43db97
[12/28 00:37:09] [INFO] [HTTP] GET: http://localhost:23333/api/instance?uuid=5ef0dbceb990427491f17789401c749e&daemonId=b6fce8e5714a45578ed47f965d6262ce&token=9e86e64e95264b5d970abcd6c4bb697b1735356759579
[12/28 00:37:09] [INFO] [HTTP] IP: ::1 USER: jonatasperaza UUID: c9d4ed902ec647ac97fd80034d43db97
[12/28 03:19:50] [INFO] [HTTP] GET: http://localhost:23333/assets/zrender-bd06e061.js
[12/28 03:19:50] [INFO] [HTTP] IP: ::1 USER: jonatasperaza UUID: c9d4ed902ec647ac97fd80034d43db97
[12/28 03:19:50] [INFO] [HTTP] GET: http://localhost:23333/assets/mount-51d7db67.js
[12/28 03:19:50] [INFO] [HTTP] IP: ::1 USER: jonatasperaza UUID: c9d4ed902ec647ac97fd80034d43db97
[12/28 03:19:50] [INFO] [HTTP] GET: http://localhost:23333/assets/echart-372a619d.js
[12/28 03:19:50] [INFO] [HTTP] IP: ::1 USER: jonatasperaza UUID: c9d4ed902ec647ac97fd80034d43db97
[12/28 03:19:53] [INFO] [HTTP] GET: http://localhost:23333/assets/mount-167cc0e2.css
[12/28 03:19:53] [INFO] [HTTP] IP: ::1 USER: jonatasperaza UUID: c9d4ed902ec647ac97fd80034d43db97
[12/28 03:19:53] [INFO] [HTTP] GET: http://localhost:23333/assets/xterm-a429e2b3.js
[12/28 03:19:53] [INFO] [HTTP] IP: ::1 USER: jonatasperaza UUID: c9d4ed902ec647ac97fd80034d43db97
[12/28 03:19:53] [INFO] [HTTP] GET: http://localhost:23333/assets/codemirror-df17d2c3.js
[12/28 03:19:53] [INFO] [HTTP] IP: ::1 USER: jonatasperaza UUID: c9d4ed902ec647ac97fd80034d43db97
[12/28 03:19:53] [INFO] [HTTP] GET: http://localhost:23333/assets/htmlparser2-be168f8e.js
[12/28 03:19:53] [INFO] [HTTP] IP: ::1 USER: jonatasperaza UUID: c9d4ed902ec647ac97fd80034d43db97
[12/28 03:19:54] [INFO] [HTTP] GET: http://localhost:23333/api/auth/
[12/28 03:19:54] [INFO] [HTTP] IP: ::1 USER: jonatasperaza UUID: c9d4ed902ec647ac97fd80034d43db97
[12/28 03:19:55] [INFO] [HTTP] GET: http://localhost:23333/assets/logo-586bf317.png
[12/28 03:19:55] [INFO] [HTTP] IP: ::1 USER: jonatasperaza UUID: c9d4ed902ec647ac97fd80034d43db97
[12/28 03:19:55] [INFO] [HTTP] POST: http://localhost:23333/api/protected_instance/stream_channel?daemonId=b6fce8e5714a45578ed47f965d6262ce&uuid=5ef0dbceb990427491f17789401c749e&token=9e86e64e95264b5d970abcd6c4bb697b1735356759579
[12/28 03:19:55] [INFO] [HTTP] IP: ::1 USER: jonatasperaza UUID: c9d4ed902ec647ac97fd80034d43db97
[12/28 03:19:55] [INFO] [HTTP] GET: http://localhost:23333/api/instance?uuid=5ef0dbceb990427491f17789401c749e&daemonId=b6fce8e5714a45578ed47f965d6262ce&token=9e86e64e95264b5d970abcd6c4bb697b1735356759579
[12/28 03:19:55] [INFO] [HTTP] IP: ::1 USER: jonatasperaza UUID: c9d4ed902ec647ac97fd80034d43db97
[12/28 03:19:55] [INFO] [HTTP] GET: http://localhost:23333/api/protected_instance/outputlog?uuid=5ef0dbceb990427491f17789401c749e&daemonId=b6fce8e5714a45578ed47f965d6262ce&token=9e86e64e95264b5d970abcd6c4bb697b1735356759579
[12/28 03:19:55] [INFO] [HTTP] IP: ::1 USER: jonatasperaza UUID: c9d4ed902ec647ac97fd80034d43db97
[12/28 03:20:00] [INFO] [HTTP] GET: http://localhost:23333/api/instance?uuid=5ef0dbceb990427491f17789401c749e&daemonId=b6fce8e5714a45578ed47f965d6262ce&token=9e86e64e95264b5d970abcd6c4bb697b1735356759579
[12/28 03:20:00] [INFO] [HTTP] IP: ::1 USER: jonatasperaza UUID: c9d4ed902ec647ac97fd80034d43db97
[12/28 03:20:03] [INFO] [HTTP] GET: http://localhost:23333/api/instance?uuid=5ef0dbceb990427491f17789401c749e&daemonId=b6fce8e5714a45578ed47f965d6262ce&token=9e86e64e95264b5d970abcd6c4bb697b1735356759579
[12/28 03:20:03] [INFO] [HTTP] IP: ::1 USER: jonatasperaza UUID: c9d4ed902ec647ac97fd80034d43db97
[12/28 03:20:06] [INFO] [HTTP] GET: http://localhost:23333/api/instance?uuid=5ef0dbceb990427491f17789401c749e&daemonId=b6fce8e5714a45578ed47f965d6262ce&token=9e86e64e95264b5d970abcd6c4bb697b1735356759579
[12/28 03:20:06] [INFO] [HTTP] IP: ::1 USER: jonatasperaza UUID: c9d4ed902ec647ac97fd80034d43db97
[12/28 03:20:09] [INFO] [HTTP] GET: http://localhost:23333/api/instance?uuid=5ef0dbceb990427491f17789401c749e&daemonId=b6fce8e5714a45578ed47f965d6262ce&token=9e86e64e95264b5d970abcd6c4bb697b1735356759579
[12/28 03:20:09] [INFO] [HTTP] IP: ::1 USER: jonatasperaza UUID: c9d4ed902ec647ac97fd80034d43db97
[12/28 03:20:12] [INFO] [HTTP] GET: http://localhost:23333/api/instance?uuid=5ef0dbceb990427491f17789401c749e&daemonId=b6fce8e5714a45578ed47f965d6262ce&token=9e86e64e95264b5d970abcd6c4bb697b1735356759579
[12/28 03:20:12] [INFO] [HTTP] IP: ::1 USER: jonatasperaza UUID: c9d4ed902ec647ac97fd80034d43db97
[12/28 03:20:15] [INFO] [HTTP] GET: http://localhost:23333/api/instance?uuid=5ef0dbceb990427491f17789401c749e&daemonId=b6fce8e5714a45578ed47f965d6262ce&token=9e86e64e95264b5d970abcd6c4bb697b1735356759579
[12/28 03:20:15] [INFO] [HTTP] IP: ::1 USER: jonatasperaza UUID: c9d4ed902ec647ac97fd80034d43db97
[12/28 03:20:18] [INFO] [HTTP] GET: http://localhost:23333/api/instance?uuid=5ef0dbceb990427491f17789401c749e&daemonId=b6fce8e5714a45578ed47f965d6262ce&token=9e86e64e95264b5d970abcd6c4bb697b1735356759579
[12/28 03:20:18] [INFO] [HTTP] IP: ::1 USER: jonatasperaza UUID: c9d4ed902ec647ac97fd80034d43db97
[12/28 03:20:21] [INFO] [HTTP] GET: http://localhost:23333/api/instance?uuid=5ef0dbceb990427491f17789401c749e&daemonId=b6fce8e5714a45578ed47f965d6262ce&token=9e86e64e95264b5d970abcd6c4bb697b1735356759579
[12/28 03:20:21] [INFO] [HTTP] IP: ::1 USER: jonatasperaza UUID: c9d4ed902ec647ac97fd80034d43db97
[12/28 03:20:24] [INFO] [HTTP] GET: http://localhost:23333/api/instance?uuid=5ef0dbceb990427491f17789401c749e&daemonId=b6fce8e5714a45578ed47f965d6262ce&token=9e86e64e95264b5d970abcd6c4bb697b1735356759579
[12/28 03:20:24] [INFO] [HTTP] IP: ::1 USER: jonatasperaza UUID: c9d4ed902ec647ac97fd80034d43db97
[12/28 03:20:27] [INFO] [HTTP] GET: http://localhost:23333/api/instance?uuid=5ef0dbceb990427491f17789401c749e&daemonId=b6fce8e5714a45578ed47f965d6262ce&token=9e86e64e95264b5d970abcd6c4bb697b1735356759579
[12/28 03:20:27] [INFO] [HTTP] IP: ::1 USER: jonatasperaza UUID: c9d4ed902ec647ac97fd80034d43db97
[12/28 03:20:30] [INFO] [HTTP] GET: http://localhost:23333/api/instance?uuid=5ef0dbceb990427491f17789401c749e&daemonId=b6fce8e5714a45578ed47f965d6262ce&token=9e86e64e95264b5d970abcd6c4bb697b1735356759579
[12/28 03:20:30] [INFO] [HTTP] IP: ::1 USER: jonatasperaza UUID: c9d4ed902ec647ac97fd80034d43db97
[12/28 03:20:33] [INFO] [HTTP] GET: http://localhost:23333/api/instance?uuid=5ef0dbceb990427491f17789401c749e&daemonId=b6fce8e5714a45578ed47f965d6262ce&token=9e86e64e95264b5d970abcd6c4bb697b1735356759579
[12/28 03:20:33] [INFO] [HTTP] IP: ::1 USER: jonatasperaza UUID: c9d4ed902ec647ac97fd80034d43db97
[12/28 03:20:36] [INFO] [HTTP] GET: http://localhost:23333/api/instance?uuid=5ef0dbceb990427491f17789401c749e&daemonId=b6fce8e5714a45578ed47f965d6262ce&token=9e86e64e95264b5d970abcd6c4bb697b1735356759579
[12/28 03:20:36] [INFO] [HTTP] IP: ::1 USER: jonatasperaza UUID: c9d4ed902ec647ac97fd80034d43db97
[12/28 03:20:39] [INFO] [HTTP] GET: http://localhost:23333/api/instance?uuid=5ef0dbceb990427491f17789401c749e&daemonId=b6fce8e5714a45578ed47f965d6262ce&token=9e86e64e95264b5d970abcd6c4bb697b1735356759579
[12/28 03:20:39] [INFO] [HTTP] IP: ::1 USER: jonatasperaza UUID: c9d4ed902ec647ac97fd80034d43db97
[12/28 03:20:42] [INFO] [HTTP] GET: http://localhost:23333/api/instance?uuid=5ef0dbceb990427491f17789401c749e&daemonId=b6fce8e5714a45578ed47f965d6262ce&token=9e86e64e95264b5d970abcd6c4bb697b1735356759579
[12/28 03:20:42] [INFO] [HTTP] IP: ::1 USER: jonatasperaza UUID: c9d4ed902ec647ac97fd80034d43db97
[12/28 03:20:45] [INFO] [HTTP] GET: http://localhost:23333/api/instance?uuid=5ef0dbceb990427491f17789401c749e&daemonId=b6fce8e5714a45578ed47f965d6262ce&token=9e86e64e95264b5d970abcd6c4bb697b1735356759579
[12/28 03:20:45] [INFO] [HTTP] IP: ::1 USER: jonatasperaza UUID: c9d4ed902ec647ac97fd80034d43db97
[12/28 03:20:48] [INFO] [HTTP] GET: http://localhost:23333/api/instance?uuid=5ef0dbceb990427491f17789401c749e&daemonId=b6fce8e5714a45578ed47f965d6262ce&token=9e86e64e95264b5d970abcd6c4bb697b1735356759579
[12/28 03:20:48] [INFO] [HTTP] IP: ::1 USER: jonatasperaza UUID: c9d4ed902ec647ac97fd80034d43db97
[12/28 03:20:51] [INFO] [HTTP] GET: http://localhost:23333/api/instance?uuid=5ef0dbceb990427491f17789401c749e&daemonId=b6fce8e5714a45578ed47f965d6262ce&token=9e86e64e95264b5d970abcd6c4bb697b1735356759579
[12/28 03:20:51] [INFO] [HTTP] IP: ::1 USER: jonatasperaza UUID: c9d4ed902ec647ac97fd80034d43db97
[12/28 03:21:51] [INFO] [HTTP] GET: http://localhost:23333/api/instance?uuid=5ef0dbceb990427491f17789401c749e&daemonId=b6fce8e5714a45578ed47f965d6262ce&token=9e86e64e95264b5d970abcd6c4bb697b1735356759579
[12/28 03:21:51] [INFO] [HTTP] IP: ::1 USER: jonatasperaza UUID: c9d4ed902ec647ac97fd80034d43db97
[12/28 03:22:48] [INFO] [HTTP] GET: http://localhost:23333/api/instance?uuid=5ef0dbceb990427491f17789401c749e&daemonId=b6fce8e5714a45578ed47f965d6262ce&token=9e86e64e95264b5d970abcd6c4bb697b1735356759579
[12/28 03:22:48] [INFO] [HTTP] IP: ::1 USER: jonatasperaza UUID: c9d4ed902ec647ac97fd80034d43db97
[12/28 03:22:52] [INFO] [HTTP] GET: http://localhost:23333/api/files/list?daemonId=b6fce8e5714a45578ed47f965d6262ce&uuid=5ef0dbceb990427491f17789401c749e&page=0&page_size=100&file_name=&target=%2F&token=9e86e64e95264b5d970abcd6c4bb697b1735356759579
[12/28 03:22:52] [INFO] [HTTP] IP: ::1 USER: jonatasperaza UUID: c9d4ed902ec647ac97fd80034d43db97
[12/28 03:22:54] [INFO] [HTTP] GET: http://localhost:23333/api/files/list?daemonId=b6fce8e5714a45578ed47f965d6262ce&uuid=5ef0dbceb990427491f17789401c749e&page=0&page_size=100&file_name=&target=%2Fconfig%2F&token=9e86e64e95264b5d970abcd6c4bb697b1735356759579
[12/28 03:22:54] [INFO] [HTTP] IP: ::1 USER: jonatasperaza UUID: c9d4ed902ec647ac97fd80034d43db97
[12/28 03:23:06] [INFO] [HTTP] PUT: http://localhost:23333/api/files?daemonId=b6fce8e5714a45578ed47f965d6262ce&uuid=5ef0dbceb990427491f17789401c749e&token=9e86e64e95264b5d970abcd6c4bb697b1735356759579
[12/28 03:23:06] [INFO] [HTTP] IP: ::1 USER: jonatasperaza UUID: c9d4ed902ec647ac97fd80034d43db97
[12/28 03:23:31] [INFO] [HTTP] PUT: http://localhost:23333/api/files?daemonId=b6fce8e5714a45578ed47f965d6262ce&uuid=5ef0dbceb990427491f17789401c749e&token=9e86e64e95264b5d970abcd6c4bb697b1735356759579
[12/28 03:23:31] [INFO] [HTTP] IP: ::1 USER: jonatasperaza UUID: c9d4ed902ec647ac97fd80034d43db97
[12/28 03:23:31] [INFO] [HTTP] GET: http://localhost:23333/api/files/list?daemonId=b6fce8e5714a45578ed47f965d6262ce&uuid=5ef0dbceb990427491f17789401c749e&page=0&page_size=100&file_name=&target=%2Fconfig%2F&token=9e86e64e95264b5d970abcd6c4bb697b1735356759579
[12/28 03:23:31] [INFO] [HTTP] IP: ::1 USER: jonatasperaza UUID: c9d4ed902ec647ac97fd80034d43db97
[12/28 03:28:08] [INFO] [HTTP] PUT: http://localhost:23333/api/files?daemonId=b6fce8e5714a45578ed47f965d6262ce&uuid=5ef0dbceb990427491f17789401c749e&token=9e86e64e95264b5d970abcd6c4bb697b1735356759579
[12/28 03:28:08] [INFO] [HTTP] IP: ::1 USER: jonatasperaza UUID: c9d4ed902ec647ac97fd80034d43db97
[12/28 03:28:52] [INFO] [HTTP] POST: http://localhost:23333/api/files/touch?uuid=5ef0dbceb990427491f17789401c749e&daemonId=b6fce8e5714a45578ed47f965d6262ce&token=9e86e64e95264b5d970abcd6c4bb697b1735356759579
[12/28 03:28:52] [INFO] [HTTP] IP: ::1 USER: jonatasperaza UUID: c9d4ed902ec647ac97fd80034d43db97
[12/28 03:28:53] [INFO] [HTTP] GET: http://localhost:23333/api/files/list?daemonId=b6fce8e5714a45578ed47f965d6262ce&uuid=5ef0dbceb990427491f17789401c749e&page=0&page_size=100&file_name=&target=%2Fconfig%2F&token=9e86e64e95264b5d970abcd6c4bb697b1735356759579
[12/28 03:28:53] [INFO] [HTTP] IP: ::1 USER: jonatasperaza UUID: c9d4ed902ec647ac97fd80034d43db97
[12/28 03:29:10] [INFO] [HTTP] PUT: http://localhost:23333/api/files?daemonId=b6fce8e5714a45578ed47f965d6262ce&uuid=5ef0dbceb990427491f17789401c749e&token=9e86e64e95264b5d970abcd6c4bb697b1735356759579
[12/28 03:29:10] [INFO] [HTTP] IP: ::1 USER: jonatasperaza UUID: c9d4ed902ec647ac97fd80034d43db97
[12/28 03:29:13] [INFO] [HTTP] PUT: http://localhost:23333/api/files?daemonId=b6fce8e5714a45578ed47f965d6262ce&uuid=5ef0dbceb990427491f17789401c749e&token=9e86e64e95264b5d970abcd6c4bb697b1735356759579
[12/28 03:29:13] [INFO] [HTTP] IP: ::1 USER: jonatasperaza UUID: c9d4ed902ec647ac97fd80034d43db97
[12/28 03:29:13] [INFO] [HTTP] GET: http://localhost:23333/api/files/list?daemonId=b6fce8e5714a45578ed47f965d6262ce&uuid=5ef0dbceb990427491f17789401c749e&page=0&page_size=100&file_name=&target=%2Fconfig%2F&token=9e86e64e95264b5d970abcd6c4bb697b1735356759579
[12/28 03:29:13] [INFO] [HTTP] IP: ::1 USER: jonatasperaza UUID: c9d4ed902ec647ac97fd80034d43db97
[12/28 03:32:49] [INFO] [HTTP] PUT: http://localhost:23333/api/files?daemonId=b6fce8e5714a45578ed47f965d6262ce&uuid=5ef0dbceb990427491f17789401c749e&token=9e86e64e95264b5d970abcd6c4bb697b1735356759579
[12/28 03:32:49] [INFO] [HTTP] IP: ::1 USER: jonatasperaza UUID: c9d4ed902ec647ac97fd80034d43db97
[12/28 03:33:03] [INFO] [HTTP] GET: http://localhost:23333/api/files/list?daemonId=b6fce8e5714a45578ed47f965d6262ce&uuid=5ef0dbceb990427491f17789401c749e&page=0&page_size=100&file_name=&target=%2F&token=9e86e64e95264b5d970abcd6c4bb697b1735356759579
[12/28 03:33:03] [INFO] [HTTP] IP: ::1 USER: jonatasperaza UUID: c9d4ed902ec647ac97fd80034d43db97
[12/28 03:33:06] [INFO] [HTTP] GET: http://localhost:23333/api/files/list?daemonId=b6fce8e5714a45578ed47f965d6262ce&uuid=5ef0dbceb990427491f17789401c749e&page=0&page_size=100&file_name=&target=%2Fworld%2F&token=9e86e64e95264b5d970abcd6c4bb697b1735356759579
[12/28 03:33:06] [INFO] [HTTP] IP: ::1 USER: jonatasperaza UUID: c9d4ed902ec647ac97fd80034d43db97
[12/28 03:33:09] [INFO] [HTTP] GET: http://localhost:23333/api/files/list?daemonId=b6fce8e5714a45578ed47f965d6262ce&uuid=5ef0dbceb990427491f17789401c749e&page=0&page_size=100&file_name=&target=%2Fworld%2Fserverconfig%2F&token=9e86e64e95264b5d970abcd6c4bb697b1735356759579
[12/28 03:33:09] [INFO] [HTTP] IP: ::1 USER: jonatasperaza UUID: c9d4ed902ec647ac97fd80034d43db97
[12/28 03:33:13] [INFO] [HTTP] PUT: http://localhost:23333/api/files?daemonId=b6fce8e5714a45578ed47f965d6262ce&uuid=5ef0dbceb990427491f17789401c749e&token=9e86e64e95264b5d970abcd6c4bb697b1735356759579
[12/28 03:33:13] [INFO] [HTTP] IP: ::1 USER: jonatasperaza UUID: c9d4ed902ec647ac97fd80034d43db97
[12/28 03:36:02] [INFO] [HTTP] PUT: http://localhost:23333/api/files?daemonId=b6fce8e5714a45578ed47f965d6262ce&uuid=5ef0dbceb990427491f17789401c749e&token=9e86e64e95264b5d970abcd6c4bb697b1735356759579
[12/28 03:36:02] [INFO] [HTTP] IP: ::1 USER: jonatasperaza UUID: c9d4ed902ec647ac97fd80034d43db97
[12/28 04:25:24] [INFO] [HTTP] GET: http://localhost:23333/assets/mount-51d7db67.js
[12/28 04:25:24] [INFO] [HTTP] IP: ::1 USER: jonatasperaza UUID: c9d4ed902ec647ac97fd80034d43db97
[12/28 04:25:24] [INFO] [HTTP] GET: http://localhost:23333/assets/echart-372a619d.js
[12/28 04:25:24] [INFO] [HTTP] IP: ::1 USER: jonatasperaza UUID: c9d4ed902ec647ac97fd80034d43db97
[12/28 04:25:24] [INFO] [HTTP] GET: http://localhost:23333/assets/zrender-bd06e061.js
[12/28 04:25:24] [INFO] [HTTP] IP: ::1 USER: jonatasperaza UUID: c9d4ed902ec647ac97fd80034d43db97
[12/28 04:25:24] [INFO] [HTTP] GET: http://localhost:23333/assets/xterm-a429e2b3.js
[12/28 04:25:24] [INFO] [HTTP] IP: ::1 USER: jonatasperaza UUID: c9d4ed902ec647ac97fd80034d43db97
[12/28 04:25:24] [INFO] [HTTP] GET: http://localhost:23333/assets/codemirror-df17d2c3.js
[12/28 04:25:24] [INFO] [HTTP] IP: ::1 USER: jonatasperaza UUID: c9d4ed902ec647ac97fd80034d43db97
[12/28 04:25:24] [INFO] [HTTP] GET: http://localhost:23333/assets/htmlparser2-be168f8e.js
[12/28 04:25:24] [INFO] [HTTP] IP: ::1 USER: jonatasperaza UUID: c9d4ed902ec647ac97fd80034d43db97
[12/28 04:25:24] [INFO] [HTTP] GET: http://localhost:23333/assets/mount-167cc0e2.css
[12/28 04:25:24] [INFO] [HTTP] IP: ::1 USER: jonatasperaza UUID: c9d4ed902ec647ac97fd80034d43db97
[12/28 04:25:25] [INFO] [HTTP] GET: http://localhost:23333/api/auth/
[12/28 04:25:25] [INFO] [HTTP] IP: ::1 USER: jonatasperaza UUID: c9d4ed902ec647ac97fd80034d43db97
[12/28 04:25:25] [INFO] [HTTP] GET: http://localhost:23333/assets/logo-586bf317.png
[12/28 04:25:25] [INFO] [HTTP] IP: ::1 USER: jonatasperaza UUID: c9d4ed902ec647ac97fd80034d43db97
[12/28 04:25:25] [INFO] [HTTP] GET: http://localhost:23333/api/files/list?daemonId=b6fce8e5714a45578ed47f965d6262ce&uuid=5ef0dbceb990427491f17789401c749e&page=0&page_size=100&file_name=&target=%2F&token=9e86e64e95264b5d970abcd6c4bb697b1735356759579
[12/28 04:25:25] [INFO] [HTTP] IP: ::1 USER: jonatasperaza UUID: c9d4ed902ec647ac97fd80034d43db97
[12/28 04:25:30] [INFO] [HTTP] POST: http://localhost:23333/api/protected_instance/stream_channel?daemonId=b6fce8e5714a45578ed47f965d6262ce&uuid=5ef0dbceb990427491f17789401c749e&token=9e86e64e95264b5d970abcd6c4bb697b1735356759579
[12/28 04:25:30] [INFO] [HTTP] IP: ::1 USER: jonatasperaza UUID: c9d4ed902ec647ac97fd80034d43db97
[12/28 04:25:30] [INFO] [HTTP] GET: http://localhost:23333/api/instance?uuid=5ef0dbceb990427491f17789401c749e&daemonId=b6fce8e5714a45578ed47f965d6262ce&token=9e86e64e95264b5d970abcd6c4bb697b1735356759579
[12/28 04:25:31] [INFO] [HTTP] IP: ::1 USER: jonatasperaza UUID: c9d4ed902ec647ac97fd80034d43db97
[12/28 04:25:31] [INFO] [HTTP] GET: http://localhost:23333/api/protected_instance/outputlog?uuid=5ef0dbceb990427491f17789401c749e&daemonId=b6fce8e5714a45578ed47f965d6262ce&token=9e86e64e95264b5d970abcd6c4bb697b1735356759579
[12/28 04:25:31] [INFO] [HTTP] IP: ::1 USER: jonatasperaza UUID: c9d4ed902ec647ac97fd80034d43db97
[12/28 04:25:36] [INFO] [HTTP] GET: http://localhost:23333/api/instance?uuid=5ef0dbceb990427491f17789401c749e&daemonId=b6fce8e5714a45578ed47f965d6262ce&token=9e86e64e95264b5d970abcd6c4bb697b1735356759579
[12/28 04:25:36] [INFO] [HTTP] IP: ::1 USER: jonatasperaza UUID: c9d4ed902ec647ac97fd80034d43db97
[12/28 04:25:38] [INFO] [HTTP] GET: http://localhost:23333/api/protected_instance/stop?uuid=5ef0dbceb990427491f17789401c749e&daemonId=b6fce8e5714a45578ed47f965d6262ce&token=9e86e64e95264b5d970abcd6c4bb697b1735356759579
[12/28 04:25:38] [INFO] [HTTP] IP: ::1 USER: jonatasperaza UUID: c9d4ed902ec647ac97fd80034d43db97
[12/28 04:25:39] [INFO] [HTTP] GET: http://localhost:23333/api/instance?uuid=5ef0dbceb990427491f17789401c749e&daemonId=b6fce8e5714a45578ed47f965d6262ce&token=9e86e64e95264b5d970abcd6c4bb697b1735356759579
[12/28 04:25:39] [INFO] [HTTP] IP: ::1 USER: jonatasperaza UUID: c9d4ed902ec647ac97fd80034d43db97
[12/28 04:25:42] [INFO] [HTTP] GET: http://localhost:23333/api/instance?uuid=5ef0dbceb990427491f17789401c749e&daemonId=b6fce8e5714a45578ed47f965d6262ce&token=9e86e64e95264b5d970abcd6c4bb697b1735356759579
[12/28 04:25:42] [INFO] [HTTP] IP: ::1 USER: jonatasperaza UUID: c9d4ed902ec647ac97fd80034d43db97
[12/28 04:25:45] [INFO] [HTTP] GET: http://localhost:23333/api/instance?uuid=5ef0dbceb990427491f17789401c749e&daemonId=b6fce8e5714a45578ed47f965d6262ce&token=9e86e64e95264b5d970abcd6c4bb697b1735356759579
[12/28 04:25:45] [INFO] [HTTP] IP: ::1 USER: jonatasperaza UUID: c9d4ed902ec647ac97fd80034d43db97
[12/28 04:25:48] [INFO] [HTTP] GET: http://localhost:23333/api/instance?uuid=5ef0dbceb990427491f17789401c749e&daemonId=b6fce8e5714a45578ed47f965d6262ce&token=9e86e64e95264b5d970abcd6c4bb697b1735356759579
[12/28 04:25:48] [INFO] [HTTP] IP: ::1 USER: jonatasperaza UUID: c9d4ed902ec647ac97fd80034d43db97
[12/28 04:25:51] [INFO] [HTTP] GET: http://localhost:23333/api/instance?uuid=5ef0dbceb990427491f17789401c749e&daemonId=b6fce8e5714a45578ed47f965d6262ce&token=9e86e64e95264b5d970abcd6c4bb697b1735356759579
[12/28 04:25:51] [INFO] [HTTP] IP: ::1 USER: jonatasperaza UUID: c9d4ed902ec647ac97fd80034d43db97
[12/28 04:25:54] [INFO] [HTTP] GET: http://localhost:23333/api/instance?uuid=5ef0dbceb990427491f17789401c749e&daemonId=b6fce8e5714a45578ed47f965d6262ce&token=9e86e64e95264b5d970abcd6c4bb697b1735356759579
[12/28 04:25:54] [INFO] [HTTP] IP: ::1 USER: jonatasperaza UUID: c9d4ed902ec647ac97fd80034d43db97
[12/28 04:25:57] [INFO] [HTTP] GET: http://localhost:23333/api/instance?uuid=5ef0dbceb990427491f17789401c749e&daemonId=b6fce8e5714a45578ed47f965d6262ce&token=9e86e64e95264b5d970abcd6c4bb697b1735356759579
[12/28 04:25:57] [INFO] [HTTP] IP: ::1 USER: jonatasperaza UUID: c9d4ed902ec647ac97fd80034d43db97
[12/28 04:26:00] [INFO] [HTTP] GET: http://localhost:23333/api/instance?uuid=5ef0dbceb990427491f17789401c749e&daemonId=b6fce8e5714a45578ed47f965d6262ce&token=9e86e64e95264b5d970abcd6c4bb697b1735356759579
[12/28 04:26:00] [INFO] [HTTP] IP: ::1 USER: jonatasperaza UUID: c9d4ed902ec647ac97fd80034d43db97
[12/28 04:26:03] [INFO] [HTTP] GET: http://localhost:23333/api/instance?uuid=5ef0dbceb990427491f17789401c749e&daemonId=b6fce8e5714a45578ed47f965d6262ce&token=9e86e64e95264b5d970abcd6c4bb697b1735356759579
[12/28 04:26:03] [INFO] [HTTP] IP: ::1 USER: jonatasperaza UUID: c9d4ed902ec647ac97fd80034d43db97
[12/28 04:26:06] [INFO] [HTTP] GET: http://localhost:23333/api/instance?uuid=5ef0dbceb990427491f17789401c749e&daemonId=b6fce8e5714a45578ed47f965d6262ce&token=9e86e64e95264b5d970abcd6c4bb697b1735356759579
[12/28 04:26:06] [INFO] [HTTP] IP: ::1 USER: jonatasperaza UUID: c9d4ed902ec647ac97fd80034d43db97
[12/28 04:26:09] [INFO] [HTTP] GET: http://localhost:23333/api/instance?uuid=5ef0dbceb990427491f17789401c749e&daemonId=b6fce8e5714a45578ed47f965d6262ce&token=9e86e64e95264b5d970abcd6c4bb697b1735356759579
[12/28 04:26:09] [INFO] [HTTP] IP: ::1 USER: jonatasperaza UUID: c9d4ed902ec647ac97fd80034d43db97
[12/28 04:26:13] [INFO] [HTTP] GET: http://localhost:23333/api/instance?uuid=5ef0dbceb990427491f17789401c749e&daemonId=b6fce8e5714a45578ed47f965d6262ce&token=9e86e64e95264b5d970abcd6c4bb697b1735356759579
[12/28 04:26:13] [INFO] [HTTP] IP: ::1 USER: jonatasperaza UUID: c9d4ed902ec647ac97fd80034d43db97
[12/28 04:26:16] [INFO] [HTTP] GET: http://localhost:23333/api/instance?uuid=5ef0dbceb990427491f17789401c749e&daemonId=b6fce8e5714a45578ed47f965d6262ce&token=9e86e64e95264b5d970abcd6c4bb697b1735356759579
[12/28 04:26:16] [INFO] [HTTP] IP: ::1 USER: jonatasperaza UUID: c9d4ed902ec647ac97fd80034d43db97
[12/28 04:26:19] [INFO] [HTTP] GET: http://localhost:23333/api/instance?uuid=5ef0dbceb990427491f17789401c749e&daemonId=b6fce8e5714a45578ed47f965d6262ce&token=9e86e64e95264b5d970abcd6c4bb697b1735356759579
[12/28 04:26:19] [INFO] [HTTP] IP: ::1 USER: jonatasperaza UUID: c9d4ed902ec647ac97fd80034d43db97
[12/28 04:26:22] [INFO] [HTTP] GET: http://localhost:23333/api/instance?uuid=5ef0dbceb990427491f17789401c749e&daemonId=b6fce8e5714a45578ed47f965d6262ce&token=9e86e64e95264b5d970abcd6c4bb697b1735356759579
[12/28 04:26:22] [INFO] [HTTP] IP: ::1 USER: jonatasperaza UUID: c9d4ed902ec647ac97fd80034d43db97
[12/28 04:26:24] [INFO] [HTTP] GET: http://localhost:23333/api/instance?uuid=5ef0dbceb990427491f17789401c749e&daemonId=b6fce8e5714a45578ed47f965d6262ce&token=9e86e64e95264b5d970abcd6c4bb697b1735356759579
[12/28 04:26:24] [INFO] [HTTP] IP: ::1 USER: jonatasperaza UUID: c9d4ed902ec647ac97fd80034d43db97
[12/28 04:26:27] [INFO] [HTTP] GET: http://localhost:23333/api/instance?uuid=5ef0dbceb990427491f17789401c749e&daemonId=b6fce8e5714a45578ed47f965d6262ce&token=9e86e64e95264b5d970abcd6c4bb697b1735356759579
[12/28 04:26:27] [INFO] [HTTP] IP: ::1 USER: jonatasperaza UUID: c9d4ed902ec647ac97fd80034d43db97
[12/28 04:26:30] [INFO] [HTTP] GET: http://localhost:23333/api/instance?uuid=5ef0dbceb990427491f17789401c749e&daemonId=b6fce8e5714a45578ed47f965d6262ce&token=9e86e64e95264b5d970abcd6c4bb697b1735356759579
[12/28 04:26:30] [INFO] [HTTP] IP: ::1 USER: jonatasperaza UUID: c9d4ed902ec647ac97fd80034d43db97
[12/28 04:26:33] [INFO] [HTTP] GET: http://localhost:23333/api/instance?uuid=5ef0dbceb990427491f17789401c749e&daemonId=b6fce8e5714a45578ed47f965d6262ce&token=9e86e64e95264b5d970abcd6c4bb697b1735356759579
[12/28 04:26:33] [INFO] [HTTP] IP: ::1 USER: jonatasperaza UUID: c9d4ed902ec647ac97fd80034d43db97
[12/28 04:26:36] [INFO] [HTTP] GET: http://localhost:23333/api/instance?uuid=5ef0dbceb990427491f17789401c749e&daemonId=b6fce8e5714a45578ed47f965d6262ce&token=9e86e64e95264b5d970abcd6c4bb697b1735356759579
[12/28 04:26:36] [INFO] [HTTP] IP: ::1 USER: jonatasperaza UUID: c9d4ed902ec647ac97fd80034d43db97
[12/28 04:26:37] [INFO] [HTTP] PUT: http://localhost:23333/api/protected_instance/instance_update?uuid=5ef0dbceb990427491f17789401c749e&daemonId=b6fce8e5714a45578ed47f965d6262ce&token=9e86e64e95264b5d970abcd6c4bb697b1735356759579
[12/28 04:26:37] [INFO] [HTTP] IP: ::1 USER: jonatasperaza UUID: c9d4ed902ec647ac97fd80034d43db97
[12/28 04:26:37] [INFO] [HTTP] GET: http://localhost:23333/api/instance?uuid=5ef0dbceb990427491f17789401c749e&daemonId=b6fce8e5714a45578ed47f965d6262ce&_force=1735370797748&token=9e86e64e95264b5d970abcd6c4bb697b1735356759579
[12/28 04:26:37] [INFO] [HTTP] IP: ::1 USER: jonatasperaza UUID: c9d4ed902ec647ac97fd80034d43db97
[12/28 04:26:39] [INFO] [HTTP] GET: http://localhost:23333/api/instance?uuid=5ef0dbceb990427491f17789401c749e&daemonId=b6fce8e5714a45578ed47f965d6262ce&_force=1735370799594&token=9e86e64e95264b5d970abcd6c4bb697b1735356759579
[12/28 04:26:39] [INFO] [HTTP] IP: ::1 USER: jonatasperaza UUID: c9d4ed902ec647ac97fd80034d43db97
[12/28 04:26:39] [INFO] [HTTP] GET: http://localhost:23333/api/instance?uuid=5ef0dbceb990427491f17789401c749e&daemonId=b6fce8e5714a45578ed47f965d6262ce&token=9e86e64e95264b5d970abcd6c4bb697b1735356759579
[12/28 04:26:39] [INFO] [HTTP] IP: ::1 USER: jonatasperaza UUID: c9d4ed902ec647ac97fd80034d43db97
[12/28 04:26:42] [INFO] [HTTP] GET: http://localhost:23333/api/instance?uuid=5ef0dbceb990427491f17789401c749e&daemonId=b6fce8e5714a45578ed47f965d6262ce&_force=1735370802590&token=9e86e64e95264b5d970abcd6c4bb697b1735356759579
[12/28 04:26:42] [INFO] [HTTP] IP: ::1 USER: jonatasperaza UUID: c9d4ed902ec647ac97fd80034d43db97
[12/28 04:26:42] [INFO] [HTTP] GET: http://localhost:23333/api/instance?uuid=5ef0dbceb990427491f17789401c749e&daemonId=b6fce8e5714a45578ed47f965d6262ce&token=9e86e64e95264b5d970abcd6c4bb697b1735356759579
[12/28 04:26:42] [INFO] [HTTP] IP: ::1 USER: jonatasperaza UUID: c9d4ed902ec647ac97fd80034d43db97
[12/28 04:26:45] [INFO] [HTTP] GET: http://localhost:23333/api/instance?uuid=5ef0dbceb990427491f17789401c749e&daemonId=b6fce8e5714a45578ed47f965d6262ce&_force=1735370805589&token=9e86e64e95264b5d970abcd6c4bb697b1735356759579
[12/28 04:26:45] [INFO] [HTTP] IP: ::1 USER: jonatasperaza UUID: c9d4ed902ec647ac97fd80034d43db97
[12/28 04:26:45] [INFO] [HTTP] GET: http://localhost:23333/api/instance?uuid=5ef0dbceb990427491f17789401c749e&daemonId=b6fce8e5714a45578ed47f965d6262ce&token=9e86e64e95264b5d970abcd6c4bb697b1735356759579
[12/28 04:26:45] [INFO] [HTTP] IP: ::1 USER: jonatasperaza UUID: c9d4ed902ec647ac97fd80034d43db97
[12/28 04:26:48] [INFO] [HTTP] GET: http://localhost:23333/api/instance?uuid=5ef0dbceb990427491f17789401c749e&daemonId=b6fce8e5714a45578ed47f965d6262ce&_force=1735370808590&token=9e86e64e95264b5d970abcd6c4bb697b1735356759579
[12/28 04:26:48] [INFO] [HTTP] IP: ::1 USER: jonatasperaza UUID: c9d4ed902ec647ac97fd80034d43db97
[12/28 04:26:48] [INFO] [HTTP] GET: http://localhost:23333/api/instance?uuid=5ef0dbceb990427491f17789401c749e&daemonId=b6fce8e5714a45578ed47f965d6262ce&token=9e86e64e95264b5d970abcd6c4bb697b1735356759579
[12/28 04:26:48] [INFO] [HTTP] IP: ::1 USER: jonatasperaza UUID: c9d4ed902ec647ac97fd80034d43db97
[12/28 04:26:51] [INFO] [HTTP] GET: http://localhost:23333/api/instance?uuid=5ef0dbceb990427491f17789401c749e&daemonId=b6fce8e5714a45578ed47f965d6262ce&token=9e86e64e95264b5d970abcd6c4bb697b1735356759579
[12/28 04:26:51] [INFO] [HTTP] IP: ::1 USER: jonatasperaza UUID: c9d4ed902ec647ac97fd80034d43db97
[12/28 04:26:51] [INFO] [HTTP] GET: http://localhost:23333/api/instance?uuid=5ef0dbceb990427491f17789401c749e&daemonId=b6fce8e5714a45578ed47f965d6262ce&_force=1735370811590&token=9e86e64e95264b5d970abcd6c4bb697b1735356759579
[12/28 04:26:51] [INFO] [HTTP] IP: ::1 USER: jonatasperaza UUID: c9d4ed902ec647ac97fd80034d43db97
[12/28 04:26:52] [INFO] [HTTP] GET: http://localhost:23333/api/protected_instance/kill?uuid=5ef0dbceb990427491f17789401c749e&daemonId=b6fce8e5714a45578ed47f965d6262ce&token=9e86e64e95264b5d970abcd6c4bb697b1735356759579
[12/28 04:26:52] [INFO] [HTTP] IP: ::1 USER: jonatasperaza UUID: c9d4ed902ec647ac97fd80034d43db97
[12/28 04:26:54] [INFO] [HTTP] GET: http://localhost:23333/api/instance?uuid=5ef0dbceb990427491f17789401c749e&daemonId=b6fce8e5714a45578ed47f965d6262ce&_force=1735370814601&token=9e86e64e95264b5d970abcd6c4bb697b1735356759579
[12/28 04:26:54] [INFO] [HTTP] IP: ::1 USER: jonatasperaza UUID: c9d4ed902ec647ac97fd80034d43db97
[12/28 04:26:54] [INFO] [HTTP] GET: http://localhost:23333/api/instance?uuid=5ef0dbceb990427491f17789401c749e&daemonId=b6fce8e5714a45578ed47f965d6262ce&token=9e86e64e95264b5d970abcd6c4bb697b1735356759579
[12/28 04:26:54] [INFO] [HTTP] IP: ::1 USER: jonatasperaza UUID: c9d4ed902ec647ac97fd80034d43db97
[12/28 04:26:57] [INFO] [HTTP] GET: http://localhost:23333/api/instance?uuid=5ef0dbceb990427491f17789401c749e&daemonId=b6fce8e5714a45578ed47f965d6262ce&_force=1735370817597&token=9e86e64e95264b5d970abcd6c4bb697b1735356759579
[12/28 04:26:57] [INFO] [HTTP] IP: ::1 USER: jonatasperaza UUID: c9d4ed902ec647ac97fd80034d43db97
[12/28 04:26:57] [INFO] [HTTP] GET: http://localhost:23333/api/instance?uuid=5ef0dbceb990427491f17789401c749e&daemonId=b6fce8e5714a45578ed47f965d6262ce&token=9e86e64e95264b5d970abcd6c4bb697b1735356759579
[12/28 04:26:57] [INFO] [HTTP] IP: ::1 USER: jonatasperaza UUID: c9d4ed902ec647ac97fd80034d43db97
[12/28 04:27:04] [INFO] Desconectado do daemon remoto [b6fce8e5714a45578ed47f965d6262ce] [ws://localhost:24444/PC CASA]
