[12/25 14:38:30] [INFO] Número de usuários locais: 1
[12/25 14:38:30] [INFO] Tentando conectar ao daemon remoto:[b6fce8e5714a45578ed47f965d6262ce] [ws://localhost:24444/PC CASA]
[12/25 14:38:30] [INFO] Número de daemons remotos: 1
[12/25 14:38:30] [INFO] ==================================
[12/25 14:38:30] [INFO] O painel de controle foi iniciado
[12/25 14:38:30] [INFO] Projeto de Referência: https://github.com/mcsmanager
[12/25 14:38:30] [INFO] URL de Acesso: http://localhost:{{porta}}
[12/25 14:38:30] [INFO] O acesso público requer a abertura das portas 23333 e da porta do daemon.
[12/25 14:38:30] [INFO] Você pode usar o atalho Ctrl+C para fechar o programa
[12/25 14:38:30] [INFO] ==================================
[12/25 14:38:30] [INFO] Conectado ao daemon remoto [b6fce8e5714a45578ed47f965d6262ce] [ws://localhost:24444/PC CASA]
[12/25 14:38:30] [INFO] Configurar idioma do daemon (localhost:24444/PC CASA) language: pt_br
[12/25 14:38:30] [INFO] Validação da chave do daemon remoto [b6fce8e5714a45578ed47f965d6262ce] [localhost:24444] bem-sucedida
[12/25 14:38:36] [INFO] [HTTP] GET: http://localhost:23333/
[12/25 14:38:36] [INFO] [HTTP] IP: ::1 USER: undefined UUID: undefined
[12/25 14:38:37] [INFO] [HTTP] GET: http://localhost:23333/assets/index-64e20a3a.js
[12/25 14:38:37] [INFO] [HTTP] IP: ::1 USER: undefined UUID: undefined
[12/25 14:38:37] [INFO] [HTTP] GET: http://localhost:23333/assets/vue-e790828e.js
[12/25 14:38:37] [INFO] [HTTP] IP: ::1 USER: undefined UUID: undefined
[12/25 14:38:37] [INFO] [HTTP] GET: http://localhost:23333/assets/ant-25a63267.css
[12/25 14:38:37] [INFO] [HTTP] IP: ::1 USER: undefined UUID: undefined
[12/25 14:38:37] [INFO] [HTTP] GET: http://localhost:23333/assets/ant-es-8d8f5c96.js
[12/25 14:38:37] [INFO] [HTTP] IP: ::1 USER: undefined UUID: undefined
[12/25 14:38:37] [INFO] [HTTP] GET: http://localhost:23333/assets/ant-29992a7d.js
[12/25 14:38:37] [INFO] [HTTP] IP: ::1 USER: undefined UUID: undefined
[12/25 14:38:41] [INFO] [HTTP] GET: http://localhost:23333/api/auth/status
[12/25 14:38:41] [INFO] [HTTP] IP: ::1 USER: undefined UUID: undefined
[12/25 14:38:41] [INFO] [HTTP] GET: http://localhost:23333/assets/pt_BR-774fdffc.js
[12/25 14:38:41] [INFO] [HTTP] IP: ::1 USER: undefined UUID: undefined
[12/25 14:38:41] [INFO] [HTTP] GET: http://localhost:23333/assets/echart-372a619d.js
[12/25 14:38:41] [INFO] [HTTP] IP: ::1 USER: undefined UUID: undefined
[12/25 14:38:41] [INFO] [HTTP] GET: http://localhost:23333/assets/mount-51d7db67.js
[12/25 14:38:41] [INFO] [HTTP] IP: ::1 USER: undefined UUID: undefined
[12/25 14:38:41] [INFO] [HTTP] GET: http://localhost:23333/assets/zrender-bd06e061.js
[12/25 14:38:41] [INFO] [HTTP] IP: ::1 USER: undefined UUID: undefined
[12/25 14:38:41] [INFO] [HTTP] GET: http://localhost:23333/assets/xterm-a429e2b3.js
[12/25 14:38:41] [INFO] [HTTP] IP: ::1 USER: undefined UUID: undefined
[12/25 14:38:41] [INFO] [HTTP] GET: http://localhost:23333/assets/codemirror-df17d2c3.js
[12/25 14:38:41] [INFO] [HTTP] IP: ::1 USER: undefined UUID: undefined
[12/25 14:38:41] [INFO] [HTTP] GET: http://localhost:23333/assets/mount-167cc0e2.css
[12/25 14:38:41] [INFO] [HTTP] IP: ::1 USER: undefined UUID: undefined
[12/25 14:38:41] [INFO] [HTTP] GET: http://localhost:23333/assets/htmlparser2-be168f8e.js
[12/25 14:38:41] [INFO] [HTTP] IP: ::1 USER: undefined UUID: undefined
[12/25 14:38:42] [INFO] [HTTP] GET: http://localhost:23333/api/auth/
[12/25 14:38:42] [INFO] [HTTP] IP: ::1 USER: undefined UUID: undefined
[12/25 14:38:42] [INFO] [HTTP] GET: http://localhost:23333/assets/logo-586bf317.png
[12/25 14:38:42] [INFO] [HTTP] IP: ::1 USER: undefined UUID: undefined
[12/25 14:38:42] [INFO] [HTTP] GET: http://localhost:23333/api/auth/login_info
[12/25 14:38:42] [INFO] [HTTP] IP: ::1 USER: undefined UUID: undefined
[12/25 14:40:38] [INFO] [HTTP] POST: http://localhost:23333/api/auth/login
[12/25 14:40:38] [INFO] [HTTP] IP: ::1 USER: undefined UUID: undefined
[12/25 14:40:38] [INFO] ------ Evento de Login do Usuário ------
[12/25 14:40:38] [INFO] [LOGIN] IP: ::1 Login jonatasperaza successful!
[12/25 14:40:38] [INFO] [LOGIN] Token: dfe803201e4f455d83b17b252bfbad891735148438879
[12/25 14:40:38] [INFO] ------ Evento de Login do Usuário ------
[12/25 14:40:39] [INFO] [HTTP] GET: http://localhost:23333/api/auth/
[12/25 14:40:39] [INFO] [HTTP] IP: ::1 USER: jonatasperaza UUID: c9d4ed902ec647ac97fd80034d43db97
[12/25 14:40:52] [INFO] [HTTP] GET: http://localhost:23333/api/service/remote_services_list?token=dfe803201e4f455d83b17b252bfbad891735148438879
[12/25 14:40:52] [INFO] [HTTP] IP: ::1 USER: jonatasperaza UUID: c9d4ed902ec647ac97fd80034d43db97
[12/25 14:40:53] [INFO] [HTTP] GET: http://localhost:23333/api/service/remote_service_instances?daemonId=b6fce8e5714a45578ed47f965d6262ce&page=1&page_size=20&status=&instance_name=&tag=[]&token=dfe803201e4f455d83b17b252bfbad891735148438879
[12/25 14:40:53] [INFO] [HTTP] IP: ::1 USER: jonatasperaza UUID: c9d4ed902ec647ac97fd80034d43db97
[12/25 14:40:54] [INFO] [HTTP] POST: http://localhost:23333/api/protected_instance/stream_channel?daemonId=b6fce8e5714a45578ed47f965d6262ce&uuid=5ef0dbceb990427491f17789401c749e&token=dfe803201e4f455d83b17b252bfbad891735148438879
[12/25 14:40:54] [INFO] [HTTP] IP: ::1 USER: jonatasperaza UUID: c9d4ed902ec647ac97fd80034d43db97
[12/25 14:40:54] [INFO] [HTTP] GET: http://localhost:23333/api/instance?uuid=5ef0dbceb990427491f17789401c749e&daemonId=b6fce8e5714a45578ed47f965d6262ce&token=dfe803201e4f455d83b17b252bfbad891735148438879
[12/25 14:40:54] [INFO] [HTTP] IP: ::1 USER: jonatasperaza UUID: c9d4ed902ec647ac97fd80034d43db97
[12/25 14:40:54] [INFO] [HTTP] GET: http://localhost:23333/api/protected_instance/outputlog?uuid=5ef0dbceb990427491f17789401c749e&daemonId=b6fce8e5714a45578ed47f965d6262ce&token=dfe803201e4f455d83b17b252bfbad891735148438879
[12/25 14:40:54] [INFO] [HTTP] IP: ::1 USER: jonatasperaza UUID: c9d4ed902ec647ac97fd80034d43db97
[12/25 14:40:57] [INFO] [HTTP] GET: http://localhost:23333/api/instance?uuid=5ef0dbceb990427491f17789401c749e&daemonId=b6fce8e5714a45578ed47f965d6262ce&token=dfe803201e4f455d83b17b252bfbad891735148438879
[12/25 14:40:57] [INFO] [HTTP] IP: ::1 USER: jonatasperaza UUID: c9d4ed902ec647ac97fd80034d43db97
[12/25 14:41:00] [INFO] [HTTP] GET: http://localhost:23333/api/instance?uuid=5ef0dbceb990427491f17789401c749e&daemonId=b6fce8e5714a45578ed47f965d6262ce&token=dfe803201e4f455d83b17b252bfbad891735148438879
[12/25 14:41:00] [INFO] [HTTP] IP: ::1 USER: jonatasperaza UUID: c9d4ed902ec647ac97fd80034d43db97
[12/25 14:41:01] [INFO] [HTTP] GET: http://localhost:23333/api/protected_instance/open?uuid=5ef0dbceb990427491f17789401c749e&daemonId=b6fce8e5714a45578ed47f965d6262ce&token=dfe803201e4f455d83b17b252bfbad891735148438879
[12/25 14:41:01] [INFO] [HTTP] IP: ::1 USER: jonatasperaza UUID: c9d4ed902ec647ac97fd80034d43db97
[12/25 14:41:03] [INFO] [HTTP] GET: http://localhost:23333/api/instance?uuid=5ef0dbceb990427491f17789401c749e&daemonId=b6fce8e5714a45578ed47f965d6262ce&token=dfe803201e4f455d83b17b252bfbad891735148438879
[12/25 14:41:03] [INFO] [HTTP] IP: ::1 USER: jonatasperaza UUID: c9d4ed902ec647ac97fd80034d43db97
[12/25 14:41:06] [INFO] [HTTP] GET: http://localhost:23333/api/instance?uuid=5ef0dbceb990427491f17789401c749e&daemonId=b6fce8e5714a45578ed47f965d6262ce&token=dfe803201e4f455d83b17b252bfbad891735148438879
[12/25 14:41:06] [INFO] [HTTP] IP: ::1 USER: jonatasperaza UUID: c9d4ed902ec647ac97fd80034d43db97
[12/25 14:41:09] [INFO] [HTTP] GET: http://localhost:23333/api/instance?uuid=5ef0dbceb990427491f17789401c749e&daemonId=b6fce8e5714a45578ed47f965d6262ce&token=dfe803201e4f455d83b17b252bfbad891735148438879
[12/25 14:41:09] [INFO] [HTTP] IP: ::1 USER: jonatasperaza UUID: c9d4ed902ec647ac97fd80034d43db97
[12/25 14:41:12] [INFO] [HTTP] GET: http://localhost:23333/api/instance?uuid=5ef0dbceb990427491f17789401c749e&daemonId=b6fce8e5714a45578ed47f965d6262ce&token=dfe803201e4f455d83b17b252bfbad891735148438879
[12/25 14:41:12] [INFO] [HTTP] IP: ::1 USER: jonatasperaza UUID: c9d4ed902ec647ac97fd80034d43db97
[12/25 14:41:15] [INFO] [HTTP] GET: http://localhost:23333/api/instance?uuid=5ef0dbceb990427491f17789401c749e&daemonId=b6fce8e5714a45578ed47f965d6262ce&token=dfe803201e4f455d83b17b252bfbad891735148438879
[12/25 14:41:15] [INFO] [HTTP] IP: ::1 USER: jonatasperaza UUID: c9d4ed902ec647ac97fd80034d43db97
[12/25 14:41:18] [INFO] [HTTP] GET: http://localhost:23333/api/instance?uuid=5ef0dbceb990427491f17789401c749e&daemonId=b6fce8e5714a45578ed47f965d6262ce&token=dfe803201e4f455d83b17b252bfbad891735148438879
[12/25 14:41:18] [INFO] [HTTP] IP: ::1 USER: jonatasperaza UUID: c9d4ed902ec647ac97fd80034d43db97
[12/25 14:41:21] [INFO] [HTTP] GET: http://localhost:23333/api/instance?uuid=5ef0dbceb990427491f17789401c749e&daemonId=b6fce8e5714a45578ed47f965d6262ce&token=dfe803201e4f455d83b17b252bfbad891735148438879
[12/25 14:41:21] [INFO] [HTTP] IP: ::1 USER: jonatasperaza UUID: c9d4ed902ec647ac97fd80034d43db97
[12/25 14:41:24] [INFO] [HTTP] GET: http://localhost:23333/api/instance?uuid=5ef0dbceb990427491f17789401c749e&daemonId=b6fce8e5714a45578ed47f965d6262ce&token=dfe803201e4f455d83b17b252bfbad891735148438879
[12/25 14:41:24] [INFO] [HTTP] IP: ::1 USER: jonatasperaza UUID: c9d4ed902ec647ac97fd80034d43db97
[12/25 14:41:27] [INFO] [HTTP] GET: http://localhost:23333/api/instance?uuid=5ef0dbceb990427491f17789401c749e&daemonId=b6fce8e5714a45578ed47f965d6262ce&token=dfe803201e4f455d83b17b252bfbad891735148438879
[12/25 14:41:27] [INFO] [HTTP] IP: ::1 USER: jonatasperaza UUID: c9d4ed902ec647ac97fd80034d43db97
[12/25 14:41:30] [INFO] [HTTP] GET: http://localhost:23333/api/instance?uuid=5ef0dbceb990427491f17789401c749e&daemonId=b6fce8e5714a45578ed47f965d6262ce&token=dfe803201e4f455d83b17b252bfbad891735148438879
[12/25 14:41:30] [INFO] [HTTP] IP: ::1 USER: jonatasperaza UUID: c9d4ed902ec647ac97fd80034d43db97
[12/25 14:41:33] [INFO] [HTTP] GET: http://localhost:23333/api/instance?uuid=5ef0dbceb990427491f17789401c749e&daemonId=b6fce8e5714a45578ed47f965d6262ce&token=dfe803201e4f455d83b17b252bfbad891735148438879
[12/25 14:41:33] [INFO] [HTTP] IP: ::1 USER: jonatasperaza UUID: c9d4ed902ec647ac97fd80034d43db97
[12/25 14:41:36] [INFO] [HTTP] GET: http://localhost:23333/api/instance?uuid=5ef0dbceb990427491f17789401c749e&daemonId=b6fce8e5714a45578ed47f965d6262ce&token=dfe803201e4f455d83b17b252bfbad891735148438879
[12/25 14:41:36] [INFO] [HTTP] IP: ::1 USER: jonatasperaza UUID: c9d4ed902ec647ac97fd80034d43db97
[12/25 14:41:39] [INFO] [HTTP] GET: http://localhost:23333/api/instance?uuid=5ef0dbceb990427491f17789401c749e&daemonId=b6fce8e5714a45578ed47f965d6262ce&token=dfe803201e4f455d83b17b252bfbad891735148438879
[12/25 14:41:39] [INFO] [HTTP] IP: ::1 USER: jonatasperaza UUID: c9d4ed902ec647ac97fd80034d43db97
[12/25 14:41:42] [INFO] [HTTP] GET: http://localhost:23333/api/instance?uuid=5ef0dbceb990427491f17789401c749e&daemonId=b6fce8e5714a45578ed47f965d6262ce&token=dfe803201e4f455d83b17b252bfbad891735148438879
[12/25 14:41:42] [INFO] [HTTP] IP: ::1 USER: jonatasperaza UUID: c9d4ed902ec647ac97fd80034d43db97
[12/25 14:41:45] [INFO] [HTTP] GET: http://localhost:23333/api/instance?uuid=5ef0dbceb990427491f17789401c749e&daemonId=b6fce8e5714a45578ed47f965d6262ce&token=dfe803201e4f455d83b17b252bfbad891735148438879
[12/25 14:41:45] [INFO] [HTTP] IP: ::1 USER: jonatasperaza UUID: c9d4ed902ec647ac97fd80034d43db97
[12/25 14:41:48] [INFO] [HTTP] GET: http://localhost:23333/api/instance?uuid=5ef0dbceb990427491f17789401c749e&daemonId=b6fce8e5714a45578ed47f965d6262ce&token=dfe803201e4f455d83b17b252bfbad891735148438879
[12/25 14:41:48] [INFO] [HTTP] IP: ::1 USER: jonatasperaza UUID: c9d4ed902ec647ac97fd80034d43db97
[12/25 14:41:51] [INFO] [HTTP] GET: http://localhost:23333/api/instance?uuid=5ef0dbceb990427491f17789401c749e&daemonId=b6fce8e5714a45578ed47f965d6262ce&token=dfe803201e4f455d83b17b252bfbad891735148438879
[12/25 14:41:51] [INFO] [HTTP] IP: ::1 USER: jonatasperaza UUID: c9d4ed902ec647ac97fd80034d43db97
[12/25 14:41:54] [INFO] [HTTP] GET: http://localhost:23333/api/instance?uuid=5ef0dbceb990427491f17789401c749e&daemonId=b6fce8e5714a45578ed47f965d6262ce&token=dfe803201e4f455d83b17b252bfbad891735148438879
[12/25 14:41:54] [INFO] [HTTP] IP: ::1 USER: jonatasperaza UUID: c9d4ed902ec647ac97fd80034d43db97
[12/25 14:41:57] [INFO] [HTTP] GET: http://localhost:23333/api/instance?uuid=5ef0dbceb990427491f17789401c749e&daemonId=b6fce8e5714a45578ed47f965d6262ce&token=dfe803201e4f455d83b17b252bfbad891735148438879
[12/25 14:41:57] [INFO] [HTTP] IP: ::1 USER: jonatasperaza UUID: c9d4ed902ec647ac97fd80034d43db97
[12/25 14:42:00] [INFO] [HTTP] GET: http://localhost:23333/api/instance?uuid=5ef0dbceb990427491f17789401c749e&daemonId=b6fce8e5714a45578ed47f965d6262ce&token=dfe803201e4f455d83b17b252bfbad891735148438879
[12/25 14:42:00] [INFO] [HTTP] IP: ::1 USER: jonatasperaza UUID: c9d4ed902ec647ac97fd80034d43db97
[12/25 14:42:03] [INFO] [HTTP] GET: http://localhost:23333/api/instance?uuid=5ef0dbceb990427491f17789401c749e&daemonId=b6fce8e5714a45578ed47f965d6262ce&token=dfe803201e4f455d83b17b252bfbad891735148438879
[12/25 14:42:03] [INFO] [HTTP] IP: ::1 USER: jonatasperaza UUID: c9d4ed902ec647ac97fd80034d43db97
[12/25 14:42:06] [INFO] [HTTP] GET: http://localhost:23333/api/instance?uuid=5ef0dbceb990427491f17789401c749e&daemonId=b6fce8e5714a45578ed47f965d6262ce&token=dfe803201e4f455d83b17b252bfbad891735148438879
[12/25 14:42:06] [INFO] [HTTP] IP: ::1 USER: jonatasperaza UUID: c9d4ed902ec647ac97fd80034d43db97
[12/25 14:42:09] [INFO] [HTTP] GET: http://localhost:23333/api/instance?uuid=5ef0dbceb990427491f17789401c749e&daemonId=b6fce8e5714a45578ed47f965d6262ce&token=dfe803201e4f455d83b17b252bfbad891735148438879
[12/25 14:42:09] [INFO] [HTTP] IP: ::1 USER: jonatasperaza UUID: c9d4ed902ec647ac97fd80034d43db97
[12/25 14:42:12] [INFO] [HTTP] GET: http://localhost:23333/api/instance?uuid=5ef0dbceb990427491f17789401c749e&daemonId=b6fce8e5714a45578ed47f965d6262ce&token=dfe803201e4f455d83b17b252bfbad891735148438879
[12/25 14:42:12] [INFO] [HTTP] IP: ::1 USER: jonatasperaza UUID: c9d4ed902ec647ac97fd80034d43db97
[12/25 14:42:15] [INFO] [HTTP] GET: http://localhost:23333/api/instance?uuid=5ef0dbceb990427491f17789401c749e&daemonId=b6fce8e5714a45578ed47f965d6262ce&token=dfe803201e4f455d83b17b252bfbad891735148438879
[12/25 14:42:15] [INFO] [HTTP] IP: ::1 USER: jonatasperaza UUID: c9d4ed902ec647ac97fd80034d43db97
[12/25 14:42:18] [INFO] [HTTP] GET: http://localhost:23333/api/instance?uuid=5ef0dbceb990427491f17789401c749e&daemonId=b6fce8e5714a45578ed47f965d6262ce&token=dfe803201e4f455d83b17b252bfbad891735148438879
[12/25 14:42:18] [INFO] [HTTP] IP: ::1 USER: jonatasperaza UUID: c9d4ed902ec647ac97fd80034d43db97
[12/25 14:42:21] [INFO] [HTTP] GET: http://localhost:23333/api/instance?uuid=5ef0dbceb990427491f17789401c749e&daemonId=b6fce8e5714a45578ed47f965d6262ce&token=dfe803201e4f455d83b17b252bfbad891735148438879
[12/25 14:42:21] [INFO] [HTTP] IP: ::1 USER: jonatasperaza UUID: c9d4ed902ec647ac97fd80034d43db97
[12/25 14:42:24] [INFO] [HTTP] GET: http://localhost:23333/api/instance?uuid=5ef0dbceb990427491f17789401c749e&daemonId=b6fce8e5714a45578ed47f965d6262ce&token=dfe803201e4f455d83b17b252bfbad891735148438879
[12/25 14:42:24] [INFO] [HTTP] IP: ::1 USER: jonatasperaza UUID: c9d4ed902ec647ac97fd80034d43db97
[12/25 14:42:27] [INFO] [HTTP] GET: http://localhost:23333/api/instance?uuid=5ef0dbceb990427491f17789401c749e&daemonId=b6fce8e5714a45578ed47f965d6262ce&token=dfe803201e4f455d83b17b252bfbad891735148438879
[12/25 14:42:27] [INFO] [HTTP] IP: ::1 USER: jonatasperaza UUID: c9d4ed902ec647ac97fd80034d43db97
[12/25 14:42:30] [INFO] [HTTP] GET: http://localhost:23333/api/instance?uuid=5ef0dbceb990427491f17789401c749e&daemonId=b6fce8e5714a45578ed47f965d6262ce&token=dfe803201e4f455d83b17b252bfbad891735148438879
[12/25 14:42:30] [INFO] [HTTP] IP: ::1 USER: jonatasperaza UUID: c9d4ed902ec647ac97fd80034d43db97
[12/25 14:42:33] [INFO] [HTTP] GET: http://localhost:23333/api/instance?uuid=5ef0dbceb990427491f17789401c749e&daemonId=b6fce8e5714a45578ed47f965d6262ce&token=dfe803201e4f455d83b17b252bfbad891735148438879
[12/25 14:42:33] [INFO] [HTTP] IP: ::1 USER: jonatasperaza UUID: c9d4ed902ec647ac97fd80034d43db97
[12/25 14:42:36] [INFO] [HTTP] GET: http://localhost:23333/api/instance?uuid=5ef0dbceb990427491f17789401c749e&daemonId=b6fce8e5714a45578ed47f965d6262ce&token=dfe803201e4f455d83b17b252bfbad891735148438879
[12/25 14:42:36] [INFO] [HTTP] IP: ::1 USER: jonatasperaza UUID: c9d4ed902ec647ac97fd80034d43db97
[12/25 14:42:39] [INFO] [HTTP] GET: http://localhost:23333/api/instance?uuid=5ef0dbceb990427491f17789401c749e&daemonId=b6fce8e5714a45578ed47f965d6262ce&token=dfe803201e4f455d83b17b252bfbad891735148438879
[12/25 14:42:39] [INFO] [HTTP] IP: ::1 USER: jonatasperaza UUID: c9d4ed902ec647ac97fd80034d43db97
[12/25 14:42:42] [INFO] [HTTP] GET: http://localhost:23333/api/instance?uuid=5ef0dbceb990427491f17789401c749e&daemonId=b6fce8e5714a45578ed47f965d6262ce&token=dfe803201e4f455d83b17b252bfbad891735148438879
[12/25 14:42:42] [INFO] [HTTP] IP: ::1 USER: jonatasperaza UUID: c9d4ed902ec647ac97fd80034d43db97
[12/25 14:42:45] [INFO] [HTTP] GET: http://localhost:23333/api/instance?uuid=5ef0dbceb990427491f17789401c749e&daemonId=b6fce8e5714a45578ed47f965d6262ce&token=dfe803201e4f455d83b17b252bfbad891735148438879
[12/25 14:42:45] [INFO] [HTTP] IP: ::1 USER: jonatasperaza UUID: c9d4ed902ec647ac97fd80034d43db97
[12/25 14:42:48] [INFO] [HTTP] GET: http://localhost:23333/api/instance?uuid=5ef0dbceb990427491f17789401c749e&daemonId=b6fce8e5714a45578ed47f965d6262ce&token=dfe803201e4f455d83b17b252bfbad891735148438879
[12/25 14:42:48] [INFO] [HTTP] IP: ::1 USER: jonatasperaza UUID: c9d4ed902ec647ac97fd80034d43db97
[12/25 14:42:51] [INFO] [HTTP] GET: http://localhost:23333/api/instance?uuid=5ef0dbceb990427491f17789401c749e&daemonId=b6fce8e5714a45578ed47f965d6262ce&token=dfe803201e4f455d83b17b252bfbad891735148438879
[12/25 14:42:51] [INFO] [HTTP] IP: ::1 USER: jonatasperaza UUID: c9d4ed902ec647ac97fd80034d43db97
[12/25 14:42:54] [INFO] [HTTP] GET: http://localhost:23333/api/instance?uuid=5ef0dbceb990427491f17789401c749e&daemonId=b6fce8e5714a45578ed47f965d6262ce&token=dfe803201e4f455d83b17b252bfbad891735148438879
[12/25 14:42:54] [INFO] [HTTP] IP: ::1 USER: jonatasperaza UUID: c9d4ed902ec647ac97fd80034d43db97
[12/25 14:42:57] [INFO] [HTTP] GET: http://localhost:23333/api/instance?uuid=5ef0dbceb990427491f17789401c749e&daemonId=b6fce8e5714a45578ed47f965d6262ce&token=dfe803201e4f455d83b17b252bfbad891735148438879
[12/25 14:42:57] [INFO] [HTTP] IP: ::1 USER: jonatasperaza UUID: c9d4ed902ec647ac97fd80034d43db97
[12/25 14:43:00] [INFO] [HTTP] GET: http://localhost:23333/api/instance?uuid=5ef0dbceb990427491f17789401c749e&daemonId=b6fce8e5714a45578ed47f965d6262ce&token=dfe803201e4f455d83b17b252bfbad891735148438879
[12/25 14:43:00] [INFO] [HTTP] IP: ::1 USER: jonatasperaza UUID: c9d4ed902ec647ac97fd80034d43db97
[12/25 14:43:03] [INFO] [HTTP] GET: http://localhost:23333/api/instance?uuid=5ef0dbceb990427491f17789401c749e&daemonId=b6fce8e5714a45578ed47f965d6262ce&token=dfe803201e4f455d83b17b252bfbad891735148438879
[12/25 14:43:03] [INFO] [HTTP] IP: ::1 USER: jonatasperaza UUID: c9d4ed902ec647ac97fd80034d43db97
[12/25 14:43:06] [INFO] [HTTP] GET: http://localhost:23333/api/instance?uuid=5ef0dbceb990427491f17789401c749e&daemonId=b6fce8e5714a45578ed47f965d6262ce&token=dfe803201e4f455d83b17b252bfbad891735148438879
[12/25 14:43:06] [INFO] [HTTP] IP: ::1 USER: jonatasperaza UUID: c9d4ed902ec647ac97fd80034d43db97
[12/25 14:43:09] [INFO] [HTTP] GET: http://localhost:23333/api/instance?uuid=5ef0dbceb990427491f17789401c749e&daemonId=b6fce8e5714a45578ed47f965d6262ce&token=dfe803201e4f455d83b17b252bfbad891735148438879
[12/25 14:43:09] [INFO] [HTTP] IP: ::1 USER: jonatasperaza UUID: c9d4ed902ec647ac97fd80034d43db97
[12/25 14:43:12] [INFO] [HTTP] GET: http://localhost:23333/api/instance?uuid=5ef0dbceb990427491f17789401c749e&daemonId=b6fce8e5714a45578ed47f965d6262ce&token=dfe803201e4f455d83b17b252bfbad891735148438879
[12/25 14:43:12] [INFO] [HTTP] IP: ::1 USER: jonatasperaza UUID: c9d4ed902ec647ac97fd80034d43db97
[12/25 14:43:15] [INFO] [HTTP] GET: http://localhost:23333/api/instance?uuid=5ef0dbceb990427491f17789401c749e&daemonId=b6fce8e5714a45578ed47f965d6262ce&token=dfe803201e4f455d83b17b252bfbad891735148438879
[12/25 14:43:15] [INFO] [HTTP] IP: ::1 USER: jonatasperaza UUID: c9d4ed902ec647ac97fd80034d43db97
[12/25 14:43:18] [INFO] [HTTP] GET: http://localhost:23333/api/instance?uuid=5ef0dbceb990427491f17789401c749e&daemonId=b6fce8e5714a45578ed47f965d6262ce&token=dfe803201e4f455d83b17b252bfbad891735148438879
[12/25 14:43:18] [INFO] [HTTP] IP: ::1 USER: jonatasperaza UUID: c9d4ed902ec647ac97fd80034d43db97
[12/25 14:43:22] [INFO] [HTTP] GET: http://localhost:23333/api/instance?uuid=5ef0dbceb990427491f17789401c749e&daemonId=b6fce8e5714a45578ed47f965d6262ce&token=dfe803201e4f455d83b17b252bfbad891735148438879
[12/25 14:43:22] [INFO] [HTTP] IP: ::1 USER: jonatasperaza UUID: c9d4ed902ec647ac97fd80034d43db97
[12/25 14:43:24] [INFO] [HTTP] GET: http://localhost:23333/api/instance?uuid=5ef0dbceb990427491f17789401c749e&daemonId=b6fce8e5714a45578ed47f965d6262ce&token=dfe803201e4f455d83b17b252bfbad891735148438879
[12/25 14:43:24] [INFO] [HTTP] IP: ::1 USER: jonatasperaza UUID: c9d4ed902ec647ac97fd80034d43db97
[12/25 14:43:27] [INFO] [HTTP] GET: http://localhost:23333/api/instance?uuid=5ef0dbceb990427491f17789401c749e&daemonId=b6fce8e5714a45578ed47f965d6262ce&token=dfe803201e4f455d83b17b252bfbad891735148438879
[12/25 14:43:27] [INFO] [HTTP] IP: ::1 USER: jonatasperaza UUID: c9d4ed902ec647ac97fd80034d43db97
[12/25 14:43:30] [INFO] [HTTP] GET: http://localhost:23333/api/instance?uuid=5ef0dbceb990427491f17789401c749e&daemonId=b6fce8e5714a45578ed47f965d6262ce&token=dfe803201e4f455d83b17b252bfbad891735148438879
[12/25 14:43:30] [INFO] [HTTP] IP: ::1 USER: jonatasperaza UUID: c9d4ed902ec647ac97fd80034d43db97
[12/25 14:43:33] [INFO] [HTTP] GET: http://localhost:23333/api/instance?uuid=5ef0dbceb990427491f17789401c749e&daemonId=b6fce8e5714a45578ed47f965d6262ce&token=dfe803201e4f455d83b17b252bfbad891735148438879
[12/25 14:43:33] [INFO] [HTTP] IP: ::1 USER: jonatasperaza UUID: c9d4ed902ec647ac97fd80034d43db97
[12/25 14:43:36] [INFO] [HTTP] GET: http://localhost:23333/api/instance?uuid=5ef0dbceb990427491f17789401c749e&daemonId=b6fce8e5714a45578ed47f965d6262ce&token=dfe803201e4f455d83b17b252bfbad891735148438879
[12/25 14:43:36] [INFO] [HTTP] IP: ::1 USER: jonatasperaza UUID: c9d4ed902ec647ac97fd80034d43db97
[12/25 14:43:39] [INFO] [HTTP] GET: http://localhost:23333/api/instance?uuid=5ef0dbceb990427491f17789401c749e&daemonId=b6fce8e5714a45578ed47f965d6262ce&token=dfe803201e4f455d83b17b252bfbad891735148438879
[12/25 14:43:39] [INFO] [HTTP] IP: ::1 USER: jonatasperaza UUID: c9d4ed902ec647ac97fd80034d43db97
[12/25 14:43:42] [INFO] [HTTP] GET: http://localhost:23333/api/instance?uuid=5ef0dbceb990427491f17789401c749e&daemonId=b6fce8e5714a45578ed47f965d6262ce&token=dfe803201e4f455d83b17b252bfbad891735148438879
[12/25 14:43:42] [INFO] [HTTP] IP: ::1 USER: jonatasperaza UUID: c9d4ed902ec647ac97fd80034d43db97
[12/25 14:43:45] [INFO] [HTTP] GET: http://localhost:23333/api/instance?uuid=5ef0dbceb990427491f17789401c749e&daemonId=b6fce8e5714a45578ed47f965d6262ce&token=dfe803201e4f455d83b17b252bfbad891735148438879
[12/25 14:43:45] [INFO] [HTTP] IP: ::1 USER: jonatasperaza UUID: c9d4ed902ec647ac97fd80034d43db97
[12/25 14:43:48] [INFO] [HTTP] GET: http://localhost:23333/api/instance?uuid=5ef0dbceb990427491f17789401c749e&daemonId=b6fce8e5714a45578ed47f965d6262ce&token=dfe803201e4f455d83b17b252bfbad891735148438879
[12/25 14:43:48] [INFO] [HTTP] IP: ::1 USER: jonatasperaza UUID: c9d4ed902ec647ac97fd80034d43db97
[12/25 14:43:51] [INFO] [HTTP] GET: http://localhost:23333/api/instance?uuid=5ef0dbceb990427491f17789401c749e&daemonId=b6fce8e5714a45578ed47f965d6262ce&token=dfe803201e4f455d83b17b252bfbad891735148438879
[12/25 14:43:51] [INFO] [HTTP] IP: ::1 USER: jonatasperaza UUID: c9d4ed902ec647ac97fd80034d43db97
[12/25 14:43:54] [INFO] [HTTP] GET: http://localhost:23333/api/instance?uuid=5ef0dbceb990427491f17789401c749e&daemonId=b6fce8e5714a45578ed47f965d6262ce&token=dfe803201e4f455d83b17b252bfbad891735148438879
[12/25 14:43:54] [INFO] [HTTP] IP: ::1 USER: jonatasperaza UUID: c9d4ed902ec647ac97fd80034d43db97
[12/25 14:43:57] [INFO] [HTTP] GET: http://localhost:23333/api/instance?uuid=5ef0dbceb990427491f17789401c749e&daemonId=b6fce8e5714a45578ed47f965d6262ce&token=dfe803201e4f455d83b17b252bfbad891735148438879
[12/25 14:43:57] [INFO] [HTTP] IP: ::1 USER: jonatasperaza UUID: c9d4ed902ec647ac97fd80034d43db97
[12/25 14:44:00] [INFO] [HTTP] GET: http://localhost:23333/api/instance?uuid=5ef0dbceb990427491f17789401c749e&daemonId=b6fce8e5714a45578ed47f965d6262ce&token=dfe803201e4f455d83b17b252bfbad891735148438879
[12/25 14:44:00] [INFO] [HTTP] IP: ::1 USER: jonatasperaza UUID: c9d4ed902ec647ac97fd80034d43db97
[12/25 14:44:03] [INFO] [HTTP] GET: http://localhost:23333/api/instance?uuid=5ef0dbceb990427491f17789401c749e&daemonId=b6fce8e5714a45578ed47f965d6262ce&token=dfe803201e4f455d83b17b252bfbad891735148438879
[12/25 14:44:03] [INFO] [HTTP] IP: ::1 USER: jonatasperaza UUID: c9d4ed902ec647ac97fd80034d43db97
[12/25 14:44:06] [INFO] [HTTP] GET: http://localhost:23333/api/instance?uuid=5ef0dbceb990427491f17789401c749e&daemonId=b6fce8e5714a45578ed47f965d6262ce&token=dfe803201e4f455d83b17b252bfbad891735148438879
[12/25 14:44:06] [INFO] [HTTP] IP: ::1 USER: jonatasperaza UUID: c9d4ed902ec647ac97fd80034d43db97
[12/25 14:44:09] [INFO] [HTTP] GET: http://localhost:23333/api/instance?uuid=5ef0dbceb990427491f17789401c749e&daemonId=b6fce8e5714a45578ed47f965d6262ce&token=dfe803201e4f455d83b17b252bfbad891735148438879
[12/25 14:44:09] [INFO] [HTTP] IP: ::1 USER: jonatasperaza UUID: c9d4ed902ec647ac97fd80034d43db97
[12/25 14:44:12] [INFO] [HTTP] GET: http://localhost:23333/api/instance?uuid=5ef0dbceb990427491f17789401c749e&daemonId=b6fce8e5714a45578ed47f965d6262ce&token=dfe803201e4f455d83b17b252bfbad891735148438879
[12/25 14:44:12] [INFO] [HTTP] IP: ::1 USER: jonatasperaza UUID: c9d4ed902ec647ac97fd80034d43db97
[12/25 14:44:15] [INFO] [HTTP] GET: http://localhost:23333/api/instance?uuid=5ef0dbceb990427491f17789401c749e&daemonId=b6fce8e5714a45578ed47f965d6262ce&token=dfe803201e4f455d83b17b252bfbad891735148438879
[12/25 14:44:15] [INFO] [HTTP] IP: ::1 USER: jonatasperaza UUID: c9d4ed902ec647ac97fd80034d43db97
[12/25 14:44:20] [INFO] [HTTP] GET: http://localhost:23333/api/instance?uuid=5ef0dbceb990427491f17789401c749e&daemonId=b6fce8e5714a45578ed47f965d6262ce&token=dfe803201e4f455d83b17b252bfbad891735148438879
[12/25 14:44:20] [INFO] [HTTP] IP: ::1 USER: jonatasperaza UUID: c9d4ed902ec647ac97fd80034d43db97
[12/25 14:44:24] [INFO] [HTTP] GET: http://localhost:23333/api/instance?uuid=5ef0dbceb990427491f17789401c749e&daemonId=b6fce8e5714a45578ed47f965d6262ce&token=dfe803201e4f455d83b17b252bfbad891735148438879
[12/25 14:44:24] [INFO] [HTTP] IP: ::1 USER: jonatasperaza UUID: c9d4ed902ec647ac97fd80034d43db97
[12/25 14:44:28] [INFO] [HTTP] GET: http://localhost:23333/api/instance?uuid=5ef0dbceb990427491f17789401c749e&daemonId=b6fce8e5714a45578ed47f965d6262ce&token=dfe803201e4f455d83b17b252bfbad891735148438879
[12/25 14:44:28] [INFO] [HTTP] IP: ::1 USER: jonatasperaza UUID: c9d4ed902ec647ac97fd80034d43db97
[12/25 14:44:30] [INFO] [HTTP] GET: http://localhost:23333/api/instance?uuid=5ef0dbceb990427491f17789401c749e&daemonId=b6fce8e5714a45578ed47f965d6262ce&token=dfe803201e4f455d83b17b252bfbad891735148438879
[12/25 14:44:30] [INFO] [HTTP] IP: ::1 USER: jonatasperaza UUID: c9d4ed902ec647ac97fd80034d43db97
[12/25 14:44:33] [INFO] [HTTP] GET: http://localhost:23333/api/instance?uuid=5ef0dbceb990427491f17789401c749e&daemonId=b6fce8e5714a45578ed47f965d6262ce&token=dfe803201e4f455d83b17b252bfbad891735148438879
[12/25 14:44:33] [INFO] [HTTP] IP: ::1 USER: jonatasperaza UUID: c9d4ed902ec647ac97fd80034d43db97
[12/25 14:44:36] [INFO] [HTTP] GET: http://localhost:23333/api/instance?uuid=5ef0dbceb990427491f17789401c749e&daemonId=b6fce8e5714a45578ed47f965d6262ce&token=dfe803201e4f455d83b17b252bfbad891735148438879
[12/25 14:44:36] [INFO] [HTTP] IP: ::1 USER: jonatasperaza UUID: c9d4ed902ec647ac97fd80034d43db97
[12/25 14:44:39] [INFO] [HTTP] GET: http://localhost:23333/api/instance?uuid=5ef0dbceb990427491f17789401c749e&daemonId=b6fce8e5714a45578ed47f965d6262ce&token=dfe803201e4f455d83b17b252bfbad891735148438879
[12/25 14:44:39] [INFO] [HTTP] IP: ::1 USER: jonatasperaza UUID: c9d4ed902ec647ac97fd80034d43db97
[12/25 14:44:42] [INFO] [HTTP] GET: http://localhost:23333/api/instance?uuid=5ef0dbceb990427491f17789401c749e&daemonId=b6fce8e5714a45578ed47f965d6262ce&token=dfe803201e4f455d83b17b252bfbad891735148438879
[12/25 14:44:42] [INFO] [HTTP] IP: ::1 USER: jonatasperaza UUID: c9d4ed902ec647ac97fd80034d43db97
[12/25 14:44:45] [INFO] [HTTP] GET: http://localhost:23333/api/instance?uuid=5ef0dbceb990427491f17789401c749e&daemonId=b6fce8e5714a45578ed47f965d6262ce&token=dfe803201e4f455d83b17b252bfbad891735148438879
[12/25 14:44:45] [INFO] [HTTP] IP: ::1 USER: jonatasperaza UUID: c9d4ed902ec647ac97fd80034d43db97
[12/25 14:44:48] [INFO] [HTTP] GET: http://localhost:23333/api/instance?uuid=5ef0dbceb990427491f17789401c749e&daemonId=b6fce8e5714a45578ed47f965d6262ce&token=dfe803201e4f455d83b17b252bfbad891735148438879
[12/25 14:44:48] [INFO] [HTTP] IP: ::1 USER: jonatasperaza UUID: c9d4ed902ec647ac97fd80034d43db97
[12/25 14:44:51] [INFO] [HTTP] GET: http://localhost:23333/api/instance?uuid=5ef0dbceb990427491f17789401c749e&daemonId=b6fce8e5714a45578ed47f965d6262ce&token=dfe803201e4f455d83b17b252bfbad891735148438879
[12/25 14:44:51] [INFO] [HTTP] IP: ::1 USER: jonatasperaza UUID: c9d4ed902ec647ac97fd80034d43db97
[12/25 14:44:54] [INFO] [HTTP] GET: http://localhost:23333/api/instance?uuid=5ef0dbceb990427491f17789401c749e&daemonId=b6fce8e5714a45578ed47f965d6262ce&token=dfe803201e4f455d83b17b252bfbad891735148438879
[12/25 14:44:54] [INFO] [HTTP] IP: ::1 USER: jonatasperaza UUID: c9d4ed902ec647ac97fd80034d43db97
[12/25 14:44:57] [INFO] [HTTP] GET: http://localhost:23333/api/instance?uuid=5ef0dbceb990427491f17789401c749e&daemonId=b6fce8e5714a45578ed47f965d6262ce&token=dfe803201e4f455d83b17b252bfbad891735148438879
[12/25 14:44:57] [INFO] [HTTP] IP: ::1 USER: jonatasperaza UUID: c9d4ed902ec647ac97fd80034d43db97
[12/25 14:45:00] [INFO] [HTTP] GET: http://localhost:23333/api/instance?uuid=5ef0dbceb990427491f17789401c749e&daemonId=b6fce8e5714a45578ed47f965d6262ce&token=dfe803201e4f455d83b17b252bfbad891735148438879
[12/25 14:45:00] [INFO] [HTTP] IP: ::1 USER: jonatasperaza UUID: c9d4ed902ec647ac97fd80034d43db97
[12/25 14:53:00] [INFO] [HTTP] GET: http://localhost:23333/api/auth/
[12/25 14:53:00] [INFO] [HTTP] IP: ::1 USER: jonatasperaza UUID: c9d4ed902ec647ac97fd80034d43db97
[12/25 14:53:00] [INFO] [HTTP] POST: http://localhost:23333/api/protected_instance/stream_channel?daemonId=b6fce8e5714a45578ed47f965d6262ce&uuid=5ef0dbceb990427491f17789401c749e&token=dfe803201e4f455d83b17b252bfbad891735148438879
[12/25 14:53:00] [INFO] [HTTP] IP: ::1 USER: jonatasperaza UUID: c9d4ed902ec647ac97fd80034d43db97
[12/25 14:53:00] [INFO] [HTTP] GET: http://localhost:23333/api/instance?uuid=5ef0dbceb990427491f17789401c749e&daemonId=b6fce8e5714a45578ed47f965d6262ce&token=dfe803201e4f455d83b17b252bfbad891735148438879
[12/25 14:53:00] [INFO] [HTTP] IP: ::1 USER: jonatasperaza UUID: c9d4ed902ec647ac97fd80034d43db97
[12/25 14:53:01] [INFO] [HTTP] GET: http://localhost:23333/api/protected_instance/outputlog?uuid=5ef0dbceb990427491f17789401c749e&daemonId=b6fce8e5714a45578ed47f965d6262ce&token=dfe803201e4f455d83b17b252bfbad891735148438879
[12/25 14:53:01] [INFO] [HTTP] IP: ::1 USER: jonatasperaza UUID: c9d4ed902ec647ac97fd80034d43db97
[12/25 21:41:58] [INFO] [HTTP] GET: http://localhost:23333/
[12/25 21:41:58] [INFO] [HTTP] IP: ::1 USER: jonatasperaza UUID: c9d4ed902ec647ac97fd80034d43db97
[12/25 21:41:59] [INFO] [HTTP] GET: http://localhost:23333/assets/index-64e20a3a.js
[12/25 21:41:59] [INFO] [HTTP] IP: ::1 USER: jonatasperaza UUID: c9d4ed902ec647ac97fd80034d43db97
[12/25 21:41:59] [INFO] [HTTP] GET: http://localhost:23333/assets/ant-29992a7d.js
[12/25 21:41:59] [INFO] [HTTP] IP: ::1 USER: jonatasperaza UUID: c9d4ed902ec647ac97fd80034d43db97
[12/25 21:41:59] [INFO] [HTTP] GET: http://localhost:23333/assets/vue-e790828e.js
[12/25 21:41:59] [INFO] [HTTP] IP: ::1 USER: jonatasperaza UUID: c9d4ed902ec647ac97fd80034d43db97
[12/25 21:41:59] [INFO] [HTTP] GET: http://localhost:23333/assets/ant-es-8d8f5c96.js
[12/25 21:41:59] [INFO] [HTTP] IP: ::1 USER: jonatasperaza UUID: c9d4ed902ec647ac97fd80034d43db97
[12/25 21:41:59] [INFO] [HTTP] GET: http://localhost:23333/assets/ant-25a63267.css
[12/25 21:41:59] [INFO] [HTTP] IP: ::1 USER: jonatasperaza UUID: c9d4ed902ec647ac97fd80034d43db97
[12/25 21:41:59] [INFO] [HTTP] GET: http://localhost:23333/api/auth/status
[12/25 21:41:59] [INFO] [HTTP] IP: ::1 USER: jonatasperaza UUID: c9d4ed902ec647ac97fd80034d43db97
[12/25 21:41:59] [INFO] [HTTP] GET: http://localhost:23333/assets/pt_BR-774fdffc.js
[12/25 21:41:59] [INFO] [HTTP] IP: ::1 USER: jonatasperaza UUID: c9d4ed902ec647ac97fd80034d43db97
[12/25 21:41:59] [INFO] [HTTP] GET: http://localhost:23333/assets/mount-51d7db67.js
[12/25 21:41:59] [INFO] [HTTP] IP: ::1 USER: jonatasperaza UUID: c9d4ed902ec647ac97fd80034d43db97
[12/25 21:41:59] [INFO] [HTTP] GET: http://localhost:23333/assets/echart-372a619d.js
[12/25 21:41:59] [INFO] [HTTP] IP: ::1 USER: jonatasperaza UUID: c9d4ed902ec647ac97fd80034d43db97
[12/25 21:41:59] [INFO] [HTTP] GET: http://localhost:23333/assets/xterm-a429e2b3.js
[12/25 21:41:59] [INFO] [HTTP] IP: ::1 USER: jonatasperaza UUID: c9d4ed902ec647ac97fd80034d43db97
[12/25 21:41:59] [INFO] [HTTP] GET: http://localhost:23333/assets/codemirror-df17d2c3.js
[12/25 21:41:59] [INFO] [HTTP] IP: ::1 USER: jonatasperaza UUID: c9d4ed902ec647ac97fd80034d43db97
[12/25 21:41:59] [INFO] [HTTP] GET: http://localhost:23333/assets/htmlparser2-be168f8e.js
[12/25 21:41:59] [INFO] [HTTP] IP: ::1 USER: jonatasperaza UUID: c9d4ed902ec647ac97fd80034d43db97
[12/25 21:41:59] [INFO] [HTTP] GET: http://localhost:23333/assets/mount-167cc0e2.css
[12/25 21:41:59] [INFO] [HTTP] IP: ::1 USER: jonatasperaza UUID: c9d4ed902ec647ac97fd80034d43db97
[12/25 21:41:59] [INFO] [HTTP] GET: http://localhost:23333/assets/zrender-bd06e061.js
[12/25 21:41:59] [INFO] [HTTP] IP: ::1 USER: jonatasperaza UUID: c9d4ed902ec647ac97fd80034d43db97
[12/25 21:42:00] [INFO] [HTTP] GET: http://localhost:23333/api/auth/
[12/25 21:42:00] [INFO] [HTTP] IP: ::1 USER: jonatasperaza UUID: c9d4ed902ec647ac97fd80034d43db97
[12/25 21:42:00] [INFO] [HTTP] GET: http://localhost:23333/assets/logo-586bf317.png
[12/25 21:42:00] [INFO] [HTTP] IP: ::1 USER: jonatasperaza UUID: c9d4ed902ec647ac97fd80034d43db97
[12/25 21:42:00] [INFO] [HTTP] GET: http://localhost:23333/api/service/remote_services_list?token=dfe803201e4f455d83b17b252bfbad891735148438879
[12/25 21:42:00] [INFO] [HTTP] IP: ::1 USER: jonatasperaza UUID: c9d4ed902ec647ac97fd80034d43db97
[12/25 21:42:01] [INFO] [HTTP] GET: http://localhost:23333/api/service/remote_service_instances?daemonId=b6fce8e5714a45578ed47f965d6262ce&page=1&page_size=20&status=&instance_name=&tag=[]&token=dfe803201e4f455d83b17b252bfbad891735148438879
[12/25 21:42:01] [INFO] [HTTP] IP: ::1 USER: jonatasperaza UUID: c9d4ed902ec647ac97fd80034d43db97
[12/25 21:42:03] [INFO] [HTTP] POST: http://localhost:23333/api/protected_instance/stream_channel?daemonId=b6fce8e5714a45578ed47f965d6262ce&uuid=5ef0dbceb990427491f17789401c749e&token=dfe803201e4f455d83b17b252bfbad891735148438879
[12/25 21:42:03] [INFO] [HTTP] IP: ::1 USER: jonatasperaza UUID: c9d4ed902ec647ac97fd80034d43db97
[12/25 21:42:03] [INFO] [HTTP] GET: http://localhost:23333/api/instance?uuid=5ef0dbceb990427491f17789401c749e&daemonId=b6fce8e5714a45578ed47f965d6262ce&token=dfe803201e4f455d83b17b252bfbad891735148438879
[12/25 21:42:03] [INFO] [HTTP] IP: ::1 USER: jonatasperaza UUID: c9d4ed902ec647ac97fd80034d43db97
[12/25 21:42:03] [INFO] [HTTP] GET: http://localhost:23333/api/protected_instance/outputlog?uuid=5ef0dbceb990427491f17789401c749e&daemonId=b6fce8e5714a45578ed47f965d6262ce&token=dfe803201e4f455d83b17b252bfbad891735148438879
[12/25 21:42:03] [INFO] [HTTP] IP: ::1 USER: jonatasperaza UUID: c9d4ed902ec647ac97fd80034d43db97
[12/25 21:42:07] [INFO] [HTTP] GET: http://localhost:23333/api/instance?uuid=5ef0dbceb990427491f17789401c749e&daemonId=b6fce8e5714a45578ed47f965d6262ce&token=dfe803201e4f455d83b17b252bfbad891735148438879
[12/25 21:42:07] [INFO] [HTTP] IP: ::1 USER: jonatasperaza UUID: c9d4ed902ec647ac97fd80034d43db97
[12/25 21:42:10] [INFO] [HTTP] GET: http://localhost:23333/api/instance?uuid=5ef0dbceb990427491f17789401c749e&daemonId=b6fce8e5714a45578ed47f965d6262ce&token=dfe803201e4f455d83b17b252bfbad891735148438879
[12/25 21:42:10] [INFO] [HTTP] IP: ::1 USER: jonatasperaza UUID: c9d4ed902ec647ac97fd80034d43db97
[12/25 21:42:13] [INFO] [HTTP] GET: http://localhost:23333/api/instance?uuid=5ef0dbceb990427491f17789401c749e&daemonId=b6fce8e5714a45578ed47f965d6262ce&token=dfe803201e4f455d83b17b252bfbad891735148438879
[12/25 21:42:13] [INFO] [HTTP] IP: ::1 USER: jonatasperaza UUID: c9d4ed902ec647ac97fd80034d43db97
[12/25 21:42:16] [INFO] [HTTP] GET: http://localhost:23333/api/instance?uuid=5ef0dbceb990427491f17789401c749e&daemonId=b6fce8e5714a45578ed47f965d6262ce&token=dfe803201e4f455d83b17b252bfbad891735148438879
[12/25 21:42:16] [INFO] [HTTP] IP: ::1 USER: jonatasperaza UUID: c9d4ed902ec647ac97fd80034d43db97
[12/25 21:42:19] [INFO] [HTTP] GET: http://localhost:23333/api/instance?uuid=5ef0dbceb990427491f17789401c749e&daemonId=b6fce8e5714a45578ed47f965d6262ce&token=dfe803201e4f455d83b17b252bfbad891735148438879
[12/25 21:42:19] [INFO] [HTTP] IP: ::1 USER: jonatasperaza UUID: c9d4ed902ec647ac97fd80034d43db97
[12/25 21:42:22] [INFO] [HTTP] GET: http://localhost:23333/api/instance?uuid=5ef0dbceb990427491f17789401c749e&daemonId=b6fce8e5714a45578ed47f965d6262ce&token=dfe803201e4f455d83b17b252bfbad891735148438879
[12/25 21:42:22] [INFO] [HTTP] IP: ::1 USER: jonatasperaza UUID: c9d4ed902ec647ac97fd80034d43db97
[12/25 21:42:25] [INFO] [HTTP] GET: http://localhost:23333/api/instance?uuid=5ef0dbceb990427491f17789401c749e&daemonId=b6fce8e5714a45578ed47f965d6262ce&token=dfe803201e4f455d83b17b252bfbad891735148438879
[12/25 21:42:25] [INFO] [HTTP] IP: ::1 USER: jonatasperaza UUID: c9d4ed902ec647ac97fd80034d43db97
[12/25 21:42:28] [INFO] [HTTP] GET: http://localhost:23333/api/instance?uuid=5ef0dbceb990427491f17789401c749e&daemonId=b6fce8e5714a45578ed47f965d6262ce&token=dfe803201e4f455d83b17b252bfbad891735148438879
[12/25 21:42:28] [INFO] [HTTP] IP: ::1 USER: jonatasperaza UUID: c9d4ed902ec647ac97fd80034d43db97
[12/25 21:42:31] [INFO] [HTTP] GET: http://localhost:23333/api/instance?uuid=5ef0dbceb990427491f17789401c749e&daemonId=b6fce8e5714a45578ed47f965d6262ce&token=dfe803201e4f455d83b17b252bfbad891735148438879
[12/25 21:42:31] [INFO] [HTTP] IP: ::1 USER: jonatasperaza UUID: c9d4ed902ec647ac97fd80034d43db97
[12/25 21:42:34] [INFO] [HTTP] GET: http://localhost:23333/api/instance?uuid=5ef0dbceb990427491f17789401c749e&daemonId=b6fce8e5714a45578ed47f965d6262ce&token=dfe803201e4f455d83b17b252bfbad891735148438879
[12/25 21:42:34] [INFO] [HTTP] IP: ::1 USER: jonatasperaza UUID: c9d4ed902ec647ac97fd80034d43db97
[12/25 21:42:37] [INFO] [HTTP] GET: http://localhost:23333/api/instance?uuid=5ef0dbceb990427491f17789401c749e&daemonId=b6fce8e5714a45578ed47f965d6262ce&token=dfe803201e4f455d83b17b252bfbad891735148438879
[12/25 21:42:37] [INFO] [HTTP] IP: ::1 USER: jonatasperaza UUID: c9d4ed902ec647ac97fd80034d43db97
[12/25 21:42:40] [INFO] [HTTP] GET: http://localhost:23333/api/instance?uuid=5ef0dbceb990427491f17789401c749e&daemonId=b6fce8e5714a45578ed47f965d6262ce&token=dfe803201e4f455d83b17b252bfbad891735148438879
[12/25 21:42:40] [INFO] [HTTP] IP: ::1 USER: jonatasperaza UUID: c9d4ed902ec647ac97fd80034d43db97
[12/25 21:42:43] [INFO] [HTTP] GET: http://localhost:23333/api/instance?uuid=5ef0dbceb990427491f17789401c749e&daemonId=b6fce8e5714a45578ed47f965d6262ce&token=dfe803201e4f455d83b17b252bfbad891735148438879
[12/25 21:42:43] [INFO] [HTTP] IP: ::1 USER: jonatasperaza UUID: c9d4ed902ec647ac97fd80034d43db97
[12/25 21:42:46] [INFO] [HTTP] GET: http://localhost:23333/api/instance?uuid=5ef0dbceb990427491f17789401c749e&daemonId=b6fce8e5714a45578ed47f965d6262ce&token=dfe803201e4f455d83b17b252bfbad891735148438879
[12/25 21:42:46] [INFO] [HTTP] IP: ::1 USER: jonatasperaza UUID: c9d4ed902ec647ac97fd80034d43db97
[12/25 21:42:49] [INFO] [HTTP] GET: http://localhost:23333/api/instance?uuid=5ef0dbceb990427491f17789401c749e&daemonId=b6fce8e5714a45578ed47f965d6262ce&token=dfe803201e4f455d83b17b252bfbad891735148438879
[12/25 21:42:49] [INFO] [HTTP] IP: ::1 USER: jonatasperaza UUID: c9d4ed902ec647ac97fd80034d43db97
[12/25 21:42:52] [INFO] [HTTP] GET: http://localhost:23333/api/instance?uuid=5ef0dbceb990427491f17789401c749e&daemonId=b6fce8e5714a45578ed47f965d6262ce&token=dfe803201e4f455d83b17b252bfbad891735148438879
[12/25 21:42:52] [INFO] [HTTP] IP: ::1 USER: jonatasperaza UUID: c9d4ed902ec647ac97fd80034d43db97
[12/25 21:42:55] [INFO] [HTTP] GET: http://localhost:23333/api/instance?uuid=5ef0dbceb990427491f17789401c749e&daemonId=b6fce8e5714a45578ed47f965d6262ce&token=dfe803201e4f455d83b17b252bfbad891735148438879
[12/25 21:42:55] [INFO] [HTTP] IP: ::1 USER: jonatasperaza UUID: c9d4ed902ec647ac97fd80034d43db97
[12/25 21:42:58] [INFO] [HTTP] GET: http://localhost:23333/api/instance?uuid=5ef0dbceb990427491f17789401c749e&daemonId=b6fce8e5714a45578ed47f965d6262ce&token=dfe803201e4f455d83b17b252bfbad891735148438879
[12/25 21:42:58] [INFO] [HTTP] IP: ::1 USER: jonatasperaza UUID: c9d4ed902ec647ac97fd80034d43db97
[12/25 21:43:01] [INFO] [HTTP] GET: http://localhost:23333/api/instance?uuid=5ef0dbceb990427491f17789401c749e&daemonId=b6fce8e5714a45578ed47f965d6262ce&token=dfe803201e4f455d83b17b252bfbad891735148438879
[12/25 21:43:01] [INFO] [HTTP] IP: ::1 USER: jonatasperaza UUID: c9d4ed902ec647ac97fd80034d43db97
[12/25 21:43:04] [INFO] [HTTP] GET: http://localhost:23333/api/instance?uuid=5ef0dbceb990427491f17789401c749e&daemonId=b6fce8e5714a45578ed47f965d6262ce&token=dfe803201e4f455d83b17b252bfbad891735148438879
[12/25 21:43:04] [INFO] [HTTP] IP: ::1 USER: jonatasperaza UUID: c9d4ed902ec647ac97fd80034d43db97
[12/25 21:43:07] [INFO] [HTTP] GET: http://localhost:23333/api/instance?uuid=5ef0dbceb990427491f17789401c749e&daemonId=b6fce8e5714a45578ed47f965d6262ce&token=dfe803201e4f455d83b17b252bfbad891735148438879
[12/25 21:43:07] [INFO] [HTTP] IP: ::1 USER: jonatasperaza UUID: c9d4ed902ec647ac97fd80034d43db97
[12/25 21:43:10] [INFO] [HTTP] GET: http://localhost:23333/api/instance?uuid=5ef0dbceb990427491f17789401c749e&daemonId=b6fce8e5714a45578ed47f965d6262ce&token=dfe803201e4f455d83b17b252bfbad891735148438879
[12/25 21:43:10] [INFO] [HTTP] IP: ::1 USER: jonatasperaza UUID: c9d4ed902ec647ac97fd80034d43db97
[12/25 21:43:13] [INFO] [HTTP] GET: http://localhost:23333/api/instance?uuid=5ef0dbceb990427491f17789401c749e&daemonId=b6fce8e5714a45578ed47f965d6262ce&token=dfe803201e4f455d83b17b252bfbad891735148438879
[12/25 21:43:13] [INFO] [HTTP] IP: ::1 USER: jonatasperaza UUID: c9d4ed902ec647ac97fd80034d43db97
[12/25 21:43:16] [INFO] [HTTP] GET: http://localhost:23333/api/instance?uuid=5ef0dbceb990427491f17789401c749e&daemonId=b6fce8e5714a45578ed47f965d6262ce&token=dfe803201e4f455d83b17b252bfbad891735148438879
[12/25 21:43:16] [INFO] [HTTP] IP: ::1 USER: jonatasperaza UUID: c9d4ed902ec647ac97fd80034d43db97
[12/25 21:43:19] [INFO] [HTTP] GET: http://localhost:23333/api/instance?uuid=5ef0dbceb990427491f17789401c749e&daemonId=b6fce8e5714a45578ed47f965d6262ce&token=dfe803201e4f455d83b17b252bfbad891735148438879
[12/25 21:43:19] [INFO] [HTTP] IP: ::1 USER: jonatasperaza UUID: c9d4ed902ec647ac97fd80034d43db97
[12/25 21:43:22] [INFO] [HTTP] GET: http://localhost:23333/api/instance?uuid=5ef0dbceb990427491f17789401c749e&daemonId=b6fce8e5714a45578ed47f965d6262ce&token=dfe803201e4f455d83b17b252bfbad891735148438879
[12/25 21:43:22] [INFO] [HTTP] IP: ::1 USER: jonatasperaza UUID: c9d4ed902ec647ac97fd80034d43db97
[12/25 21:43:25] [INFO] [HTTP] GET: http://localhost:23333/api/instance?uuid=5ef0dbceb990427491f17789401c749e&daemonId=b6fce8e5714a45578ed47f965d6262ce&token=dfe803201e4f455d83b17b252bfbad891735148438879
[12/25 21:43:25] [INFO] [HTTP] IP: ::1 USER: jonatasperaza UUID: c9d4ed902ec647ac97fd80034d43db97
[12/25 21:43:28] [INFO] [HTTP] GET: http://localhost:23333/api/instance?uuid=5ef0dbceb990427491f17789401c749e&daemonId=b6fce8e5714a45578ed47f965d6262ce&token=dfe803201e4f455d83b17b252bfbad891735148438879
[12/25 21:43:28] [INFO] [HTTP] IP: ::1 USER: jonatasperaza UUID: c9d4ed902ec647ac97fd80034d43db97
[12/25 21:43:31] [INFO] [HTTP] GET: http://localhost:23333/api/instance?uuid=5ef0dbceb990427491f17789401c749e&daemonId=b6fce8e5714a45578ed47f965d6262ce&token=dfe803201e4f455d83b17b252bfbad891735148438879
[12/25 21:43:31] [INFO] [HTTP] IP: ::1 USER: jonatasperaza UUID: c9d4ed902ec647ac97fd80034d43db97
[12/25 21:43:34] [INFO] [HTTP] GET: http://localhost:23333/api/instance?uuid=5ef0dbceb990427491f17789401c749e&daemonId=b6fce8e5714a45578ed47f965d6262ce&token=dfe803201e4f455d83b17b252bfbad891735148438879
[12/25 21:43:34] [INFO] [HTTP] IP: ::1 USER: jonatasperaza UUID: c9d4ed902ec647ac97fd80034d43db97
[12/25 21:43:37] [INFO] [HTTP] GET: http://localhost:23333/api/instance?uuid=5ef0dbceb990427491f17789401c749e&daemonId=b6fce8e5714a45578ed47f965d6262ce&token=dfe803201e4f455d83b17b252bfbad891735148438879
[12/25 21:43:37] [INFO] [HTTP] IP: ::1 USER: jonatasperaza UUID: c9d4ed902ec647ac97fd80034d43db97
[12/25 21:43:40] [INFO] [HTTP] GET: http://localhost:23333/api/instance?uuid=5ef0dbceb990427491f17789401c749e&daemonId=b6fce8e5714a45578ed47f965d6262ce&token=dfe803201e4f455d83b17b252bfbad891735148438879
[12/25 21:43:40] [INFO] [HTTP] IP: ::1 USER: jonatasperaza UUID: c9d4ed902ec647ac97fd80034d43db97
[12/25 21:43:43] [INFO] [HTTP] GET: http://localhost:23333/api/instance?uuid=5ef0dbceb990427491f17789401c749e&daemonId=b6fce8e5714a45578ed47f965d6262ce&token=dfe803201e4f455d83b17b252bfbad891735148438879
[12/25 21:43:43] [INFO] [HTTP] IP: ::1 USER: jonatasperaza UUID: c9d4ed902ec647ac97fd80034d43db97
[12/25 21:43:46] [INFO] [HTTP] GET: http://localhost:23333/api/instance?uuid=5ef0dbceb990427491f17789401c749e&daemonId=b6fce8e5714a45578ed47f965d6262ce&token=dfe803201e4f455d83b17b252bfbad891735148438879
[12/25 21:43:46] [INFO] [HTTP] IP: ::1 USER: jonatasperaza UUID: c9d4ed902ec647ac97fd80034d43db97
[12/25 21:43:49] [INFO] [HTTP] GET: http://localhost:23333/api/instance?uuid=5ef0dbceb990427491f17789401c749e&daemonId=b6fce8e5714a45578ed47f965d6262ce&token=dfe803201e4f455d83b17b252bfbad891735148438879
[12/25 21:43:49] [INFO] [HTTP] IP: ::1 USER: jonatasperaza UUID: c9d4ed902ec647ac97fd80034d43db97
[12/25 21:43:52] [INFO] [HTTP] GET: http://localhost:23333/api/instance?uuid=5ef0dbceb990427491f17789401c749e&daemonId=b6fce8e5714a45578ed47f965d6262ce&token=dfe803201e4f455d83b17b252bfbad891735148438879
[12/25 21:43:52] [INFO] [HTTP] IP: ::1 USER: jonatasperaza UUID: c9d4ed902ec647ac97fd80034d43db97
[12/25 21:43:55] [INFO] [HTTP] GET: http://localhost:23333/api/instance?uuid=5ef0dbceb990427491f17789401c749e&daemonId=b6fce8e5714a45578ed47f965d6262ce&token=dfe803201e4f455d83b17b252bfbad891735148438879
[12/25 21:43:55] [INFO] [HTTP] IP: ::1 USER: jonatasperaza UUID: c9d4ed902ec647ac97fd80034d43db97
[12/25 21:43:58] [INFO] [HTTP] GET: http://localhost:23333/api/instance?uuid=5ef0dbceb990427491f17789401c749e&daemonId=b6fce8e5714a45578ed47f965d6262ce&token=dfe803201e4f455d83b17b252bfbad891735148438879
[12/25 21:43:58] [INFO] [HTTP] IP: ::1 USER: jonatasperaza UUID: c9d4ed902ec647ac97fd80034d43db97
[12/25 21:44:01] [INFO] [HTTP] GET: http://localhost:23333/api/instance?uuid=5ef0dbceb990427491f17789401c749e&daemonId=b6fce8e5714a45578ed47f965d6262ce&token=dfe803201e4f455d83b17b252bfbad891735148438879
[12/25 21:44:01] [INFO] [HTTP] IP: ::1 USER: jonatasperaza UUID: c9d4ed902ec647ac97fd80034d43db97
[12/25 21:44:04] [INFO] [HTTP] GET: http://localhost:23333/api/instance?uuid=5ef0dbceb990427491f17789401c749e&daemonId=b6fce8e5714a45578ed47f965d6262ce&token=dfe803201e4f455d83b17b252bfbad891735148438879
[12/25 21:44:04] [INFO] [HTTP] IP: ::1 USER: jonatasperaza UUID: c9d4ed902ec647ac97fd80034d43db97
[12/25 21:44:07] [INFO] [HTTP] GET: http://localhost:23333/api/instance?uuid=5ef0dbceb990427491f17789401c749e&daemonId=b6fce8e5714a45578ed47f965d6262ce&token=dfe803201e4f455d83b17b252bfbad891735148438879
[12/25 21:44:07] [INFO] [HTTP] IP: ::1 USER: jonatasperaza UUID: c9d4ed902ec647ac97fd80034d43db97
[12/25 21:44:10] [INFO] [HTTP] GET: http://localhost:23333/api/instance?uuid=5ef0dbceb990427491f17789401c749e&daemonId=b6fce8e5714a45578ed47f965d6262ce&token=dfe803201e4f455d83b17b252bfbad891735148438879
[12/25 21:44:10] [INFO] [HTTP] IP: ::1 USER: jonatasperaza UUID: c9d4ed902ec647ac97fd80034d43db97
[12/25 21:44:13] [INFO] [HTTP] GET: http://localhost:23333/api/instance?uuid=5ef0dbceb990427491f17789401c749e&daemonId=b6fce8e5714a45578ed47f965d6262ce&token=dfe803201e4f455d83b17b252bfbad891735148438879
[12/25 21:44:13] [INFO] [HTTP] IP: ::1 USER: jonatasperaza UUID: c9d4ed902ec647ac97fd80034d43db97
[12/25 21:44:16] [INFO] [HTTP] GET: http://localhost:23333/api/instance?uuid=5ef0dbceb990427491f17789401c749e&daemonId=b6fce8e5714a45578ed47f965d6262ce&token=dfe803201e4f455d83b17b252bfbad891735148438879
[12/25 21:44:16] [INFO] [HTTP] IP: ::1 USER: jonatasperaza UUID: c9d4ed902ec647ac97fd80034d43db97
[12/25 21:44:19] [INFO] [HTTP] GET: http://localhost:23333/api/instance?uuid=5ef0dbceb990427491f17789401c749e&daemonId=b6fce8e5714a45578ed47f965d6262ce&token=dfe803201e4f455d83b17b252bfbad891735148438879
[12/25 21:44:19] [INFO] [HTTP] IP: ::1 USER: jonatasperaza UUID: c9d4ed902ec647ac97fd80034d43db97
[12/25 21:44:22] [INFO] [HTTP] GET: http://localhost:23333/api/instance?uuid=5ef0dbceb990427491f17789401c749e&daemonId=b6fce8e5714a45578ed47f965d6262ce&token=dfe803201e4f455d83b17b252bfbad891735148438879
[12/25 21:44:22] [INFO] [HTTP] IP: ::1 USER: jonatasperaza UUID: c9d4ed902ec647ac97fd80034d43db97
[12/25 21:44:25] [INFO] [HTTP] GET: http://localhost:23333/api/instance?uuid=5ef0dbceb990427491f17789401c749e&daemonId=b6fce8e5714a45578ed47f965d6262ce&token=dfe803201e4f455d83b17b252bfbad891735148438879
[12/25 21:44:25] [INFO] [HTTP] IP: ::1 USER: jonatasperaza UUID: c9d4ed902ec647ac97fd80034d43db97
[12/25 21:44:28] [INFO] [HTTP] GET: http://localhost:23333/api/instance?uuid=5ef0dbceb990427491f17789401c749e&daemonId=b6fce8e5714a45578ed47f965d6262ce&token=dfe803201e4f455d83b17b252bfbad891735148438879
[12/25 21:44:28] [INFO] [HTTP] IP: ::1 USER: jonatasperaza UUID: c9d4ed902ec647ac97fd80034d43db97
[12/25 21:44:31] [INFO] [HTTP] GET: http://localhost:23333/api/instance?uuid=5ef0dbceb990427491f17789401c749e&daemonId=b6fce8e5714a45578ed47f965d6262ce&token=dfe803201e4f455d83b17b252bfbad891735148438879
[12/25 21:44:31] [INFO] [HTTP] IP: ::1 USER: jonatasperaza UUID: c9d4ed902ec647ac97fd80034d43db97
[12/25 21:44:34] [INFO] [HTTP] GET: http://localhost:23333/api/instance?uuid=5ef0dbceb990427491f17789401c749e&daemonId=b6fce8e5714a45578ed47f965d6262ce&token=dfe803201e4f455d83b17b252bfbad891735148438879
[12/25 21:44:34] [INFO] [HTTP] IP: ::1 USER: jonatasperaza UUID: c9d4ed902ec647ac97fd80034d43db97
[12/25 21:44:37] [INFO] [HTTP] GET: http://localhost:23333/api/instance?uuid=5ef0dbceb990427491f17789401c749e&daemonId=b6fce8e5714a45578ed47f965d6262ce&token=dfe803201e4f455d83b17b252bfbad891735148438879
[12/25 21:44:37] [INFO] [HTTP] IP: ::1 USER: jonatasperaza UUID: c9d4ed902ec647ac97fd80034d43db97
[12/25 21:44:40] [INFO] [HTTP] GET: http://localhost:23333/api/instance?uuid=5ef0dbceb990427491f17789401c749e&daemonId=b6fce8e5714a45578ed47f965d6262ce&token=dfe803201e4f455d83b17b252bfbad891735148438879
[12/25 21:44:40] [INFO] [HTTP] IP: ::1 USER: jonatasperaza UUID: c9d4ed902ec647ac97fd80034d43db97
[12/25 21:44:43] [INFO] [HTTP] GET: http://localhost:23333/api/instance?uuid=5ef0dbceb990427491f17789401c749e&daemonId=b6fce8e5714a45578ed47f965d6262ce&token=dfe803201e4f455d83b17b252bfbad891735148438879
[12/25 21:44:43] [INFO] [HTTP] IP: ::1 USER: jonatasperaza UUID: c9d4ed902ec647ac97fd80034d43db97
[12/25 21:44:49] [INFO] [HTTP] GET: http://localhost:23333/api/instance?uuid=5ef0dbceb990427491f17789401c749e&daemonId=b6fce8e5714a45578ed47f965d6262ce&token=dfe803201e4f455d83b17b252bfbad891735148438879
[12/25 21:44:49] [INFO] [HTTP] IP: ::1 USER: jonatasperaza UUID: c9d4ed902ec647ac97fd80034d43db97
[12/25 21:44:52] [INFO] [HTTP] GET: http://localhost:23333/api/instance?uuid=5ef0dbceb990427491f17789401c749e&daemonId=b6fce8e5714a45578ed47f965d6262ce&token=dfe803201e4f455d83b17b252bfbad891735148438879
[12/25 21:44:52] [INFO] [HTTP] IP: ::1 USER: jonatasperaza UUID: c9d4ed902ec647ac97fd80034d43db97
[12/25 21:44:55] [INFO] [HTTP] GET: http://localhost:23333/api/instance?uuid=5ef0dbceb990427491f17789401c749e&daemonId=b6fce8e5714a45578ed47f965d6262ce&token=dfe803201e4f455d83b17b252bfbad891735148438879
[12/25 21:44:55] [INFO] [HTTP] IP: ::1 USER: jonatasperaza UUID: c9d4ed902ec647ac97fd80034d43db97
[12/25 21:44:58] [INFO] [HTTP] GET: http://localhost:23333/api/instance?uuid=5ef0dbceb990427491f17789401c749e&daemonId=b6fce8e5714a45578ed47f965d6262ce&token=dfe803201e4f455d83b17b252bfbad891735148438879
[12/25 21:44:58] [INFO] [HTTP] IP: ::1 USER: jonatasperaza UUID: c9d4ed902ec647ac97fd80034d43db97
[12/25 21:45:01] [INFO] [HTTP] GET: http://localhost:23333/api/instance?uuid=5ef0dbceb990427491f17789401c749e&daemonId=b6fce8e5714a45578ed47f965d6262ce&token=dfe803201e4f455d83b17b252bfbad891735148438879
[12/25 21:45:01] [INFO] [HTTP] IP: ::1 USER: jonatasperaza UUID: c9d4ed902ec647ac97fd80034d43db97
[12/25 21:45:04] [INFO] [HTTP] GET: http://localhost:23333/api/instance?uuid=5ef0dbceb990427491f17789401c749e&daemonId=b6fce8e5714a45578ed47f965d6262ce&token=dfe803201e4f455d83b17b252bfbad891735148438879
[12/25 21:45:04] [INFO] [HTTP] IP: ::1 USER: jonatasperaza UUID: c9d4ed902ec647ac97fd80034d43db97
[12/25 21:45:07] [INFO] [HTTP] GET: http://localhost:23333/api/instance?uuid=5ef0dbceb990427491f17789401c749e&daemonId=b6fce8e5714a45578ed47f965d6262ce&token=dfe803201e4f455d83b17b252bfbad891735148438879
[12/25 21:45:07] [INFO] [HTTP] IP: ::1 USER: jonatasperaza UUID: c9d4ed902ec647ac97fd80034d43db97
[12/25 21:45:10] [INFO] [HTTP] GET: http://localhost:23333/api/instance?uuid=5ef0dbceb990427491f17789401c749e&daemonId=b6fce8e5714a45578ed47f965d6262ce&token=dfe803201e4f455d83b17b252bfbad891735148438879
[12/25 21:45:10] [INFO] [HTTP] IP: ::1 USER: jonatasperaza UUID: c9d4ed902ec647ac97fd80034d43db97
[12/25 21:45:13] [INFO] [HTTP] GET: http://localhost:23333/api/instance?uuid=5ef0dbceb990427491f17789401c749e&daemonId=b6fce8e5714a45578ed47f965d6262ce&token=dfe803201e4f455d83b17b252bfbad891735148438879
[12/25 21:45:13] [INFO] [HTTP] IP: ::1 USER: jonatasperaza UUID: c9d4ed902ec647ac97fd80034d43db97
[12/25 21:45:16] [INFO] [HTTP] GET: http://localhost:23333/api/instance?uuid=5ef0dbceb990427491f17789401c749e&daemonId=b6fce8e5714a45578ed47f965d6262ce&token=dfe803201e4f455d83b17b252bfbad891735148438879
[12/25 21:45:16] [INFO] [HTTP] IP: ::1 USER: jonatasperaza UUID: c9d4ed902ec647ac97fd80034d43db97
[12/25 21:45:19] [INFO] [HTTP] GET: http://localhost:23333/api/instance?uuid=5ef0dbceb990427491f17789401c749e&daemonId=b6fce8e5714a45578ed47f965d6262ce&token=dfe803201e4f455d83b17b252bfbad891735148438879
[12/25 21:45:19] [INFO] [HTTP] IP: ::1 USER: jonatasperaza UUID: c9d4ed902ec647ac97fd80034d43db97
[12/25 23:31:23] [INFO] [HTTP] GET: http://localhost:23333/assets/mount-51d7db67.js
[12/25 23:31:23] [INFO] [HTTP] IP: ::1 USER: jonatasperaza UUID: c9d4ed902ec647ac97fd80034d43db97
[12/25 23:31:23] [INFO] [HTTP] GET: http://localhost:23333/assets/echart-372a619d.js
[12/25 23:31:23] [INFO] [HTTP] IP: ::1 USER: jonatasperaza UUID: c9d4ed902ec647ac97fd80034d43db97
[12/25 23:31:23] [INFO] [HTTP] GET: http://localhost:23333/assets/zrender-bd06e061.js
[12/25 23:31:23] [INFO] [HTTP] IP: ::1 USER: jonatasperaza UUID: c9d4ed902ec647ac97fd80034d43db97
[12/25 23:31:23] [INFO] [HTTP] GET: http://localhost:23333/assets/xterm-a429e2b3.js
[12/25 23:31:23] [INFO] [HTTP] IP: ::1 USER: jonatasperaza UUID: c9d4ed902ec647ac97fd80034d43db97
[12/25 23:31:23] [INFO] [HTTP] GET: http://localhost:23333/assets/mount-167cc0e2.css
[12/25 23:31:23] [INFO] [HTTP] IP: ::1 USER: jonatasperaza UUID: c9d4ed902ec647ac97fd80034d43db97
[12/25 23:31:23] [INFO] [HTTP] GET: http://localhost:23333/assets/codemirror-df17d2c3.js
[12/25 23:31:23] [INFO] [HTTP] IP: ::1 USER: jonatasperaza UUID: c9d4ed902ec647ac97fd80034d43db97
[12/25 23:31:23] [INFO] [HTTP] GET: http://localhost:23333/assets/htmlparser2-be168f8e.js
[12/25 23:31:23] [INFO] [HTTP] IP: ::1 USER: jonatasperaza UUID: c9d4ed902ec647ac97fd80034d43db97
[12/25 23:31:24] [INFO] [HTTP] GET: http://localhost:23333/api/auth/
[12/25 23:31:24] [INFO] [HTTP] IP: ::1 USER: jonatasperaza UUID: c9d4ed902ec647ac97fd80034d43db97
[12/25 23:31:24] [INFO] [HTTP] GET: http://localhost:23333/assets/logo-586bf317.png
[12/25 23:31:24] [INFO] [HTTP] IP: ::1 USER: jonatasperaza UUID: c9d4ed902ec647ac97fd80034d43db97
[12/25 23:31:25] [INFO] [HTTP] POST: http://localhost:23333/api/protected_instance/stream_channel?daemonId=b6fce8e5714a45578ed47f965d6262ce&uuid=5ef0dbceb990427491f17789401c749e&token=dfe803201e4f455d83b17b252bfbad891735148438879
[12/25 23:31:25] [INFO] [HTTP] IP: ::1 USER: jonatasperaza UUID: c9d4ed902ec647ac97fd80034d43db97
[12/25 23:31:25] [INFO] [HTTP] GET: http://localhost:23333/api/instance?uuid=5ef0dbceb990427491f17789401c749e&daemonId=b6fce8e5714a45578ed47f965d6262ce&token=dfe803201e4f455d83b17b252bfbad891735148438879
[12/25 23:31:25] [INFO] [HTTP] IP: ::1 USER: jonatasperaza UUID: c9d4ed902ec647ac97fd80034d43db97
[12/25 23:31:25] [INFO] [HTTP] GET: http://localhost:23333/api/protected_instance/outputlog?uuid=5ef0dbceb990427491f17789401c749e&daemonId=b6fce8e5714a45578ed47f965d6262ce&token=dfe803201e4f455d83b17b252bfbad891735148438879
[12/25 23:31:25] [INFO] [HTTP] IP: ::1 USER: jonatasperaza UUID: c9d4ed902ec647ac97fd80034d43db97
[12/25 23:31:29] [INFO] [HTTP] GET: http://localhost:23333/api/instance?uuid=5ef0dbceb990427491f17789401c749e&daemonId=b6fce8e5714a45578ed47f965d6262ce&token=dfe803201e4f455d83b17b252bfbad891735148438879
[12/25 23:31:29] [INFO] [HTTP] IP: ::1 USER: jonatasperaza UUID: c9d4ed902ec647ac97fd80034d43db97
[12/25 23:31:31] [INFO] [HTTP] GET: http://localhost:23333/api/files/list?daemonId=b6fce8e5714a45578ed47f965d6262ce&uuid=5ef0dbceb990427491f17789401c749e&page=0&page_size=100&file_name=&target=%2F&token=dfe803201e4f455d83b17b252bfbad891735148438879
[12/25 23:31:31] [INFO] [HTTP] IP: ::1 USER: jonatasperaza UUID: c9d4ed902ec647ac97fd80034d43db97
[12/25 23:31:34] [INFO] [HTTP] GET: http://localhost:23333/api/files/list?daemonId=b6fce8e5714a45578ed47f965d6262ce&uuid=5ef0dbceb990427491f17789401c749e&page=0&page_size=100&file_name=&target=%2Fconfig%2F&token=dfe803201e4f455d83b17b252bfbad891735148438879
[12/25 23:31:34] [INFO] [HTTP] IP: ::1 USER: jonatasperaza UUID: c9d4ed902ec647ac97fd80034d43db97
[12/25 23:31:50] [INFO] [HTTP] PUT: http://localhost:23333/api/files?daemonId=b6fce8e5714a45578ed47f965d6262ce&uuid=5ef0dbceb990427491f17789401c749e&token=dfe803201e4f455d83b17b252bfbad891735148438879
[12/25 23:31:50] [INFO] [HTTP] IP: ::1 USER: jonatasperaza UUID: c9d4ed902ec647ac97fd80034d43db97
[12/25 23:32:33] [INFO] [HTTP] GET: http://localhost:23333/api/files/list?daemonId=b6fce8e5714a45578ed47f965d6262ce&uuid=5ef0dbceb990427491f17789401c749e&page=0&page_size=100&file_name=&target=%2F&token=dfe803201e4f455d83b17b252bfbad891735148438879
[12/25 23:32:33] [INFO] [HTTP] IP: ::1 USER: jonatasperaza UUID: c9d4ed902ec647ac97fd80034d43db97
[12/25 23:32:37] [INFO] [HTTP] GET: http://localhost:23333/api/files/list?daemonId=b6fce8e5714a45578ed47f965d6262ce&uuid=5ef0dbceb990427491f17789401c749e&page=0&page_size=100&file_name=&target=%2Fworld%2F&token=dfe803201e4f455d83b17b252bfbad891735148438879
[12/25 23:32:37] [INFO] [HTTP] IP: ::1 USER: jonatasperaza UUID: c9d4ed902ec647ac97fd80034d43db97
[12/25 23:32:44] [INFO] [HTTP] GET: http://localhost:23333/api/files/list?daemonId=b6fce8e5714a45578ed47f965d6262ce&uuid=5ef0dbceb990427491f17789401c749e&page=0&page_size=100&file_name=&target=%2Fworld%2Fserverconfig%2F&token=dfe803201e4f455d83b17b252bfbad891735148438879
[12/25 23:32:44] [INFO] [HTTP] IP: ::1 USER: jonatasperaza UUID: c9d4ed902ec647ac97fd80034d43db97
[12/25 23:34:42] [INFO] [HTTP] GET: http://localhost:23333/api/files/list?daemonId=b6fce8e5714a45578ed47f965d6262ce&uuid=5ef0dbceb990427491f17789401c749e&page=0&page_size=100&file_name=&target=%2Fworld%2F&token=dfe803201e4f455d83b17b252bfbad891735148438879
[12/25 23:34:42] [INFO] [HTTP] IP: ::1 USER: jonatasperaza UUID: c9d4ed902ec647ac97fd80034d43db97
[12/25 23:34:54] [INFO] [HTTP] GET: http://localhost:23333/api/files/list?daemonId=b6fce8e5714a45578ed47f965d6262ce&uuid=5ef0dbceb990427491f17789401c749e&page=0&page_size=100&file_name=&target=%2Fworld%2FDIM-1%2F&token=dfe803201e4f455d83b17b252bfbad891735148438879
[12/25 23:34:54] [INFO] [HTTP] IP: ::1 USER: jonatasperaza UUID: c9d4ed902ec647ac97fd80034d43db97
[12/25 23:34:57] [INFO] [HTTP] GET: http://localhost:23333/api/files/list?daemonId=b6fce8e5714a45578ed47f965d6262ce&uuid=5ef0dbceb990427491f17789401c749e&page=0&page_size=100&file_name=&target=%2Fworld%2FDIM-1%2Fdata%2F&token=dfe803201e4f455d83b17b252bfbad891735148438879
[12/25 23:34:57] [INFO] [HTTP] IP: ::1 USER: jonatasperaza UUID: c9d4ed902ec647ac97fd80034d43db97
[12/25 23:34:59] [INFO] [HTTP] POST: http://localhost:23333/api/protected_instance/stream_channel?daemonId=b6fce8e5714a45578ed47f965d6262ce&uuid=5ef0dbceb990427491f17789401c749e&token=dfe803201e4f455d83b17b252bfbad891735148438879
[12/25 23:34:59] [INFO] [HTTP] IP: ::1 USER: jonatasperaza UUID: c9d4ed902ec647ac97fd80034d43db97
[12/25 23:34:59] [INFO] [HTTP] GET: http://localhost:23333/api/instance?uuid=5ef0dbceb990427491f17789401c749e&daemonId=b6fce8e5714a45578ed47f965d6262ce&token=dfe803201e4f455d83b17b252bfbad891735148438879
[12/25 23:34:59] [INFO] [HTTP] IP: ::1 USER: jonatasperaza UUID: c9d4ed902ec647ac97fd80034d43db97
[12/25 23:34:59] [INFO] [HTTP] GET: http://localhost:23333/api/protected_instance/outputlog?uuid=5ef0dbceb990427491f17789401c749e&daemonId=b6fce8e5714a45578ed47f965d6262ce&token=dfe803201e4f455d83b17b252bfbad891735148438879
[12/25 23:34:59] [INFO] [HTTP] IP: ::1 USER: jonatasperaza UUID: c9d4ed902ec647ac97fd80034d43db97
[12/25 23:35:01] [INFO] [HTTP] GET: http://localhost:23333/api/files/list?daemonId=b6fce8e5714a45578ed47f965d6262ce&uuid=5ef0dbceb990427491f17789401c749e&page=0&page_size=100&file_name=&target=%2F&token=dfe803201e4f455d83b17b252bfbad891735148438879
[12/25 23:35:01] [INFO] [HTTP] IP: ::1 USER: jonatasperaza UUID: c9d4ed902ec647ac97fd80034d43db97
[12/25 23:35:07] [INFO] [HTTP] GET: http://localhost:23333/api/files/list?daemonId=b6fce8e5714a45578ed47f965d6262ce&uuid=5ef0dbceb990427491f17789401c749e&page=0&page_size=100&file_name=&target=%2Fworld%2F&token=dfe803201e4f455d83b17b252bfbad891735148438879
[12/25 23:35:07] [INFO] [HTTP] IP: ::1 USER: jonatasperaza UUID: c9d4ed902ec647ac97fd80034d43db97
[12/25 23:35:11] [INFO] [HTTP] GET: http://localhost:23333/api/files/list?daemonId=b6fce8e5714a45578ed47f965d6262ce&uuid=5ef0dbceb990427491f17789401c749e&page=0&page_size=100&file_name=&target=%2Fworld%2Fdimensions%2F&token=dfe803201e4f455d83b17b252bfbad891735148438879
[12/25 23:35:11] [INFO] [HTTP] IP: ::1 USER: jonatasperaza UUID: c9d4ed902ec647ac97fd80034d43db97
[12/25 23:35:13] [INFO] [HTTP] GET: http://localhost:23333/api/files/list?daemonId=b6fce8e5714a45578ed47f965d6262ce&uuid=5ef0dbceb990427491f17789401c749e&page=0&page_size=100&file_name=&target=%2Fworld%2Fdimensions%2Ftwilightforest%2F&token=dfe803201e4f455d83b17b252bfbad891735148438879
[12/25 23:35:13] [INFO] [HTTP] IP: ::1 USER: jonatasperaza UUID: c9d4ed902ec647ac97fd80034d43db97
[12/25 23:35:14] [INFO] [HTTP] GET: http://localhost:23333/api/files/list?daemonId=b6fce8e5714a45578ed47f965d6262ce&uuid=5ef0dbceb990427491f17789401c749e&page=0&page_size=100&file_name=&target=%2Fworld%2Fdimensions%2Ftwilightforest%2Ftwilight_forest%2F&token=dfe803201e4f455d83b17b252bfbad891735148438879
[12/25 23:35:14] [INFO] [HTTP] IP: ::1 USER: jonatasperaza UUID: c9d4ed902ec647ac97fd80034d43db97
[12/25 23:35:18] [INFO] [HTTP] GET: http://localhost:23333/api/files/list?daemonId=b6fce8e5714a45578ed47f965d6262ce&uuid=5ef0dbceb990427491f17789401c749e&page=0&page_size=100&file_name=&target=%2Fworld%2Fdimensions%2Ftwilightforest%2Ftwilight_forest%2Fregion%2F&token=dfe803201e4f455d83b17b252bfbad891735148438879
[12/25 23:35:18] [INFO] [HTTP] IP: ::1 USER: jonatasperaza UUID: c9d4ed902ec647ac97fd80034d43db97
[12/25 23:35:22] [INFO] [HTTP] GET: http://localhost:23333/api/files/list?daemonId=b6fce8e5714a45578ed47f965d6262ce&uuid=5ef0dbceb990427491f17789401c749e&page=0&page_size=100&file_name=&target=%2Fworld%2Fdimensions%2Ftwilightforest%2Ftwilight_forest%2F&token=dfe803201e4f455d83b17b252bfbad891735148438879
[12/25 23:35:22] [INFO] [HTTP] IP: ::1 USER: jonatasperaza UUID: c9d4ed902ec647ac97fd80034d43db97
[12/25 23:35:24] [INFO] [HTTP] GET: http://localhost:23333/api/files/list?daemonId=b6fce8e5714a45578ed47f965d6262ce&uuid=5ef0dbceb990427491f17789401c749e&page=0&page_size=100&file_name=&target=%2Fworld%2Fdimensions%2Ftwilightforest%2Ftwilight_forest%2Fpoi%2F&token=dfe803201e4f455d83b17b252bfbad891735148438879
[12/25 23:35:24] [INFO] [HTTP] IP: ::1 USER: jonatasperaza UUID: c9d4ed902ec647ac97fd80034d43db97
[12/25 23:35:26] [INFO] [HTTP] GET: http://localhost:23333/api/files/list?daemonId=b6fce8e5714a45578ed47f965d6262ce&uuid=5ef0dbceb990427491f17789401c749e&page=0&page_size=100&file_name=&target=%2Fworld%2Fdimensions%2Ftwilightforest%2Ftwilight_forest%2F&token=dfe803201e4f455d83b17b252bfbad891735148438879
[12/25 23:35:26] [INFO] [HTTP] IP: ::1 USER: jonatasperaza UUID: c9d4ed902ec647ac97fd80034d43db97
[12/25 23:35:27] [INFO] [HTTP] GET: http://localhost:23333/api/files/list?daemonId=b6fce8e5714a45578ed47f965d6262ce&uuid=5ef0dbceb990427491f17789401c749e&page=0&page_size=100&file_name=&target=%2Fworld%2Fdimensions%2Ftwilightforest%2Ftwilight_forest%2Fdata%2F&token=dfe803201e4f455d83b17b252bfbad891735148438879
[12/25 23:35:27] [INFO] [HTTP] IP: ::1 USER: jonatasperaza UUID: c9d4ed902ec647ac97fd80034d43db97
[12/25 23:35:30] [INFO] [HTTP] PUT: http://localhost:23333/api/files?daemonId=b6fce8e5714a45578ed47f965d6262ce&uuid=5ef0dbceb990427491f17789401c749e&token=dfe803201e4f455d83b17b252bfbad891735148438879
[12/25 23:35:30] [INFO] [HTTP] IP: ::1 USER: jonatasperaza UUID: c9d4ed902ec647ac97fd80034d43db97
[12/25 23:35:35] [INFO] [HTTP] PUT: http://localhost:23333/api/files?daemonId=b6fce8e5714a45578ed47f965d6262ce&uuid=5ef0dbceb990427491f17789401c749e&token=dfe803201e4f455d83b17b252bfbad891735148438879
[12/25 23:35:35] [INFO] [HTTP] IP: ::1 USER: jonatasperaza UUID: c9d4ed902ec647ac97fd80034d43db97
[12/25 23:36:44] [INFO] [HTTP] GET: http://localhost:23333/api/files/list?daemonId=b6fce8e5714a45578ed47f965d6262ce&uuid=5ef0dbceb990427491f17789401c749e&page=0&page_size=100&file_name=&target=%2Fworld%2Fdimensions%2Ftwilightforest%2Ftwilight_forest%2F&token=dfe803201e4f455d83b17b252bfbad891735148438879
[12/25 23:36:44] [INFO] [HTTP] IP: ::1 USER: jonatasperaza UUID: c9d4ed902ec647ac97fd80034d43db97
[12/25 23:36:46] [INFO] [HTTP] GET: http://localhost:23333/api/files/list?daemonId=b6fce8e5714a45578ed47f965d6262ce&uuid=5ef0dbceb990427491f17789401c749e&page=0&page_size=100&file_name=&target=%2Fworld%2Fdimensions%2Ftwilightforest%2F&token=dfe803201e4f455d83b17b252bfbad891735148438879
[12/25 23:36:46] [INFO] [HTTP] IP: ::1 USER: jonatasperaza UUID: c9d4ed902ec647ac97fd80034d43db97
[12/25 23:36:48] [INFO] [HTTP] GET: http://localhost:23333/api/files/list?daemonId=b6fce8e5714a45578ed47f965d6262ce&uuid=5ef0dbceb990427491f17789401c749e&page=0&page_size=100&file_name=&target=%2Fworld%2Fdimensions%2F&token=dfe803201e4f455d83b17b252bfbad891735148438879
[12/25 23:36:48] [INFO] [HTTP] IP: ::1 USER: jonatasperaza UUID: c9d4ed902ec647ac97fd80034d43db97
[12/25 23:36:49] [INFO] [HTTP] GET: http://localhost:23333/api/files/list?daemonId=b6fce8e5714a45578ed47f965d6262ce&uuid=5ef0dbceb990427491f17789401c749e&page=0&page_size=100&file_name=&target=%2Fworld%2F&token=dfe803201e4f455d83b17b252bfbad891735148438879
[12/25 23:36:49] [INFO] [HTTP] IP: ::1 USER: jonatasperaza UUID: c9d4ed902ec647ac97fd80034d43db97
[12/25 23:36:53] [INFO] [HTTP] GET: http://localhost:23333/api/files/list?daemonId=b6fce8e5714a45578ed47f965d6262ce&uuid=5ef0dbceb990427491f17789401c749e&page=0&page_size=100&file_name=&target=%2Fworld%2Fdata%2F&token=dfe803201e4f455d83b17b252bfbad891735148438879
[12/25 23:36:53] [INFO] [HTTP] IP: ::1 USER: jonatasperaza UUID: c9d4ed902ec647ac97fd80034d43db97
[12/25 23:37:33] [INFO] [HTTP] GET: http://localhost:23333/api/files/list?daemonId=b6fce8e5714a45578ed47f965d6262ce&uuid=5ef0dbceb990427491f17789401c749e&page=0&page_size=100&file_name=twi&target=%2Fworld%2Fdata%2F&token=dfe803201e4f455d83b17b252bfbad891735148438879
[12/25 23:37:33] [INFO] [HTTP] IP: ::1 USER: jonatasperaza UUID: c9d4ed902ec647ac97fd80034d43db97
[12/25 23:37:35] [INFO] [HTTP] GET: http://localhost:23333/api/files/list?daemonId=b6fce8e5714a45578ed47f965d6262ce&uuid=5ef0dbceb990427491f17789401c749e&page=0&page_size=100&file_name=&target=%2Fworld%2F&token=dfe803201e4f455d83b17b252bfbad891735148438879
[12/25 23:37:35] [INFO] [HTTP] IP: ::1 USER: jonatasperaza UUID: c9d4ed902ec647ac97fd80034d43db97
[12/25 23:37:38] [INFO] [HTTP] GET: http://localhost:23333/api/files/list?daemonId=b6fce8e5714a45578ed47f965d6262ce&uuid=5ef0dbceb990427491f17789401c749e&page=0&page_size=100&file_name=twi&target=%2Fworld%2F&token=dfe803201e4f455d83b17b252bfbad891735148438879
[12/25 23:37:38] [INFO] [HTTP] IP: ::1 USER: jonatasperaza UUID: c9d4ed902ec647ac97fd80034d43db97
[12/25 23:37:40] [INFO] [HTTP] GET: http://localhost:23333/api/files/list?daemonId=b6fce8e5714a45578ed47f965d6262ce&uuid=5ef0dbceb990427491f17789401c749e&page=0&page_size=100&file_name=&target=%2Fworld%2F&token=dfe803201e4f455d83b17b252bfbad891735148438879
[12/25 23:37:40] [INFO] [HTTP] IP: ::1 USER: jonatasperaza UUID: c9d4ed902ec647ac97fd80034d43db97
[12/25 23:37:48] [INFO] [HTTP] GET: http://localhost:23333/api/files/list?daemonId=b6fce8e5714a45578ed47f965d6262ce&uuid=5ef0dbceb990427491f17789401c749e&page=0&page_size=100&file_name=&target=%2Fworld%2Fserverconfig%2F&token=dfe803201e4f455d83b17b252bfbad891735148438879
[12/25 23:37:48] [INFO] [HTTP] IP: ::1 USER: jonatasperaza UUID: c9d4ed902ec647ac97fd80034d43db97
[12/25 23:38:04] [INFO] [HTTP] GET: http://localhost:23333/api/files/list?daemonId=b6fce8e5714a45578ed47f965d6262ce&uuid=5ef0dbceb990427491f17789401c749e&page=0&page_size=100&file_name=&target=%2F&token=dfe803201e4f455d83b17b252bfbad891735148438879
[12/25 23:38:04] [INFO] [HTTP] IP: ::1 USER: jonatasperaza UUID: c9d4ed902ec647ac97fd80034d43db97
[12/25 23:38:06] [INFO] [HTTP] GET: http://localhost:23333/api/files/list?daemonId=b6fce8e5714a45578ed47f965d6262ce&uuid=5ef0dbceb990427491f17789401c749e&page=0&page_size=100&file_name=&target=%2Fconfig%2F&token=dfe803201e4f455d83b17b252bfbad891735148438879
[12/25 23:38:06] [INFO] [HTTP] IP: ::1 USER: jonatasperaza UUID: c9d4ed902ec647ac97fd80034d43db97
[12/25 23:38:36] [INFO] [HTTP] PUT: http://localhost:23333/api/files?daemonId=b6fce8e5714a45578ed47f965d6262ce&uuid=5ef0dbceb990427491f17789401c749e&token=dfe803201e4f455d83b17b252bfbad891735148438879
[12/25 23:38:36] [INFO] [HTTP] IP: ::1 USER: jonatasperaza UUID: c9d4ed902ec647ac97fd80034d43db97
[12/26 00:26:18] [INFO] [HTTP] POST: http://localhost:23333/api/protected_instance/stream_channel?daemonId=b6fce8e5714a45578ed47f965d6262ce&uuid=5ef0dbceb990427491f17789401c749e&token=dfe803201e4f455d83b17b252bfbad891735148438879
[12/26 00:26:18] [INFO] [HTTP] IP: ::1 USER: jonatasperaza UUID: c9d4ed902ec647ac97fd80034d43db97
[12/26 00:26:18] [INFO] [HTTP] GET: http://localhost:23333/api/instance?uuid=5ef0dbceb990427491f17789401c749e&daemonId=b6fce8e5714a45578ed47f965d6262ce&token=dfe803201e4f455d83b17b252bfbad891735148438879
[12/26 00:26:18] [INFO] [HTTP] IP: ::1 USER: jonatasperaza UUID: c9d4ed902ec647ac97fd80034d43db97
[12/26 00:26:18] [INFO] [HTTP] GET: http://localhost:23333/api/protected_instance/outputlog?uuid=5ef0dbceb990427491f17789401c749e&daemonId=b6fce8e5714a45578ed47f965d6262ce&token=dfe803201e4f455d83b17b252bfbad891735148438879
[12/26 00:26:18] [INFO] [HTTP] IP: ::1 USER: jonatasperaza UUID: c9d4ed902ec647ac97fd80034d43db97
[12/26 00:26:20] [INFO] [HTTP] GET: http://localhost:23333/api/protected_instance/stop?uuid=5ef0dbceb990427491f17789401c749e&daemonId=b6fce8e5714a45578ed47f965d6262ce&token=dfe803201e4f455d83b17b252bfbad891735148438879
[12/26 00:26:20] [INFO] [HTTP] IP: ::1 USER: jonatasperaza UUID: c9d4ed902ec647ac97fd80034d43db97
[12/26 00:26:23] [INFO] [HTTP] GET: http://localhost:23333/api/instance?uuid=5ef0dbceb990427491f17789401c749e&daemonId=b6fce8e5714a45578ed47f965d6262ce&token=dfe803201e4f455d83b17b252bfbad891735148438879
[12/26 00:26:23] [INFO] [HTTP] IP: ::1 USER: jonatasperaza UUID: c9d4ed902ec647ac97fd80034d43db97
[12/26 00:26:26] [INFO] [HTTP] GET: http://localhost:23333/api/instance?uuid=5ef0dbceb990427491f17789401c749e&daemonId=b6fce8e5714a45578ed47f965d6262ce&token=dfe803201e4f455d83b17b252bfbad891735148438879
[12/26 00:26:26] [INFO] [HTTP] IP: ::1 USER: jonatasperaza UUID: c9d4ed902ec647ac97fd80034d43db97
[12/26 00:26:29] [INFO] [HTTP] GET: http://localhost:23333/api/instance?uuid=5ef0dbceb990427491f17789401c749e&daemonId=b6fce8e5714a45578ed47f965d6262ce&token=dfe803201e4f455d83b17b252bfbad891735148438879
[12/26 00:26:29] [INFO] [HTTP] IP: ::1 USER: jonatasperaza UUID: c9d4ed902ec647ac97fd80034d43db97
[12/26 00:26:47] [INFO] [HTTP] GET: http://localhost:23333/api/instance?uuid=5ef0dbceb990427491f17789401c749e&daemonId=b6fce8e5714a45578ed47f965d6262ce&token=dfe803201e4f455d83b17b252bfbad891735148438879
[12/26 00:26:47] [INFO] [HTTP] IP: ::1 USER: jonatasperaza UUID: c9d4ed902ec647ac97fd80034d43db97
[12/26 00:26:50] [INFO] [HTTP] GET: http://localhost:23333/api/protected_instance/kill?uuid=5ef0dbceb990427491f17789401c749e&daemonId=b6fce8e5714a45578ed47f965d6262ce&token=dfe803201e4f455d83b17b252bfbad891735148438879
[12/26 00:26:50] [INFO] [HTTP] IP: ::1 USER: jonatasperaza UUID: c9d4ed902ec647ac97fd80034d43db97
[12/26 00:26:52] [INFO] [HTTP] GET: http://localhost:23333/api/instance?uuid=5ef0dbceb990427491f17789401c749e&daemonId=b6fce8e5714a45578ed47f965d6262ce&token=dfe803201e4f455d83b17b252bfbad891735148438879
[12/26 00:26:52] [INFO] [HTTP] IP: ::1 USER: jonatasperaza UUID: c9d4ed902ec647ac97fd80034d43db97
