[12/29 20:15:24] [INFO] Número de usuários locais: 1
[12/29 20:15:24] [INFO] Tentando conectar ao daemon remoto:[b6fce8e5714a45578ed47f965d6262ce] [ws://localhost:24444/PC CASA]
[12/29 20:15:24] [INFO] Número de daemons remotos: 1
[12/29 20:15:24] [INFO] ==================================
[12/29 20:15:24] [INFO] O painel de controle foi iniciado
[12/29 20:15:24] [INFO] Projeto de Referência: https://github.com/mcsmanager
[12/29 20:15:24] [INFO] URL de Acesso: http://localhost:{{porta}}
[12/29 20:15:24] [INFO] O acesso público requer a abertura das portas 23333 e da porta do daemon.
[12/29 20:15:24] [INFO] Você pode usar o atalho Ctrl+C para fechar o programa
[12/29 20:15:24] [INFO] ==================================
[12/29 20:15:25] [INFO] Conectado ao daemon remoto [b6fce8e5714a45578ed47f965d6262ce] [ws://localhost:24444/PC CASA]
[12/29 20:15:25] [INFO] Configurar idioma do daemon (localhost:24444/PC CASA) language: pt_br
[12/29 20:15:25] [INFO] Validação da chave do daemon remoto [b6fce8e5714a45578ed47f965d6262ce] [localhost:24444] bem-sucedida
[12/29 20:15:30] [INFO] [HTTP] GET: http://localhost:23333/
[12/29 20:15:30] [INFO] [HTTP] IP: ::1 USER: undefined UUID: undefined
[12/29 20:15:30] [INFO] [HTTP] GET: http://localhost:23333/assets/index-64e20a3a.js
[12/29 20:15:30] [INFO] [HTTP] IP: ::1 USER: undefined UUID: undefined
[12/29 20:15:30] [INFO] [HTTP] GET: http://localhost:23333/assets/vue-e790828e.js
[12/29 20:15:30] [INFO] [HTTP] IP: ::1 USER: undefined UUID: undefined
[12/29 20:15:30] [INFO] [HTTP] GET: http://localhost:23333/assets/ant-29992a7d.js
[12/29 20:15:30] [INFO] [HTTP] IP: ::1 USER: undefined UUID: undefined
[12/29 20:15:30] [INFO] [HTTP] GET: http://localhost:23333/assets/ant-es-8d8f5c96.js
[12/29 20:15:30] [INFO] [HTTP] IP: ::1 USER: undefined UUID: undefined
[12/29 20:15:30] [INFO] [HTTP] GET: http://localhost:23333/assets/ant-25a63267.css
[12/29 20:15:30] [INFO] [HTTP] IP: ::1 USER: undefined UUID: undefined
[12/29 20:15:33] [INFO] [HTTP] GET: http://localhost:23333/api/auth/status
[12/29 20:15:33] [INFO] [HTTP] IP: ::1 USER: undefined UUID: undefined
[12/29 20:15:33] [INFO] [HTTP] GET: http://localhost:23333/assets/pt_BR-774fdffc.js
[12/29 20:15:33] [INFO] [HTTP] IP: ::1 USER: undefined UUID: undefined
[12/29 20:15:33] [INFO] [HTTP] GET: http://localhost:23333/assets/mount-51d7db67.js
[12/29 20:15:33] [INFO] [HTTP] IP: ::1 USER: undefined UUID: undefined
[12/29 20:15:33] [INFO] [HTTP] GET: http://localhost:23333/assets/echart-372a619d.js
[12/29 20:15:33] [INFO] [HTTP] IP: ::1 USER: undefined UUID: undefined
[12/29 20:15:33] [INFO] [HTTP] GET: http://localhost:23333/assets/xterm-a429e2b3.js
[12/29 20:15:33] [INFO] [HTTP] IP: ::1 USER: undefined UUID: undefined
[12/29 20:15:33] [INFO] [HTTP] GET: http://localhost:23333/assets/codemirror-df17d2c3.js
[12/29 20:15:33] [INFO] [HTTP] IP: ::1 USER: undefined UUID: undefined
[12/29 20:15:33] [INFO] [HTTP] GET: http://localhost:23333/assets/zrender-bd06e061.js
[12/29 20:15:33] [INFO] [HTTP] IP: ::1 USER: undefined UUID: undefined
[12/29 20:15:33] [INFO] [HTTP] GET: http://localhost:23333/assets/htmlparser2-be168f8e.js
[12/29 20:15:33] [INFO] [HTTP] IP: ::1 USER: undefined UUID: undefined
[12/29 20:15:33] [INFO] [HTTP] GET: http://localhost:23333/assets/mount-167cc0e2.css
[12/29 20:15:33] [INFO] [HTTP] IP: ::1 USER: undefined UUID: undefined
[12/29 20:15:34] [INFO] [HTTP] GET: http://localhost:23333/api/auth/
[12/29 20:15:34] [INFO] [HTTP] IP: ::1 USER: undefined UUID: undefined
[12/29 20:15:34] [INFO] [HTTP] GET: http://localhost:23333/assets/logo-586bf317.png
[12/29 20:15:34] [INFO] [HTTP] IP: ::1 USER: undefined UUID: undefined
[12/29 20:15:34] [INFO] [HTTP] GET: http://localhost:23333/api/auth/login_info
[12/29 20:15:34] [INFO] [HTTP] IP: ::1 USER: undefined UUID: undefined
[12/29 20:15:35] [INFO] [HTTP] GET: http://localhost:23333/api/auth/
[12/29 20:15:35] [INFO] [HTTP] IP: ::1 USER: undefined UUID: undefined
[12/29 20:15:36] [INFO] [HTTP] GET: http://localhost:23333/api/auth/login_info
[12/29 20:15:36] [INFO] [HTTP] IP: ::1 USER: undefined UUID: undefined
[12/29 20:16:24] [INFO] [HTTP] POST: http://localhost:23333/api/auth/login
[12/29 20:16:24] [INFO] [HTTP] IP: ::1 USER: undefined UUID: undefined
[12/29 20:16:24] [INFO] ------ Evento de Login do Usuário ------
[12/29 20:16:24] [INFO] [LOGIN] IP: ::1 Login jonatasperaza successful!
[12/29 20:16:24] [INFO] [LOGIN] Token: 966df4190b3e43aa8d39935ea8a5432f1735514184804
[12/29 20:16:24] [INFO] ------ Evento de Login do Usuário ------
[12/29 20:16:25] [INFO] [HTTP] GET: http://localhost:23333/api/auth/
[12/29 20:16:25] [INFO] [HTTP] IP: ::1 USER: jonatasperaza UUID: c9d4ed902ec647ac97fd80034d43db97
[12/29 20:16:56] [INFO] [HTTP] GET: http://localhost:23333/api/service/remote_services_list?token=966df4190b3e43aa8d39935ea8a5432f1735514184804
[12/29 20:16:56] [INFO] [HTTP] IP: ::1 USER: jonatasperaza UUID: c9d4ed902ec647ac97fd80034d43db97
[12/29 20:16:56] [INFO] [HTTP] GET: http://localhost:23333/api/service/remote_service_instances?daemonId=b6fce8e5714a45578ed47f965d6262ce&page=1&page_size=20&status=&instance_name=&tag=[]&token=966df4190b3e43aa8d39935ea8a5432f1735514184804
[12/29 20:16:56] [INFO] [HTTP] IP: ::1 USER: jonatasperaza UUID: c9d4ed902ec647ac97fd80034d43db97
[12/29 20:16:58] [INFO] [HTTP] POST: http://localhost:23333/api/protected_instance/stream_channel?daemonId=b6fce8e5714a45578ed47f965d6262ce&uuid=5ef0dbceb990427491f17789401c749e&token=966df4190b3e43aa8d39935ea8a5432f1735514184804
[12/29 20:16:58] [INFO] [HTTP] IP: ::1 USER: jonatasperaza UUID: c9d4ed902ec647ac97fd80034d43db97
[12/29 20:16:58] [INFO] [HTTP] GET: http://localhost:23333/api/instance?uuid=5ef0dbceb990427491f17789401c749e&daemonId=b6fce8e5714a45578ed47f965d6262ce&token=966df4190b3e43aa8d39935ea8a5432f1735514184804
[12/29 20:16:58] [INFO] [HTTP] IP: ::1 USER: jonatasperaza UUID: c9d4ed902ec647ac97fd80034d43db97
[12/29 20:16:58] [INFO] [HTTP] GET: http://localhost:23333/api/protected_instance/outputlog?uuid=5ef0dbceb990427491f17789401c749e&daemonId=b6fce8e5714a45578ed47f965d6262ce&token=966df4190b3e43aa8d39935ea8a5432f1735514184804
[12/29 20:16:58] [INFO] [HTTP] IP: ::1 USER: jonatasperaza UUID: c9d4ed902ec647ac97fd80034d43db97
[12/29 20:17:01] [INFO] [HTTP] GET: http://localhost:23333/api/instance?uuid=5ef0dbceb990427491f17789401c749e&daemonId=b6fce8e5714a45578ed47f965d6262ce&token=966df4190b3e43aa8d39935ea8a5432f1735514184804
[12/29 20:17:01] [INFO] [HTTP] IP: ::1 USER: jonatasperaza UUID: c9d4ed902ec647ac97fd80034d43db97
[12/29 20:17:04] [INFO] [HTTP] GET: http://localhost:23333/api/protected_instance/open?uuid=5ef0dbceb990427491f17789401c749e&daemonId=b6fce8e5714a45578ed47f965d6262ce&token=966df4190b3e43aa8d39935ea8a5432f1735514184804
[12/29 20:17:04] [INFO] [HTTP] IP: ::1 USER: jonatasperaza UUID: c9d4ed902ec647ac97fd80034d43db97
[12/29 20:17:04] [INFO] [HTTP] GET: http://localhost:23333/api/instance?uuid=5ef0dbceb990427491f17789401c749e&daemonId=b6fce8e5714a45578ed47f965d6262ce&token=966df4190b3e43aa8d39935ea8a5432f1735514184804
[12/29 20:17:04] [INFO] [HTTP] IP: ::1 USER: jonatasperaza UUID: c9d4ed902ec647ac97fd80034d43db97
[12/29 20:17:07] [INFO] [HTTP] GET: http://localhost:23333/api/instance?uuid=5ef0dbceb990427491f17789401c749e&daemonId=b6fce8e5714a45578ed47f965d6262ce&token=966df4190b3e43aa8d39935ea8a5432f1735514184804
[12/29 20:17:07] [INFO] [HTTP] IP: ::1 USER: jonatasperaza UUID: c9d4ed902ec647ac97fd80034d43db97
[12/29 20:17:10] [INFO] [HTTP] GET: http://localhost:23333/api/instance?uuid=5ef0dbceb990427491f17789401c749e&daemonId=b6fce8e5714a45578ed47f965d6262ce&token=966df4190b3e43aa8d39935ea8a5432f1735514184804
[12/29 20:17:10] [INFO] [HTTP] IP: ::1 USER: jonatasperaza UUID: c9d4ed902ec647ac97fd80034d43db97
[12/29 20:17:13] [INFO] [HTTP] GET: http://localhost:23333/api/instance?uuid=5ef0dbceb990427491f17789401c749e&daemonId=b6fce8e5714a45578ed47f965d6262ce&token=966df4190b3e43aa8d39935ea8a5432f1735514184804
[12/29 20:17:13] [INFO] [HTTP] IP: ::1 USER: jonatasperaza UUID: c9d4ed902ec647ac97fd80034d43db97
[12/29 20:17:16] [INFO] [HTTP] GET: http://localhost:23333/api/instance?uuid=5ef0dbceb990427491f17789401c749e&daemonId=b6fce8e5714a45578ed47f965d6262ce&token=966df4190b3e43aa8d39935ea8a5432f1735514184804
[12/29 20:17:16] [INFO] [HTTP] IP: ::1 USER: jonatasperaza UUID: c9d4ed902ec647ac97fd80034d43db97
[12/29 20:17:19] [INFO] [HTTP] GET: http://localhost:23333/api/instance?uuid=5ef0dbceb990427491f17789401c749e&daemonId=b6fce8e5714a45578ed47f965d6262ce&token=966df4190b3e43aa8d39935ea8a5432f1735514184804
[12/29 20:17:19] [INFO] [HTTP] IP: ::1 USER: jonatasperaza UUID: c9d4ed902ec647ac97fd80034d43db97
[12/29 20:17:22] [INFO] [HTTP] GET: http://localhost:23333/api/instance?uuid=5ef0dbceb990427491f17789401c749e&daemonId=b6fce8e5714a45578ed47f965d6262ce&token=966df4190b3e43aa8d39935ea8a5432f1735514184804
[12/29 20:17:22] [INFO] [HTTP] IP: ::1 USER: jonatasperaza UUID: c9d4ed902ec647ac97fd80034d43db97
[12/29 20:17:25] [INFO] [HTTP] GET: http://localhost:23333/api/instance?uuid=5ef0dbceb990427491f17789401c749e&daemonId=b6fce8e5714a45578ed47f965d6262ce&token=966df4190b3e43aa8d39935ea8a5432f1735514184804
[12/29 20:17:25] [INFO] [HTTP] IP: ::1 USER: jonatasperaza UUID: c9d4ed902ec647ac97fd80034d43db97
[12/29 20:17:28] [INFO] [HTTP] GET: http://localhost:23333/api/instance?uuid=5ef0dbceb990427491f17789401c749e&daemonId=b6fce8e5714a45578ed47f965d6262ce&token=966df4190b3e43aa8d39935ea8a5432f1735514184804
[12/29 20:17:28] [INFO] [HTTP] IP: ::1 USER: jonatasperaza UUID: c9d4ed902ec647ac97fd80034d43db97
[12/29 20:17:31] [INFO] [HTTP] GET: http://localhost:23333/api/instance?uuid=5ef0dbceb990427491f17789401c749e&daemonId=b6fce8e5714a45578ed47f965d6262ce&token=966df4190b3e43aa8d39935ea8a5432f1735514184804
[12/29 20:17:31] [INFO] [HTTP] IP: ::1 USER: jonatasperaza UUID: c9d4ed902ec647ac97fd80034d43db97
[12/29 20:17:34] [INFO] [HTTP] GET: http://localhost:23333/api/instance?uuid=5ef0dbceb990427491f17789401c749e&daemonId=b6fce8e5714a45578ed47f965d6262ce&token=966df4190b3e43aa8d39935ea8a5432f1735514184804
[12/29 20:17:34] [INFO] [HTTP] IP: ::1 USER: jonatasperaza UUID: c9d4ed902ec647ac97fd80034d43db97
